/home/ubuntu/testing-rp-19-env/local/lib/python2.7/site-packages/pkg_resources.py:991: UserWarning: /home/ubuntu/.python-eggs is writable by group/others and vulnerable to attack when used with get_resource_filename. Consider a more secure location (set with .set_extraction_path or the PYTHON_EGG_CACHE environment variable).
  warnings.warn(msg, UserWarning)
2014:09:01 00:58:03 radical.pilot.MainProcess: [INFO    ] radical.pilot version: 0.19
2014:09:01 00:58:03 16509  MainThread   saga                  : [INFO    ] saga-python     version: 0.17
2014:09:01 00:58:03 16509  MainThread   saga.Engine           : [INFO    ] Loading  adaptor saga.adaptors.context.myproxy
2014:09:01 00:58:03 16509  MainThread   saga.Engine           : [INFO    ] Register adaptor saga.adaptors.context.myproxy for saga.Context API with URL scheme(s) ['myproxy://']
2014:09:01 00:58:03 16509  MainThread   saga.Engine           : [INFO    ] Loading  adaptor saga.adaptors.context.x509
2014:09:01 00:58:03 16509  MainThread   saga.Engine           : [INFO    ] Register adaptor saga.adaptors.context.x509 for saga.Context API with URL scheme(s) ['x509://']
2014:09:01 00:58:03 16509  MainThread   saga.Engine           : [INFO    ] Loading  adaptor saga.adaptors.context.ssh
2014:09:01 00:58:03 16509  MainThread   saga.Engine           : [INFO    ] Register adaptor saga.adaptors.context.ssh for saga.Context API with URL scheme(s) ['ssh://']
2014:09:01 00:58:03 16509  MainThread   saga.Engine           : [INFO    ] Loading  adaptor saga.adaptors.context.userpass
2014:09:01 00:58:03 16509  MainThread   saga.Engine           : [INFO    ] Register adaptor saga.adaptors.context.userpass for saga.Context API with URL scheme(s) ['userpass://']
2014:09:01 00:58:03 16509  MainThread   saga.Engine           : [INFO    ] Loading  adaptor saga.adaptors.shell.shell_job
2014:09:01 00:58:03 16509  MainThread   saga.Engine           : [INFO    ] Register adaptor saga.adaptors.shell.shell_job for saga.job.Service API with URL scheme(s) ['fork://', 'local://', 'ssh://', 'gsissh://']
2014:09:01 00:58:03 16509  MainThread   saga.Engine           : [INFO    ] Register adaptor saga.adaptors.shell.shell_job for saga.job.Job API with URL scheme(s) ['fork://', 'local://', 'ssh://', 'gsissh://']
2014:09:01 00:58:03 16509  MainThread   saga.Engine           : [INFO    ] Loading  adaptor saga.adaptors.shell.shell_file
2014:09:01 00:58:03 16509  MainThread   saga.Engine           : [INFO    ] Register adaptor saga.adaptors.shell.shell_file for saga.namespace.Directory API with URL scheme(s) ['file://', 'local://', 'sftp://', 'gsisftp://', 'ssh://', 'gsissh://']
2014:09:01 00:58:03 16509  MainThread   saga.Engine           : [INFO    ] Register adaptor saga.adaptors.shell.shell_file for saga.namespace.Entry API with URL scheme(s) ['file://', 'local://', 'sftp://', 'gsisftp://', 'ssh://', 'gsissh://']
2014:09:01 00:58:03 16509  MainThread   saga.Engine           : [INFO    ] Register adaptor saga.adaptors.shell.shell_file for saga.filesystem.Directory API with URL scheme(s) ['file://', 'local://', 'sftp://', 'gsisftp://', 'ssh://', 'gsissh://']
2014:09:01 00:58:03 16509  MainThread   saga.Engine           : [INFO    ] Register adaptor saga.adaptors.shell.shell_file for saga.filesystem.File API with URL scheme(s) ['file://', 'local://', 'sftp://', 'gsisftp://', 'ssh://', 'gsissh://']
2014:09:01 00:58:03 16509  MainThread   saga.Engine           : [INFO    ] Loading  adaptor saga.adaptors.shell.shell_resource
2014:09:01 00:58:03 16509  MainThread   saga.Engine           : [WARNING ] Skipping adaptor saga.adaptors.shell.shell_resource: beta versions are disabled (v0.1.beta)
2014:09:01 00:58:03 16509  MainThread   saga.Engine           : [INFO    ] Loading  adaptor saga.adaptors.redis.redis_advert
2014:09:01 00:58:03 16509  MainThread   saga.Engine           : [ERROR   ] Skipping adaptor saga.adaptors.redis.redis_advert 1: module loading failed: No module named redis
2014:09:01 00:58:03 16509  MainThread   saga.Engine           : [INFO    ] Loading  adaptor saga.adaptors.sge.sgejob
2014:09:01 00:58:03 16509  MainThread   saga.Engine           : [INFO    ] Register adaptor saga.adaptors.sge.sgejob for saga.job.Service API with URL scheme(s) ['sge://', 'sge+ssh://', 'sge+gsissh://']
2014:09:01 00:58:03 16509  MainThread   saga.Engine           : [INFO    ] Register adaptor saga.adaptors.sge.sgejob for saga.job.Job API with URL scheme(s) ['sge://', 'sge+ssh://', 'sge+gsissh://']
2014:09:01 00:58:03 16509  MainThread   saga.Engine           : [INFO    ] Loading  adaptor saga.adaptors.pbs.pbsjob
2014:09:01 00:58:03 16509  MainThread   saga.Engine           : [INFO    ] Register adaptor saga.adaptors.pbs.pbsjob for saga.job.Service API with URL scheme(s) ['pbs://', 'pbs+ssh://', 'pbs+gsissh://']
2014:09:01 00:58:03 16509  MainThread   saga.Engine           : [INFO    ] Register adaptor saga.adaptors.pbs.pbsjob for saga.job.Job API with URL scheme(s) ['pbs://', 'pbs+ssh://', 'pbs+gsissh://']
2014:09:01 00:58:03 16509  MainThread   saga.Engine           : [INFO    ] Loading  adaptor saga.adaptors.lsf.lsfjob
2014:09:01 00:58:03 16509  MainThread   saga.Engine           : [INFO    ] Register adaptor saga.adaptors.lsf.lsfjob for saga.job.Service API with URL scheme(s) ['lsf://', 'lsf+ssh://', 'lsf+gsissh://']
2014:09:01 00:58:03 16509  MainThread   saga.Engine           : [INFO    ] Register adaptor saga.adaptors.lsf.lsfjob for saga.job.Job API with URL scheme(s) ['lsf://', 'lsf+ssh://', 'lsf+gsissh://']
2014:09:01 00:58:03 16509  MainThread   saga.Engine           : [INFO    ] Loading  adaptor saga.adaptors.irods.irods_replica
2014:09:01 00:58:03 16509  MainThread   saga.Engine           : [ERROR   ] Skipping adaptor saga.adaptors.irods.irods_replica: failed self test: Could not run iRODS/ils.  Check iRODSenvironment and certificates ('module' object has no attribute 'logger') (/home/ubuntu/testing-rp-19-env/local/lib/python2.7/site-packages/saga_python-0.17-py2.7.egg/saga/adaptors/irods/irods_replica.py +200 (sanity_check)  :  "environment and certificates (%s)" % ex))
2014:09:01 00:58:03 16509  MainThread   saga.Engine           : [INFO    ] Loading  adaptor saga.adaptors.condor.condorjob
2014:09:01 00:58:03 16509  MainThread   saga.Engine           : [INFO    ] Register adaptor saga.adaptors.condor.condorjob for saga.job.Service API with URL scheme(s) ['condor://', 'condor+ssh://', 'condor+gsissh://']
2014:09:01 00:58:03 16509  MainThread   saga.Engine           : [INFO    ] Register adaptor saga.adaptors.condor.condorjob for saga.job.Job API with URL scheme(s) ['condor://', 'condor+ssh://', 'condor+gsissh://']
2014:09:01 00:58:03 16509  MainThread   saga.Engine           : [INFO    ] Loading  adaptor saga.adaptors.slurm.slurm_job
2014:09:01 00:58:03 16509  MainThread   saga.Engine           : [INFO    ] Register adaptor saga.adaptors.slurm.slurm_job for saga.job.Service API with URL scheme(s) ['slurm://', 'slurm+ssh://', 'slurm+gsissh://']
2014:09:01 00:58:03 16509  MainThread   saga.Engine           : [INFO    ] Register adaptor saga.adaptors.slurm.slurm_job for saga.job.Job API with URL scheme(s) ['slurm://', 'slurm+ssh://', 'slurm+gsissh://']
2014:09:01 00:58:03 16509  MainThread   saga.Engine           : [INFO    ] Loading  adaptor saga.adaptors.http.http_file
2014:09:01 00:58:03 16509  MainThread   saga.Engine           : [INFO    ] Register adaptor saga.adaptors.http.http_file for saga.namespace.Entry API with URL scheme(s) ['http://', 'https://']
2014:09:01 00:58:03 16509  MainThread   saga.Engine           : [INFO    ] Register adaptor saga.adaptors.http.http_file for saga.filesystem.File API with URL scheme(s) ['http://', 'https://']
2014:09:01 00:58:03 16509  MainThread   saga.Engine           : [INFO    ] Loading  adaptor saga.adaptors.aws.ec2_resource
2014:09:01 00:58:03 16509  MainThread   saga.Engine           : [INFO    ] Register adaptor saga.adaptors.aws.ec2_resource for saga.Context API with URL scheme(s) ['ec2://', 'ec2_keypair://', 'openstack://', 'eucalyptus://', 'euca://', 'aws://', 'amazon://', 'http://', 'https://']
2014:09:01 00:58:03 16509  MainThread   saga.Engine           : [INFO    ] Register adaptor saga.adaptors.aws.ec2_resource for saga.resource.Manager API with URL scheme(s) ['ec2://', 'ec2_keypair://', 'openstack://', 'eucalyptus://', 'euca://', 'aws://', 'amazon://', 'http://', 'https://']
2014:09:01 00:58:03 16509  MainThread   saga.Engine           : [INFO    ] Register adaptor saga.adaptors.aws.ec2_resource for saga.resource.Compute API with URL scheme(s) ['ec2://', 'ec2_keypair://', 'openstack://', 'eucalyptus://', 'euca://', 'aws://', 'amazon://', 'http://', 'https://']
2014:09:01 00:58:03 16509  MainThread   saga.Engine           : [INFO    ] Loading  adaptor saga.adaptors.loadl.loadljob
2014:09:01 00:58:03 16509  MainThread   saga.Engine           : [INFO    ] Register adaptor saga.adaptors.loadl.loadljob for saga.job.Service API with URL scheme(s) ['loadl://', 'loadl+ssh://', 'loadl+gsissh://']
2014:09:01 00:58:03 16509  MainThread   saga.Engine           : [INFO    ] Register adaptor saga.adaptors.loadl.loadljob for saga.job.Job API with URL scheme(s) ['loadl://', 'loadl+ssh://', 'loadl+gsissh://']
2014:09:01 00:58:03 16509  MainThread   saga.saga.adaptor.ssh : [INFO    ] ignore ssh key at /home/ubuntu/.ssh/authorized_keys (no public key: /home/ubuntu/.ssh/authorized_keys.pub)
2014:09:01 00:58:03 16509  MainThread   saga.saga.adaptor.ssh : [INFO    ] ignore ssh key at /home/ubuntu/.ssh/config (no public key: /home/ubuntu/.ssh/config.pub)
2014:09:01 00:58:03 16509  MainThread   saga.saga.adaptor.ssh : [INFO    ] default ssh key at /home/ubuntu/.ssh/trestles_rsa
2014:09:01 00:58:03 16509  MainThread   saga.saga.adaptor.ssh : [INFO    ] ignore ssh key at /home/ubuntu/.ssh/known_hosts (no public key: /home/ubuntu/.ssh/known_hosts.pub)
2014:09:01 00:58:03 16509  MainThread   saga.DefaultSession   : [DEBUG   ] adding  context : {'LifeTime' : '-1', 'Type' : 'ssh', 'UserCert' : '/home/ubuntu/.ssh/trestles_rsa.pub', 'UserKey' : '/home/ubuntu/.ssh/trestles_rsa'}
2014:09:01 00:58:03 16509  MainThread   saga.ContextSSH       : [INFO    ] init SSH context for key  at '/home/ubuntu/.ssh/trestles_rsa' done
2014:09:01 00:58:03 16509  MainThread   saga.DefaultSession   : [DEBUG   ] default context [saga.adaptor.ssh    ] : {'LifeTime' : '-1', 'Type' : 'ssh', 'UserCert' : '/home/ubuntu/.ssh/trestles_rsa.pub', 'UserKey' : '/home/ubuntu/.ssh/trestles_rsa'}
2014:09:01 00:58:03 radical.pilot.MainProcess: [INFO    ] using database url  mongodb://ec2-184-72-89-141.compute-1.amazonaws.com:27017/
2014:09:01 00:58:03 radical.pilot.MainProcess: [INFO    ] using database name radicalpilot
2014:09:01 00:58:03 radical.pilot.MainProcess: [INFO    ] Loaded resource configurations from /home/ubuntu/testing-rp-19-env/local/lib/python2.7/site-packages/radical.pilot-0.19-py2.7.egg/radical/pilot/configs/xsede.json
2014:09:01 00:58:03 radical.pilot.MainProcess: [INFO    ] Loaded resource configurations from /home/ubuntu/testing-rp-19-env/local/lib/python2.7/site-packages/radical.pilot-0.19-py2.7.egg/radical/pilot/configs/ncar.json
2014:09:01 00:58:03 radical.pilot.MainProcess: [INFO    ] Loaded resource configurations from /home/ubuntu/testing-rp-19-env/local/lib/python2.7/site-packages/radical.pilot-0.19-py2.7.egg/radical/pilot/configs/das4.json
2014:09:01 00:58:03 radical.pilot.MainProcess: [INFO    ] Loaded resource configurations from /home/ubuntu/testing-rp-19-env/local/lib/python2.7/site-packages/radical.pilot-0.19-py2.7.egg/radical/pilot/configs/epsrc.json
2014:09:01 00:58:03 radical.pilot.MainProcess: [INFO    ] Loaded resource configurations from /home/ubuntu/testing-rp-19-env/local/lib/python2.7/site-packages/radical.pilot-0.19-py2.7.egg/radical/pilot/configs/localhost.json
2014:09:01 00:58:03 radical.pilot.MainProcess: [INFO    ] Loaded resource configurations from /home/ubuntu/testing-rp-19-env/local/lib/python2.7/site-packages/radical.pilot-0.19-py2.7.egg/radical/pilot/configs/lrz.json
2014:09:01 00:58:03 radical.pilot.MainProcess: [INFO    ] Loaded resource configurations from /home/ubuntu/testing-rp-19-env/local/lib/python2.7/site-packages/radical.pilot-0.19-py2.7.egg/radical/pilot/configs/futuregrid.json
2014:09:01 00:58:03 radical.pilot.MainProcess: [INFO    ] Loaded resource configurations from /home/ubuntu/testing-rp-19-env/local/lib/python2.7/site-packages/radical.pilot-0.19-py2.7.egg/radical/pilot/configs/iu.json
2014:09:01 00:58:04 radical.pilot.MainProcess: [INFO    ] New Session created{'database_url': 'mongodb://ec2-184-72-89-141.compute-1.amazonaws.com:27017/', 'database_name': 'radicalpilot', 'last_reconnect': None, 'uid': '5403c49b198220407d8e64bb', 'created': datetime.datetime(2014, 9, 1, 0, 58, 3, 888333)}.
2014:09:01 00:58:04 16509  MainThread   saga.radical.pilot.Session: [DEBUG   ] adding  context : {'LifeTime' : '-1', 'Type' : 'ssh', 'UserID' : 'antonst'}
2014:09:01 00:58:04 radical.pilot.MainProcess: [DEBUG   ] Worker thread (ID: Thread-1[-1244660928]) for PilotManager 5403c49c198220407d8e64bc started.
2014:09:01 00:58:04 radical.pilot.MainProcess: [DEBUG   ] Connected to MongoDB. Serving requests for PilotManager 5403c49c198220407d8e64bc.
2014:09:01 00:58:04 radical.pilot.MainProcess: [DEBUG   ] PTYShell init <saga.utils.pty_shell.PTYShell object at 0xb6969f0c>
2014:09:01 00:58:04 radical.pilot.MainProcess: [INFO    ] PTY prompt pattern: [\$#%>\]]\s*$
2014:09:01 00:58:04 radical.pilot.MainProcess: [DEBUG   ] open master pty for [ssh] [antonst@login.archer.ac.uk] antonst: /usr/bin/env TERM=vt100  "/usr/bin/ssh"   -t -o IdentityFile=/home/ubuntu/.ssh/trestles_rsa   -o ControlMaster=yes -o ControlPath=/tmp/saga_ssh_ubuntu_%h_%p.antonst.ctrl  antonst@login.archer.ac.uk'
2014:09:01 00:58:04 radical.pilot.MainProcess: [DEBUG   ] PTYProcess init <saga.utils.pty_process.PTYProcess object at 0xb697010c>
2014:09:01 00:58:04 radical.pilot.MainProcess: [INFO    ] running: /usr/bin/env TERM=vt100 /usr/bin/ssh -t -o IdentityFile=/home/ubuntu/.ssh/trestles_rsa -o ControlMaster=yes -o ControlPath=/tmp/saga_ssh_ubuntu_%h_%p.antonst.ctrl antonst@login.archer.ac.uk
2014:09:01 00:58:04 radical.pilot.MainProcess: [DEBUG   ] write: [    6] [   33] ( export PS1='$' ; set prompt='$'\n)
2014:09:01 00:58:05 radical.pilot.MainProcess: [DEBUG   ] write: [    6] [   51] ( export PS1='$' > /dev/null 2>&1 || set prompt='$'\n)
2014:09:01 00:58:05 radical.pilot.MainProcess: [DEBUG   ] write: [    6] [   28] ( printf 'HELLO_%d_SAGA\n' 1\n)
2014:09:01 00:58:05 radical.pilot.MainProcess: [DEBUG   ] read : [    6] [  730] (------------------------------ ... --------------------------\n\n)
2014:09:01 00:58:06 radical.pilot.MainProcess: [DEBUG   ] read : [    6] [   74] (Last login: Mon Sep  1 01:25:45 2014 from ool-18b904de.dyn.optonline.net\n)
2014:09:01 00:58:06 radical.pilot.MainProcess: [DEBUG   ] read : [    6] [  514] (================================================================================\nlogin.archer.ac.uk\n--------------------------------------------------------------------------------\n\nFor assistance please contact the service helpdesk at: support@archer.ac.uk\n\n--------------------------------------------------------------------------------\n\nIf you are not authorised to use this account then you must logout immediately.\n\n================================================================================\n)
2014:09:01 00:58:06 radical.pilot.MainProcess: [DEBUG   ] write: [    6] [   51] ( export PS1='$' > /dev/null 2>&1 || set prompt='$'\n)
2014:09:01 00:58:06 radical.pilot.MainProcess: [DEBUG   ] write: [    6] [   28] ( printf 'HELLO_%d_SAGA\n' 2\n)
2014:09:01 00:58:06 radical.pilot.MainProcess: [DEBUG   ] read : [    6] [   55] (antonst@eslogin006:~> $$HELLO_1_SAGA\n$$HELLO_2_SAGA\n$)
2014:09:01 00:58:06 radical.pilot.MainProcess: [DEBUG   ] got shell prompt trigger (4) (--------------------------------------------------------------------------------
This is a private computing facility. Access to this system is limited to those
who have been granted access by the operating service provider on behalf of the
issuing authority and use is restricted to the purposes for which access was
granted. All access and usage are governed by the terms and conditions of access
agreed to by all registered users and are thus subject to the provisions of the
Computer Misuse Act, 1990 under which unauthorised use is a criminal offence.

If you are not authorised to use this service you must disconnect immediately.
--------------------------------------------------------------------------------

Last login: Mon Sep  1 01:25:45 2014 from ool-18b904de.dyn.optonline.net
================================================================================
login.archer.ac.uk
--------------------------------------------------------------------------------

For assistance please contact the service helpdesk at: support@archer.ac.uk

--------------------------------------------------------------------------------

If you are not authorised to use this account then you must logout immediately.

================================================================================
antonst@eslogin006:~> $$HELLO_1_SAGA
$$HELLO_2_SAGA)
2014:09:01 00:58:06 radical.pilot.MainProcess: [DEBUG   ] got initial shell prompt (5) (
$)
2014:09:01 00:58:06 radical.pilot.MainProcess: [DEBUG   ] Got initial shell prompt (5) (
$)
2014:09:01 00:58:06 radical.pilot.MainProcess: [DEBUG   ] PTYProcess init <saga.utils.pty_process.PTYProcess object at 0xb697018c>
2014:09:01 00:58:06 radical.pilot.MainProcess: [INFO    ] running: /usr/bin/env TERM=vt100 /usr/bin/ssh -t -o IdentityFile=/home/ubuntu/.ssh/trestles_rsa -o ControlMaster=no -o ControlPath=/tmp/saga_ssh_ubuntu_%h_%p.antonst.ctrl antonst@login.archer.ac.uk
2014:09:01 00:58:06 radical.pilot.MainProcess: [DEBUG   ] write: [    7] [   33] ( export PS1='$' ; set prompt='$'\n)
2014:09:01 00:58:07 radical.pilot.MainProcess: [DEBUG   ] read : [    7] [   71] (Last login: Mon Sep  1 01:58:06 2014 from vm-149-18.uc.futuregrid.org\n)
2014:09:01 00:58:07 radical.pilot.MainProcess: [DEBUG   ] read : [    7] [  514] (================================================================================\nlogin.archer.ac.uk\n--------------------------------------------------------------------------------\n\nFor assistance please contact the service helpdesk at: support@archer.ac.uk\n\n--------------------------------------------------------------------------------\n\nIf you are not authorised to use this account then you must logout immediately.\n\n================================================================================\n)
2014:09:01 00:58:07 radical.pilot.MainProcess: [DEBUG   ] read : [    7] [   23] (antonst@eslogin006:~> $)
2014:09:01 00:58:07 radical.pilot.MainProcess: [DEBUG   ] got initial shell prompt (5) (Last login: Mon Sep  1 01:58:06 2014 from vm-149-18.uc.futuregrid.org
================================================================================
login.archer.ac.uk
--------------------------------------------------------------------------------

For assistance please contact the service helpdesk at: support@archer.ac.uk

--------------------------------------------------------------------------------

If you are not authorised to use this account then you must logout immediately.

================================================================================
antonst@eslogin006:~> $)
2014:09:01 00:58:07 radical.pilot.MainProcess: [DEBUG   ] Got initial shell prompt (5) (Last login: Mon Sep  1 01:58:06 2014 from vm-149-18.uc.futuregrid.org
================================================================================
login.archer.ac.uk
--------------------------------------------------------------------------------

For assistance please contact the service helpdesk at: support@archer.ac.uk

--------------------------------------------------------------------------------

If you are not authorised to use this account then you must logout immediately.

================================================================================
antonst@eslogin006:~> $)
2014:09:01 00:58:07 radical.pilot.MainProcess: [DEBUG   ] running command shell:         exec /bin/sh -i
2014:09:01 00:58:07 radical.pilot.MainProcess: [DEBUG   ] write: [    7] [   47] ( stty -echo ; unset HISTFILE ; exec /bin/sh -i\n)
2014:09:01 00:58:07 radical.pilot.MainProcess: [DEBUG   ] read : [    7] [   14] (eslogin006:~> )
2014:09:01 00:58:07 radical.pilot.MainProcess: [DEBUG   ] write: [    7] [  100] ( unset PROMPT_COMMAND ;  unset HISTFILE ; PS1='PROMPT-$?->'; PS2=''; export PS1 PS2 2>&1 >/dev/null\n)
2014:09:01 00:58:07 radical.pilot.MainProcess: [DEBUG   ] read : [    7] [   10] (PROMPT-0->)
2014:09:01 00:58:07 radical.pilot.MainProcess: [DEBUG   ] got new shell prompt
2014:09:01 00:58:07 radical.pilot.MainProcess: [DEBUG   ] run_sync: echo "WORKDIR: /fs4/`id -gn`/`id -gn`/$USER"
2014:09:01 00:58:07 radical.pilot.MainProcess: [DEBUG   ] write: [    7] [   45] (echo "WORKDIR: /fs4/`id -gn`/`id -gn`/$USER"\n)
2014:09:01 00:58:07 radical.pilot.MainProcess: [DEBUG   ] read : [    7] [   43] (WORKDIR: /fs4/e290/e290/antonst\nPROMPT-0->)
2014:09:01 00:58:07 radical.pilot.MainProcess: [DEBUG   ] Determined remote working directory for sftp://login.archer.ac.uk/: '/fs4/e290/e290/antonst'
2014:09:01 00:58:07 radical.pilot.MainProcess: [DEBUG   ] PTYShell del  <saga.utils.pty_shell.PTYShell object at 0xb6969f0c>
2014:09:01 00:58:07 radical.pilot.MainProcess: [INFO    ] Launching ComputePilot {u'state': u'PendingLaunch', u'commands': [], u'description': {u'project': u'e290', u'resource': u'archer.ac.uk', u'queue': u'debug', u'sandbox': None, u'cleanup': None, u'pilot_agent_priv': None, u'memory': None, u'cores': 8, u'runtime': 5}, u'sagajobid': None, u'started': None, u'cores_per_node': None, u'output_transfer_started': None, u'finished': None, u'submitted': datetime.datetime(2014, 9, 1, 0, 58, 7, 903000), u'output_transfer_finished': None, u'sandbox': u'sftp://login.archer.ac.uk/fs4/e290/e290/antonst/radical.pilot.sandbox/pilot-5403c49c198220407d8e64bd/', u'pilotmanager': u'5403c49c198220407d8e64bc', u'unitmanager': None, u'heartbeat': None, u'statehistory': [{u'timestamp': datetime.datetime(2014, 9, 1, 0, 58, 7, 902000), u'state': u'PendingLaunch'}], u'input_transfer_started': None, u'_id': ObjectId('5403c49c198220407d8e64bd'), u'input_transfer_finished': None, u'nodes': None, u'log': []}
2014:09:01 00:58:07 radical.pilot.MainProcess: [INFO    ] Using pilot agent /home/ubuntu/testing-rp-19-env/lib/python2.7/site-packages/radical.pilot-0.19-py2.7.egg/radical/pilot/agent/radical-pilot-agent-multicore.py
2014:09:01 00:58:07 radical.pilot.MainProcess: [INFO    ] Using bootstrapper /home/ubuntu/testing-rp-19-env/lib/python2.7/site-packages/radical.pilot-0.19-py2.7.egg/radical/pilot/bootstrapper/default_bootstrapper.sh
2014:09:01 00:58:07 radical.pilot.MainProcess: [DEBUG   ] Creating agent sandbox 'sftp://login.archer.ac.uk/fs4/e290/e290/antonst/radical.pilot.sandbox/pilot-5403c49c198220407d8e64bd/'.
2014:09:01 00:58:07 16509  PilotLauncherWorker-1 saga.ShellDirectory   : [DEBUG   ] PTYShell init <saga.utils.pty_shell.PTYShell object at 0xb665b70c>
2014:09:01 00:58:07 16509  PilotLauncherWorker-1 saga.ShellDirectory   : [INFO    ] PTY prompt pattern: [\$#%>\]]\s*$
2014:09:01 00:58:07 radical.pilot.MainProcess: [DEBUG   ] PTYProcess init <saga.utils.pty_process.PTYProcess object at 0xb665b84c>
2014:09:01 00:58:07 radical.pilot.MainProcess: [INFO    ] running: /usr/bin/env TERM=vt100 /usr/bin/ssh -t -o IdentityFile=/home/ubuntu/.ssh/trestles_rsa -o ControlMaster=no -o ControlPath=/tmp/saga_ssh_ubuntu_%h_%p.antonst.ctrl antonst@login.archer.ac.uk
2014:09:01 00:58:07 radical.pilot.MainProcess: [DEBUG   ] write: [    8] [   33] ( export PS1='$' ; set prompt='$'\n)
2014:09:01 00:58:08 radical.pilot.MainProcess: [DEBUG   ] PTYProcess del  <saga.utils.pty_process.PTYProcess object at 0xb697018c>
2014:09:01 00:58:08 radical.pilot.MainProcess: [INFO    ] Starting InputFileTransferWorker
2014:09:01 00:58:08 radical.pilot.MainProcess: [INFO    ] Starting InputFileTransferWorker
2014:09:01 00:58:08 radical.pilot.MainProcess: [DEBUG   ] Worker thread (ID: Thread-3[-1297089728]) for UnitManager 5403c4a0198220407d8e64be started.
2014:09:01 00:58:08 radical.pilot.MainProcess: [INFO    ] Loaded scheduler: BackfillingScheduler.
2014:09:01 00:58:08 radical.pilot.MainProcess: [DEBUG   ] Connected to MongoDB. Serving requests for UnitManager 5403c4a0198220407d8e64be.
2014:09:01 00:58:08 radical.pilot.MainProcess: [DEBUG   ] Connected to MongoDB. Serving requests for UnitManager 5403c4a0198220407d8e64be.
2014:09:01 00:58:08 radical.pilot.MainProcess: [DEBUG   ] Connected to MongoDB. Serving requests for UnitManager 5403c4a0198220407d8e64be.
2014:09:01 00:58:08 radical.pilot.MainProcess: [DEBUG   ] Connected to MongoDB. Serving requests for UnitManager 5403c4a0198220407d8e64be.
2014:09:01 00:58:08 radical.pilot.MainProcess: [INFO    ] 0 units remain unscheduled
2014:09:01 00:58:08 radical.pilot.MainProcess: [DEBUG   ] read : [    8] [  585] (Last login: Mon Sep  1 01:58:07 2014 from vm-149-18.uc.futuregrid.org\n================================================================================\nlogin.archer.ac.uk\n--------------------------------------------------------------------------------\n\nFor assistance please contact the service helpdesk at: support@archer.ac.uk\n\n--------------------------------------------------------------------------------\n\nIf you are not authorised to use this account then you must logout immediately.\n\n================================================================================\n)
2014:09:01 00:58:08 radical.pilot.MainProcess: [INFO    ] 4 units remain unscheduled
2014:09:01 00:58:08 radical.pilot.MainProcess: [DEBUG   ] skipping empty unit schedule
2014:09:01 00:58:08 radical.pilot.MainProcess: [INFO    ] ComputePilot '5403c49c198220407d8e64bd' state changed from 'PendingLaunch' to 'Launching'.
2014:09:01 00:58:08 radical.pilot.MainProcess: [DEBUG   ] [SchedulerCallback]: ComputePilot 5403c49c198220407d8e64bd changed to Launching
2014:09:01 00:58:08 radical.pilot.MainProcess: [DEBUG   ] read : [    8] [   22] (antonst@eslogin006:~> )
2014:09:01 00:58:08 radical.pilot.MainProcess: [DEBUG   ] got initial shell prompt (5) (Last login: Mon Sep  1 01:58:07 2014 from vm-149-18.uc.futuregrid.org
================================================================================
login.archer.ac.uk
--------------------------------------------------------------------------------

For assistance please contact the service helpdesk at: support@archer.ac.uk

--------------------------------------------------------------------------------

If you are not authorised to use this account then you must logout immediately.

================================================================================
antonst@eslogin006:~> )
2014:09:01 00:58:08 radical.pilot.MainProcess: [DEBUG   ] Got initial shell prompt (5) (Last login: Mon Sep  1 01:58:07 2014 from vm-149-18.uc.futuregrid.org
================================================================================
login.archer.ac.uk
--------------------------------------------------------------------------------

For assistance please contact the service helpdesk at: support@archer.ac.uk

--------------------------------------------------------------------------------

If you are not authorised to use this account then you must logout immediately.

================================================================================
antonst@eslogin006:~> )
2014:09:01 00:58:08 16509  PilotLauncherWorker-1 saga.ShellDirectory   : [DEBUG   ] running command shell:         exec /bin/sh -i
2014:09:01 00:58:08 radical.pilot.MainProcess: [DEBUG   ] write: [    8] [   47] ( stty -echo ; unset HISTFILE ; exec /bin/sh -i\n)
2014:09:01 00:58:08 radical.pilot.MainProcess: [DEBUG   ] read : [    8] [    1] ($)
2014:09:01 00:58:08 radical.pilot.MainProcess: [DEBUG   ] write: [    8] [  100] ( unset PROMPT_COMMAND ;  unset HISTFILE ; PS1='PROMPT-$?->'; PS2=''; export PS1 PS2 2>&1 >/dev/null\n)
2014:09:01 00:58:08 radical.pilot.MainProcess: [DEBUG   ] read : [    8] [   24] (eslogin006:~> PROMPT-0->)
2014:09:01 00:58:08 16509  PilotLauncherWorker-1 saga.ShellDirectory   : [DEBUG   ] got new shell prompt
2014:09:01 00:58:08 16509  PilotLauncherWorker-1 saga.ShellDirectory   : [DEBUG   ] run_sync: mkdir -p '/fs4/e290/e290/antonst/radical.pilot.sandbox/pilot-5403c49c198220407d8e64bd' ;  cd '/fs4/e290/e290/antonst/radical.pilot.sandbox/pilot-5403c49c198220407d8e64bd'
2014:09:01 00:58:08 radical.pilot.MainProcess: [DEBUG   ] write: [    8] [  171] (mkdir -p '/fs4/e290/e290/antonst/radical.pilot.sandbox/pilot-5403c49c198220407d8e64bd' ;  cd '/fs4/e290/e290/antonst/radical.pilot.sandbox/pilot-5403c49c198220407d8e64bd'\n)
2014:09:01 00:58:08 radical.pilot.MainProcess: [DEBUG   ] read : [    8] [   10] (PROMPT-0->)
2014:09:01 00:58:08 16509  PilotLauncherWorker-1 saga.ShellDirectory   : [DEBUG   ] initialized directory (0)()
2014:09:01 00:58:08 16509  PilotLauncherWorker-1 saga.ShellDirectory   : [DEBUG   ] PTYShell init <saga.utils.pty_shell.PTYShell object at 0xb6969dac>
2014:09:01 00:58:08 16509  PilotLauncherWorker-1 saga.ShellDirectory   : [INFO    ] PTY prompt pattern: [\$#%>\]]\s*$
2014:09:01 00:58:08 16509  PilotLauncherWorker-1 saga.ShellDirectory   : [DEBUG   ] open master pty for [sh] [localhost] ubuntu: /usr/bin/env TERM=vt100  "/bin/bash"  -i'
2014:09:01 00:58:08 16509  PilotLauncherWorker-1 saga.ShellDirectory   : [DEBUG   ] PTYProcess init <saga.utils.pty_process.PTYProcess object at 0xb66a122c>
2014:09:01 00:58:08 16509  PilotLauncherWorker-1 saga.ShellDirectory   : [INFO    ] running: /usr/bin/env TERM=vt100 /bin/bash -i
2014:09:01 00:58:08 16509  PilotLauncherWorker-1 saga.ShellDirectory   : [DEBUG   ] write: [   12] [   33] ( export PS1='$' ; set prompt='$'\n)
2014:09:01 00:58:09 16509  PilotLauncherWorker-1 saga.ShellDirectory   : [DEBUG   ] read : [   12] [   55] (ubuntu@vm-149-18:~/rp-19-testing/radical.pilot/tests$ $)
2014:09:01 00:58:09 16509  PilotLauncherWorker-1 saga.ShellDirectory   : [DEBUG   ] got initial shell prompt (5) (ubuntu@vm-149-18:~/rp-19-testing/radical.pilot/tests$ $)
2014:09:01 00:58:09 16509  PilotLauncherWorker-1 saga.ShellDirectory   : [DEBUG   ] Got initial shell prompt (5) (ubuntu@vm-149-18:~/rp-19-testing/radical.pilot/tests$ $)
2014:09:01 00:58:09 16509  PilotLauncherWorker-1 saga.ShellDirectory   : [DEBUG   ] PTYProcess init <saga.utils.pty_process.PTYProcess object at 0xb699d34c>
2014:09:01 00:58:09 16509  PilotLauncherWorker-1 saga.ShellDirectory   : [INFO    ] running: /usr/bin/env TERM=vt100 /bin/bash -i
2014:09:01 00:58:09 16509  PilotLauncherWorker-1 saga.ShellDirectory   : [DEBUG   ] write: [   13] [   33] ( export PS1='$' ; set prompt='$'\n)
2014:09:01 00:58:09 16509  PilotLauncherWorker-1 saga.ShellDirectory   : [DEBUG   ] read : [   13] [   55] (ubuntu@vm-149-18:~/rp-19-testing/radical.pilot/tests$ $)
2014:09:01 00:58:09 16509  PilotLauncherWorker-1 saga.ShellDirectory   : [DEBUG   ] got initial shell prompt (5) (ubuntu@vm-149-18:~/rp-19-testing/radical.pilot/tests$ $)
2014:09:01 00:58:09 16509  PilotLauncherWorker-1 saga.ShellDirectory   : [DEBUG   ] Got initial shell prompt (5) (ubuntu@vm-149-18:~/rp-19-testing/radical.pilot/tests$ $)
2014:09:01 00:58:09 16509  PilotLauncherWorker-1 saga.ShellDirectory   : [DEBUG   ] running command shell:         exec /bin/sh -i
2014:09:01 00:58:09 16509  PilotLauncherWorker-1 saga.ShellDirectory   : [DEBUG   ] write: [   13] [   47] ( stty -echo ; unset HISTFILE ; exec /bin/sh -i\n)
2014:09:01 00:58:09 16509  PilotLauncherWorker-1 saga.ShellDirectory   : [DEBUG   ] read : [   13] [    1] ($)
2014:09:01 00:58:09 16509  PilotLauncherWorker-1 saga.ShellDirectory   : [DEBUG   ] write: [   13] [  100] ( unset PROMPT_COMMAND ;  unset HISTFILE ; PS1='PROMPT-$?->'; PS2=''; export PS1 PS2 2>&1 >/dev/null\n)
2014:09:01 00:58:09 16509  PilotLauncherWorker-1 saga.ShellDirectory   : [DEBUG   ] read : [   13] [   10] (PROMPT-0->)
2014:09:01 00:58:09 16509  PilotLauncherWorker-1 saga.ShellDirectory   : [DEBUG   ] got new shell prompt
2014:09:01 00:58:09 16509  PilotLauncherWorker-1 saga.ShellDirectory   : [DEBUG   ] run_sync: cd /home/ubuntu/rp-19-testing/radical.pilot/tests
2014:09:01 00:58:09 16509  PilotLauncherWorker-1 saga.ShellDirectory   : [DEBUG   ] write: [   13] [   50] (cd /home/ubuntu/rp-19-testing/radical.pilot/tests\n)
2014:09:01 00:58:09 16509  PilotLauncherWorker-1 saga.ShellDirectory   : [DEBUG   ] read : [   13] [   10] (PROMPT-0->)
2014:09:01 00:58:09 16509  PilotLauncherWorker-1 saga.ShellDirectory   : [DEBUG   ] PTYShell del  <saga.utils.pty_shell.PTYShell object at 0xb665b70c>
2014:09:01 00:58:09 radical.pilot.MainProcess: [DEBUG   ] PTYProcess del  <saga.utils.pty_process.PTYProcess object at 0xb665b84c>
2014:09:01 00:58:09 16509  PilotLauncherWorker-1 saga.ShellDirectory   : [DEBUG   ] PTYShell del  <saga.utils.pty_shell.PTYShell object at 0xb6969dac>
2014:09:01 00:58:09 16509  PilotLauncherWorker-1 saga.ShellDirectory   : [DEBUG   ] PTYProcess del  <saga.utils.pty_process.PTYProcess object at 0xb699d34c>
2014:09:01 00:58:09 radical.pilot.MainProcess: [DEBUG   ] Copying bootstrapper 'file://localhost//home/ubuntu/testing-rp-19-env/lib/python2.7/site-packages/radical.pilot-0.19-py2.7.egg/radical/pilot/bootstrapper/default_bootstrapper.sh' to agent sandbox (sftp://login.archer.ac.uk/fs4/e290/e290/antonst/radical.pilot.sandbox/pilot-5403c49c198220407d8e64bd/).
2014:09:01 00:58:09 16509  PilotLauncherWorker-1 saga.ShellFile        : [INFO    ] init_instance file://localhost//home/ubuntu/testing-rp-19-env/lib/python2.7/site-packages/radical.pilot-0.19-py2.7.egg/radical/pilot/bootstrapper/default_bootstrapper.sh
2014:09:01 00:58:09 16509  PilotLauncherWorker-1 saga.ShellFile        : [DEBUG   ] PTYShell init <saga.utils.pty_shell.PTYShell object at 0xb66a194c>
2014:09:01 00:58:09 16509  PilotLauncherWorker-1 saga.ShellFile        : [INFO    ] PTY prompt pattern: [\$#%>\]]\s*$
2014:09:01 00:58:09 16509  PilotLauncherWorker-1 saga.ShellDirectory   : [DEBUG   ] PTYProcess init <saga.utils.pty_process.PTYProcess object at 0xb66a1a0c>
2014:09:01 00:58:09 16509  PilotLauncherWorker-1 saga.ShellDirectory   : [INFO    ] running: /usr/bin/env TERM=vt100 /bin/bash -i
2014:09:01 00:58:09 16509  PilotLauncherWorker-1 saga.ShellDirectory   : [DEBUG   ] write: [    8] [   33] ( export PS1='$' ; set prompt='$'\n)
2014:09:01 00:58:09 16509  PilotLauncherWorker-1 saga.ShellDirectory   : [DEBUG   ] read : [    8] [   55] (ubuntu@vm-149-18:~/rp-19-testing/radical.pilot/tests$ $)
2014:09:01 00:58:09 16509  PilotLauncherWorker-1 saga.ShellDirectory   : [DEBUG   ] got initial shell prompt (5) (ubuntu@vm-149-18:~/rp-19-testing/radical.pilot/tests$ $)
2014:09:01 00:58:09 16509  PilotLauncherWorker-1 saga.ShellDirectory   : [DEBUG   ] Got initial shell prompt (5) (ubuntu@vm-149-18:~/rp-19-testing/radical.pilot/tests$ $)
2014:09:01 00:58:09 16509  PilotLauncherWorker-1 saga.ShellFile        : [DEBUG   ] running command shell:         exec /bin/sh -i
2014:09:01 00:58:09 16509  PilotLauncherWorker-1 saga.ShellDirectory   : [DEBUG   ] write: [    8] [   47] ( stty -echo ; unset HISTFILE ; exec /bin/sh -i\n)
2014:09:01 00:58:09 16509  PilotLauncherWorker-1 saga.ShellDirectory   : [DEBUG   ] read : [    8] [    1] ($)
2014:09:01 00:58:09 16509  PilotLauncherWorker-1 saga.ShellDirectory   : [DEBUG   ] write: [    8] [  100] ( unset PROMPT_COMMAND ;  unset HISTFILE ; PS1='PROMPT-$?->'; PS2=''; export PS1 PS2 2>&1 >/dev/null\n)
2014:09:01 00:58:09 16509  PilotLauncherWorker-1 saga.ShellDirectory   : [DEBUG   ] read : [    8] [   10] (PROMPT-0->)
2014:09:01 00:58:09 16509  PilotLauncherWorker-1 saga.ShellFile        : [DEBUG   ] got new shell prompt
2014:09:01 00:58:09 16509  PilotLauncherWorker-1 saga.ShellFile        : [DEBUG   ] run_sync: cd /home/ubuntu/rp-19-testing/radical.pilot/tests
2014:09:01 00:58:09 16509  PilotLauncherWorker-1 saga.ShellDirectory   : [DEBUG   ] write: [    8] [   50] (cd /home/ubuntu/rp-19-testing/radical.pilot/tests\n)
2014:09:01 00:58:09 16509  PilotLauncherWorker-1 saga.ShellDirectory   : [DEBUG   ] read : [    8] [   10] (PROMPT-0->)
2014:09:01 00:58:09 16509  PilotLauncherWorker-1 saga.ShellFile        : [DEBUG   ] run_sync: true; test -r '//home/ubuntu/testing-rp-19-env/lib/python2.7/site-packages/radical.pilot-0.19-py2.7.egg/radical/pilot/bootstrapper/default_bootstrapper.sh'
2014:09:01 00:58:09 16509  PilotLauncherWorker-1 saga.ShellDirectory   : [DEBUG   ] write: [    8] [  156] (true; test -r '//home/ubuntu/testing-rp-19-env/lib/python2.7/site-packages/radical.pilot-0.19-py2.7.egg/radical/pilot/bootstrapper/default_bootstrapper.sh'\n)
2014:09:01 00:58:09 16509  PilotLauncherWorker-1 saga.ShellDirectory   : [DEBUG   ] read : [    8] [   10] (PROMPT-0->)
2014:09:01 00:58:09 16509  PilotLauncherWorker-1 saga.ShellFile        : [INFO    ] file initialized (0)()
2014:09:01 00:58:09 16509  PilotLauncherWorker-1 saga.ShellFile        : [DEBUG   ] PTYShell init <saga.utils.pty_shell.PTYShell object at 0xb66a1c8c>
2014:09:01 00:58:09 16509  PilotLauncherWorker-1 saga.ShellFile        : [INFO    ] PTY prompt pattern: [\$#%>\]]\s*$
2014:09:01 00:58:09 16509  PilotLauncherWorker-1 saga.ShellDirectory   : [DEBUG   ] PTYProcess init <saga.utils.pty_process.PTYProcess object at 0xb66a1dec>
2014:09:01 00:58:09 16509  PilotLauncherWorker-1 saga.ShellDirectory   : [INFO    ] running: /usr/bin/env TERM=vt100 /bin/bash -i
2014:09:01 00:58:09 16509  PilotLauncherWorker-1 saga.ShellDirectory   : [DEBUG   ] write: [   13] [   33] ( export PS1='$' ; set prompt='$'\n)
2014:09:01 00:58:09 16509  PilotLauncherWorker-1 saga.ShellDirectory   : [DEBUG   ] read : [   13] [   55] (ubuntu@vm-149-18:~/rp-19-testing/radical.pilot/tests$ $)
2014:09:01 00:58:09 16509  PilotLauncherWorker-1 saga.ShellDirectory   : [DEBUG   ] got initial shell prompt (5) (ubuntu@vm-149-18:~/rp-19-testing/radical.pilot/tests$ $)
2014:09:01 00:58:09 16509  PilotLauncherWorker-1 saga.ShellDirectory   : [DEBUG   ] Got initial shell prompt (5) (ubuntu@vm-149-18:~/rp-19-testing/radical.pilot/tests$ $)
2014:09:01 00:58:09 16509  PilotLauncherWorker-1 saga.ShellFile        : [DEBUG   ] running command shell:         exec /bin/sh -i
2014:09:01 00:58:09 16509  PilotLauncherWorker-1 saga.ShellDirectory   : [DEBUG   ] write: [   13] [   47] ( stty -echo ; unset HISTFILE ; exec /bin/sh -i\n)
2014:09:01 00:58:09 16509  PilotLauncherWorker-1 saga.ShellDirectory   : [DEBUG   ] read : [   13] [    1] ($)
2014:09:01 00:58:09 16509  PilotLauncherWorker-1 saga.ShellDirectory   : [DEBUG   ] write: [   13] [  100] ( unset PROMPT_COMMAND ;  unset HISTFILE ; PS1='PROMPT-$?->'; PS2=''; export PS1 PS2 2>&1 >/dev/null\n)
2014:09:01 00:58:09 16509  PilotLauncherWorker-1 saga.ShellDirectory   : [DEBUG   ] read : [   13] [   10] (PROMPT-0->)
2014:09:01 00:58:09 16509  PilotLauncherWorker-1 saga.ShellFile        : [DEBUG   ] got new shell prompt
2014:09:01 00:58:09 16509  PilotLauncherWorker-1 saga.ShellFile        : [DEBUG   ] run_sync: cd /home/ubuntu/rp-19-testing/radical.pilot/tests
2014:09:01 00:58:09 16509  PilotLauncherWorker-1 saga.ShellDirectory   : [DEBUG   ] write: [   13] [   50] (cd /home/ubuntu/rp-19-testing/radical.pilot/tests\n)
2014:09:01 00:58:09 16509  PilotLauncherWorker-1 saga.ShellDirectory   : [DEBUG   ] read : [   13] [   10] (PROMPT-0->)
2014:09:01 00:58:09 16509  PilotLauncherWorker-1 saga.ShellFile        : [DEBUG   ] PTYShell init <saga.utils.pty_shell.PTYShell object at 0xb66b01ec>
2014:09:01 00:58:09 16509  PilotLauncherWorker-1 saga.ShellFile        : [INFO    ] PTY prompt pattern: [\$#%>\]]\s*$
2014:09:01 00:58:09 radical.pilot.MainProcess: [DEBUG   ] PTYProcess init <saga.utils.pty_process.PTYProcess object at 0xb6b0a6cc>
2014:09:01 00:58:09 radical.pilot.MainProcess: [INFO    ] running: /usr/bin/env TERM=vt100 /usr/bin/ssh -t -o IdentityFile=/home/ubuntu/.ssh/trestles_rsa -o ControlMaster=no -o ControlPath=/tmp/saga_ssh_ubuntu_%h_%p.antonst.ctrl antonst@login.archer.ac.uk
2014:09:01 00:58:09 radical.pilot.MainProcess: [DEBUG   ] write: [   14] [   33] ( export PS1='$' ; set prompt='$'\n)
2014:09:01 00:58:09 radical.pilot.MainProcess: [DEBUG   ] read : [   14] [  585] (Last login: Mon Sep  1 01:58:08 2014 from vm-149-18.uc.futuregrid.org\n================================================================================\nlogin.archer.ac.uk\n--------------------------------------------------------------------------------\n\nFor assistance please contact the service helpdesk at: support@archer.ac.uk\n\n--------------------------------------------------------------------------------\n\nIf you are not authorised to use this account then you must logout immediately.\n\n================================================================================\n)
2014:09:01 00:58:10 radical.pilot.MainProcess: [DEBUG   ] read : [   14] [   22] (antonst@eslogin006:~> )
2014:09:01 00:58:10 radical.pilot.MainProcess: [DEBUG   ] got initial shell prompt (5) (Last login: Mon Sep  1 01:58:08 2014 from vm-149-18.uc.futuregrid.org
================================================================================
login.archer.ac.uk
--------------------------------------------------------------------------------

For assistance please contact the service helpdesk at: support@archer.ac.uk

--------------------------------------------------------------------------------

If you are not authorised to use this account then you must logout immediately.

================================================================================
antonst@eslogin006:~> )
2014:09:01 00:58:10 radical.pilot.MainProcess: [DEBUG   ] Got initial shell prompt (5) (Last login: Mon Sep  1 01:58:08 2014 from vm-149-18.uc.futuregrid.org
================================================================================
login.archer.ac.uk
--------------------------------------------------------------------------------

For assistance please contact the service helpdesk at: support@archer.ac.uk

--------------------------------------------------------------------------------

If you are not authorised to use this account then you must logout immediately.

================================================================================
antonst@eslogin006:~> )
2014:09:01 00:58:10 16509  PilotLauncherWorker-1 saga.ShellFile        : [DEBUG   ] running command shell:         exec /bin/sh -i
2014:09:01 00:58:10 radical.pilot.MainProcess: [DEBUG   ] write: [   14] [   47] ( stty -echo ; unset HISTFILE ; exec /bin/sh -i\n)
2014:09:01 00:58:10 radical.pilot.MainProcess: [DEBUG   ] read : [   14] [    1] ($)
2014:09:01 00:58:10 radical.pilot.MainProcess: [DEBUG   ] write: [   14] [  100] ( unset PROMPT_COMMAND ;  unset HISTFILE ; PS1='PROMPT-$?->'; PS2=''; export PS1 PS2 2>&1 >/dev/null\n)
2014:09:01 00:58:10 radical.pilot.MainProcess: [DEBUG   ] read : [   14] [   24] (eslogin006:~> PROMPT-0->)
2014:09:01 00:58:10 16509  PilotLauncherWorker-1 saga.ShellFile        : [DEBUG   ] got new shell prompt
2014:09:01 00:58:10 radical.pilot.MainProcess: [DEBUG   ] PTYProcess init <saga.utils.pty_process.PTYProcess object at 0xb66a1d6c>
2014:09:01 00:58:10 radical.pilot.MainProcess: [INFO    ] running: /usr/bin/env TERM=vt100 /usr/bin/sftp -o IdentityFile=/home/ubuntu/.ssh/trestles_rsa -o ControlMaster=no -o ControlPath=/tmp/saga_ssh_ubuntu_%h_%p.antonst.ctrl antonst@login.archer.ac.uk
2014:09:01 00:58:10 radical.pilot.MainProcess: [DEBUG   ] write: [   15] [   33] ( export PS1='$' ; set prompt='$'\n)
2014:09:01 00:58:10 radical.pilot.MainProcess: [DEBUG   ] read : [   15] [   34] (Connected to login.archer.ac.uk.\n)
2014:09:01 00:58:11 radical.pilot.MainProcess: [DEBUG   ] read : [   15] [   64] (sftp>  export PS1='$' ; set prompt='$'\nInvalid command.\nsftp> )
2014:09:01 00:58:11 radical.pilot.MainProcess: [DEBUG   ] got initial shell prompt (5) (Connected to login.archer.ac.uk.
sftp>  export PS1='$' ; set prompt='$'
Invalid command.
sftp> )
2014:09:01 00:58:11 radical.pilot.MainProcess: [DEBUG   ] Got initial shell prompt (5) (Connected to login.archer.ac.uk.
sftp>  export PS1='$' ; set prompt='$'
Invalid command.
sftp> )
2014:09:01 00:58:11 radical.pilot.MainProcess: [DEBUG   ] write: [   15] [  228] (mput  "//home/ubuntu/testing-rp-19-env/lib/python2.7/site-packages/radical.pilot-0.19-py2.7.egg/radical/pilot/bootstrapper/default_bootstrapper.sh" "/fs4/e290/e290/antonst/radical.pilot.sandbox/pilot-5403c49c198220407d8e64bd" \n\n)
2014:09:01 00:58:11 radical.pilot.MainProcess: [DEBUG   ] read : [   15] [  232] (mput  "//home/ubuntu/testing-rp-19-env/lib/python2.7/site-packages/radical .pilot-0.19-py2.7.egg/radical/pilot/bootstrapper/default_bootstrapper.sh" "/fs4/ e290/e290/antonst/radical.pilot.sandbox/pilot-5403c49c198220407d8e64bd" \n)
2014:09:01 00:58:11 radical.pilot.MainProcess: [DEBUG   ] read : [   15] [  254] (Uploading //home/ubuntu/testing-rp-19-env/lib/python2.7/site-packages/radical.pilot-0.19-py2.7.egg/radical/pilot/bootstrapper/default_bootstrapper.sh to /fs4/e290/e290/antonst/radical.pilot.sandbox/pilot-5403c49c198220407d8e64bd/default_bootstrapper.sh\n)
2014:09:01 00:58:11 radical.pilot.MainProcess: [DEBUG   ] read : [   15] [   79] (//home/ubuntu/testing-rp-19-env/lib/python2.7   0%    0     0.0KB/s   --:-- ETA)
2014:09:01 00:58:11 radical.pilot.MainProcess: [DEBUG   ] read : [   15] [   81] (//home/ubuntu/testing-rp-19-env/lib/python2.7 100%   14KB  14.1KB/s   00:00    \n)
2014:09:01 00:58:11 radical.pilot.MainProcess: [DEBUG   ] read : [   15] [   14] (sftp> \nsftp> )
2014:09:01 00:58:11 radical.pilot.MainProcess: [DEBUG   ] copy done: ['sftp>']
2014:09:01 00:58:11 radical.pilot.MainProcess: [DEBUG   ] Copying agent 'file://localhost//home/ubuntu/testing-rp-19-env/lib/python2.7/site-packages/radical.pilot-0.19-py2.7.egg/radical/pilot/agent/radical-pilot-agent-multicore.py' to agent sandbox (sftp://login.archer.ac.uk/fs4/e290/e290/antonst/radical.pilot.sandbox/pilot-5403c49c198220407d8e64bd/).
2014:09:01 00:58:11 16509  PilotLauncherWorker-1 saga.ShellFile        : [INFO    ] init_instance file://localhost//home/ubuntu/testing-rp-19-env/lib/python2.7/site-packages/radical.pilot-0.19-py2.7.egg/radical/pilot/agent/radical-pilot-agent-multicore.py
2014:09:01 00:58:11 16509  PilotLauncherWorker-1 saga.ShellFile        : [DEBUG   ] run_sync: true; test -r '//home/ubuntu/testing-rp-19-env/lib/python2.7/site-packages/radical.pilot-0.19-py2.7.egg/radical/pilot/agent/radical-pilot-agent-multicore.py'
2014:09:01 00:58:11 16509  PilotLauncherWorker-1 saga.ShellDirectory   : [DEBUG   ] write: [    8] [  158] (true; test -r '//home/ubuntu/testing-rp-19-env/lib/python2.7/site-packages/radical.pilot-0.19-py2.7.egg/radical/pilot/agent/radical-pilot-agent-multicore.py'\n)
2014:09:01 00:58:11 16509  PilotLauncherWorker-1 saga.ShellDirectory   : [DEBUG   ] read : [    8] [   10] (PROMPT-0->)
2014:09:01 00:58:11 16509  PilotLauncherWorker-1 saga.ShellFile        : [INFO    ] file initialized (0)()
2014:09:01 00:58:11 radical.pilot.MainProcess: [DEBUG   ] write: [   15] [  253] (mput  "//home/ubuntu/testing-rp-19-env/lib/python2.7/site-packages/radical.pilot-0.19-py2.7.egg/radical/pilot/agent/radical-pilot-agent-multicore.py" "/fs4/e290/e290/antonst/radical.pilot.sandbox/pilot-5403c49c198220407d8e64bd/radical-pilot-agent.py" \n\n)
2014:09:01 00:58:11 radical.pilot.MainProcess: [DEBUG   ] read : [   15] [  259] (mput  "//home/ubuntu/testing-rp-19-env/lib/python2.7/site-packages/radical .pilot-0.19-py2.7.egg/radical/pilot/agent/radical-pilot-agent-multicore.py" "/fs 4/e290/e290/antonst/radical.pilot.sandbox/pilot-5403c49c198220407d8e64bd/radical -pilot-agent.py" \n)
2014:09:01 00:58:11 radical.pilot.MainProcess: [DEBUG   ] read : [   15] [  255] (Uploading //home/ubuntu/testing-rp-19-env/lib/python2.7/site-packages/radical.pilot-0.19-py2.7.egg/radical/pilot/agent/radical-pilot-agent-multicore.py to /fs4/e290/e290/antonst/radical.pilot.sandbox/pilot-5403c49c198220407d8e64bd/radical-pilot-agent.py\n)
2014:09:01 00:58:12 radical.pilot.MainProcess: [DEBUG   ] read : [   15] [   79] (//home/ubuntu/testing-rp-19-env/lib/python2.7   0%    0     0.0KB/s   --:-- ETA)
2014:09:01 00:58:12 radical.pilot.MainProcess: [DEBUG   ] read : [   15] [   81] (//home/ubuntu/testing-rp-19-env/lib/python2.7 100%   92KB  92.4KB/s   00:00    \n)
2014:09:01 00:58:12 radical.pilot.MainProcess: [DEBUG   ] read : [   15] [   14] (sftp> \nsftp> )
2014:09:01 00:58:12 radical.pilot.MainProcess: [DEBUG   ] copy done: ['sftp>']
2014:09:01 00:58:12 16509  PilotLauncherWorker-1 saga.PTYShell         : [DEBUG   ] PTYShell init <saga.utils.pty_shell.PTYShell object at 0xb6ade58c>
2014:09:01 00:58:12 16509  PilotLauncherWorker-1 saga.PTYShell         : [INFO    ] PTY prompt pattern: [\$#%>\]]\s*$
2014:09:01 00:58:12 radical.pilot.MainProcess: [DEBUG   ] PTYProcess init <saga.utils.pty_process.PTYProcess object at 0xb66b056c>
2014:09:01 00:58:12 radical.pilot.MainProcess: [INFO    ] running: /usr/bin/env TERM=vt100 /usr/bin/ssh -t -o IdentityFile=/home/ubuntu/.ssh/trestles_rsa -o ControlMaster=no -o ControlPath=/tmp/saga_ssh_ubuntu_%h_%p.antonst.ctrl antonst@login.archer.ac.uk
2014:09:01 00:58:12 radical.pilot.MainProcess: [DEBUG   ] write: [   16] [   33] ( export PS1='$' ; set prompt='$'\n)
2014:09:01 00:58:13 radical.pilot.MainProcess: [DEBUG   ] read : [   16] [   71] (Last login: Mon Sep  1 01:58:09 2014 from vm-149-18.uc.futuregrid.org\n)
2014:09:01 00:58:13 radical.pilot.MainProcess: [DEBUG   ] read : [   16] [  514] (================================================================================\nlogin.archer.ac.uk\n--------------------------------------------------------------------------------\n\nFor assistance please contact the service helpdesk at: support@archer.ac.uk\n\n--------------------------------------------------------------------------------\n\nIf you are not authorised to use this account then you must logout immediately.\n\n================================================================================\n)
2014:09:01 00:58:13 radical.pilot.MainProcess: [DEBUG   ] read : [   16] [   23] (antonst@eslogin006:~> $)
2014:09:01 00:58:13 radical.pilot.MainProcess: [DEBUG   ] got initial shell prompt (5) (Last login: Mon Sep  1 01:58:09 2014 from vm-149-18.uc.futuregrid.org
================================================================================
login.archer.ac.uk
--------------------------------------------------------------------------------

For assistance please contact the service helpdesk at: support@archer.ac.uk

--------------------------------------------------------------------------------

If you are not authorised to use this account then you must logout immediately.

================================================================================
antonst@eslogin006:~> $)
2014:09:01 00:58:13 radical.pilot.MainProcess: [DEBUG   ] Got initial shell prompt (5) (Last login: Mon Sep  1 01:58:09 2014 from vm-149-18.uc.futuregrid.org
================================================================================
login.archer.ac.uk
--------------------------------------------------------------------------------

For assistance please contact the service helpdesk at: support@archer.ac.uk

--------------------------------------------------------------------------------

If you are not authorised to use this account then you must logout immediately.

================================================================================
antonst@eslogin006:~> $)
2014:09:01 00:58:13 16509  PilotLauncherWorker-1 saga.PTYShell         : [DEBUG   ] running command shell:         exec /bin/sh -i
2014:09:01 00:58:13 radical.pilot.MainProcess: [DEBUG   ] write: [   16] [   47] ( stty -echo ; unset HISTFILE ; exec /bin/sh -i\n)
2014:09:01 00:58:13 radical.pilot.MainProcess: [DEBUG   ] read : [   16] [   14] (eslogin006:~> )
2014:09:01 00:58:13 radical.pilot.MainProcess: [DEBUG   ] write: [   16] [  100] ( unset PROMPT_COMMAND ;  unset HISTFILE ; PS1='PROMPT-$?->'; PS2=''; export PS1 PS2 2>&1 >/dev/null\n)
2014:09:01 00:58:13 radical.pilot.MainProcess: [DEBUG   ] read : [   16] [   10] (PROMPT-0->)
2014:09:01 00:58:13 16509  PilotLauncherWorker-1 saga.PTYShell         : [DEBUG   ] got new shell prompt
2014:09:01 00:58:13 16509  PilotLauncherWorker-1 saga.PTYShell         : [DEBUG   ] run_sync: which qdel
2014:09:01 00:58:13 radical.pilot.MainProcess: [DEBUG   ] write: [   16] [   11] (which qdel\n)
2014:09:01 00:58:13 radical.pilot.MainProcess: [DEBUG   ] read : [   16] [   45] (/opt/pbs/12.1.400.132424/bin/qdel\nPROMPT-0->)
2014:09:01 00:58:13 16509  PilotLauncherWorker-1 saga.PTYShell         : [DEBUG   ] run_sync: which qsub
2014:09:01 00:58:13 radical.pilot.MainProcess: [DEBUG   ] write: [   16] [   11] (which qsub\n)
2014:09:01 00:58:14 radical.pilot.MainProcess: [DEBUG   ] read : [   16] [   35] (/opt/pbs/12.1.400.132424/bin/qsub\n)
2014:09:01 00:58:14 radical.pilot.MainProcess: [DEBUG   ] read : [   16] [   10] (PROMPT-0->)
2014:09:01 00:58:14 16509  PilotLauncherWorker-1 saga.PTYShell         : [DEBUG   ] run_sync: qsub --version
2014:09:01 00:58:14 radical.pilot.MainProcess: [DEBUG   ] write: [   16] [   15] (qsub --version\n)
2014:09:01 00:58:14 radical.pilot.MainProcess: [DEBUG   ] read : [   16] [   38] (pbs_version = PBSPro_12.1.400.132424\n)
2014:09:01 00:58:14 radical.pilot.MainProcess: [DEBUG   ] read : [   16] [   10] (PROMPT-0->)
2014:09:01 00:58:14 16509  PilotLauncherWorker-1 saga.PTYShell         : [DEBUG   ] run_sync: which pbsnodes
2014:09:01 00:58:14 radical.pilot.MainProcess: [DEBUG   ] write: [   16] [   15] (which pbsnodes\n)
2014:09:01 00:58:14 radical.pilot.MainProcess: [DEBUG   ] read : [   16] [   49] (/opt/pbs/12.1.400.132424/bin/pbsnodes\nPROMPT-0->)
2014:09:01 00:58:14 16509  PilotLauncherWorker-1 saga.PTYShell         : [DEBUG   ] run_sync: pbsnodes --version
2014:09:01 00:58:14 radical.pilot.MainProcess: [DEBUG   ] write: [   16] [   19] (pbsnodes --version\n)
2014:09:01 00:58:14 radical.pilot.MainProcess: [DEBUG   ] read : [   16] [   48] (pbs_version = PBSPro_12.1.400.132424\nPROMPT-0->)
2014:09:01 00:58:14 16509  PilotLauncherWorker-1 saga.PTYShell         : [DEBUG   ] run_sync: which qstat
2014:09:01 00:58:14 radical.pilot.MainProcess: [DEBUG   ] write: [   16] [   12] (which qstat\n)
2014:09:01 00:58:14 radical.pilot.MainProcess: [DEBUG   ] read : [   16] [   46] (/opt/pbs/12.1.400.132424/bin/qstat\nPROMPT-0->)
2014:09:01 00:58:14 16509  PilotLauncherWorker-1 saga.PTYShell         : [DEBUG   ] run_sync: qstat --version
2014:09:01 00:58:14 radical.pilot.MainProcess: [DEBUG   ] write: [   16] [   16] (qstat --version\n)
2014:09:01 00:58:14 radical.pilot.MainProcess: [DEBUG   ] read : [   16] [   48] (pbs_version = PBSPro_12.1.400.132424\nPROMPT-0->)
2014:09:01 00:58:14 16509  PilotLauncherWorker-1 saga.PBSJobService    : [INFO    ] Found PBS tools: {'qdel': {'path': '/opt/pbs/12.1.400.132424/bin/qdel', 'version': '?'}, 'qsub': {'path': '/opt/pbs/12.1.400.132424/bin/qsub', 'version': 'pbs_version = PBSPro_12.1.400.132424\n'}, 'pbsnodes': {'path': '/opt/pbs/12.1.400.132424/bin/pbsnodes', 'version': 'pbs_version = PBSPro_12.1.400.132424\n'}, 'qstat': {'path': '/opt/pbs/12.1.400.132424/bin/qstat', 'version': 'pbs_version = PBSPro_12.1.400.132424\n'}}
2014:09:01 00:58:14 16509  PilotLauncherWorker-1 saga.PTYShell         : [DEBUG   ] run_sync: which aprun
2014:09:01 00:58:14 radical.pilot.MainProcess: [DEBUG   ] write: [   16] [   12] (which aprun\n)
2014:09:01 00:58:15 radical.pilot.MainProcess: [DEBUG   ] read : [   16] [   67] (/opt/cray/eslogin/eswrap/1.1.0-1.010400.915.0/bin/aprun\nPROMPT-0->)
2014:09:01 00:58:15 16509  PilotLauncherWorker-1 saga.PBSJobService    : [INFO    ] Host 'login.archer.ac.uk' seems to be a Cray XT class machine.
2014:09:01 00:58:15 16509  PilotLauncherWorker-1 saga.PTYShell         : [DEBUG   ] run_sync: unset GREP_OPTIONS; /opt/pbs/12.1.400.132424/bin/pbsnodes -a | grep -E "resources_available.ncpus"
2014:09:01 00:58:15 radical.pilot.MainProcess: [DEBUG   ] write: [   16] [   99] (unset GREP_OPTIONS; /opt/pbs/12.1.400.132424/bin/pbsnodes -a | grep -E "resources_available.ncpus"\n)
2014:09:01 00:58:21 radical.pilot.MainProcess: [DEBUG   ] read : [   16] [  962] (     resources_available.ncpus ... sources_available.ncpus = 24\n)
2014:09:01 00:58:21 radical.pilot.MainProcess: [DEBUG   ] read : [   16] [ 1024] (     resources_available.ncpus ...  24\n     resources_available.)
2014:09:01 00:58:21 radical.pilot.MainProcess: [DEBUG   ] read : [   16] [ 1024] (ncpus = 24\n     resources_ava ... able.ncpus = 24\n     resource)
2014:09:01 00:58:21 radical.pilot.MainProcess: [DEBUG   ] read : [   16] [ 1024] (s_available.ncpus = 24\n     r ... ources_available.ncpus = 24\n )
2014:09:01 00:58:21 radical.pilot.MainProcess: [DEBUG   ] read : [   16] [ 1024] (    resources_available.ncpus  ... 24\n     resources_available.n)
2014:09:01 00:58:21 radical.pilot.MainProcess: [DEBUG   ] read : [   16] [ 1024] (cpus = 24\n     resources_avai ... ble.ncpus = 24\n     resources)
2014:09:01 00:58:21 radical.pilot.MainProcess: [DEBUG   ] read : [   16] [ 1024] (_available.ncpus = 24\n     re ... urces_available.ncpus = 24\n  )
2014:09:01 00:58:21 radical.pilot.MainProcess: [DEBUG   ] read : [   16] [  812] (   resources_available.ncpus = ... sources_available.ncpus = 24\n)
2014:09:01 00:58:22 radical.pilot.MainProcess: [DEBUG   ] read : [   16] [ 1024] (     resources_available.ncpus ...  24\n     resources_available.)
2014:09:01 00:58:22 radical.pilot.MainProcess: [DEBUG   ] read : [   16] [ 1024] (ncpus = 24\n     resources_ava ... able.ncpus = 24\n     resource)
2014:09:01 00:58:22 radical.pilot.MainProcess: [DEBUG   ] read : [   16] [ 1024] (s_available.ncpus = 24\n     r ... ources_available.ncpus = 24\n )
2014:09:01 00:58:22 radical.pilot.MainProcess: [DEBUG   ] read : [   16] [ 1024] (    resources_available.ncpus  ... 24\n     resources_available.n)
2014:09:01 00:58:22 radical.pilot.MainProcess: [DEBUG   ] read : [   16] [ 1024] (cpus = 24\n     resources_avai ... ble.ncpus = 24\n     resources)
2014:09:01 00:58:22 radical.pilot.MainProcess: [DEBUG   ] read : [   16] [ 1024] (_available.ncpus = 24\n     re ... urces_available.ncpus = 24\n  )
2014:09:01 00:58:22 radical.pilot.MainProcess: [DEBUG   ] read : [   16] [ 1024] (   resources_available.ncpus = ... 4\n     resources_available.nc)
2014:09:01 00:58:22 radical.pilot.MainProcess: [DEBUG   ] read : [   16] [ 1024] (pus = 24\n     resources_avail ... le.ncpus = 24\n     resources_)
2014:09:01 00:58:22 radical.pilot.MainProcess: [DEBUG   ] read : [   16] [ 1024] (available.ncpus = 24\n     res ... rces_available.ncpus = 24\n   )
2014:09:01 00:58:22 radical.pilot.MainProcess: [DEBUG   ] read : [   16] [ 1024] (  resources_available.ncpus =  ... \n     resources_available.ncp)
2014:09:01 00:58:22 radical.pilot.MainProcess: [DEBUG   ] read : [   16] [ 1024] (us = 24\n     resources_availa ... e.ncpus = 24\n     resources_a)
2014:09:01 00:58:22 radical.pilot.MainProcess: [DEBUG   ] read : [   16] [ 1024] (vailable.ncpus = 24\n     reso ... ces_available.ncpus = 24\n    )
2014:09:01 00:58:22 radical.pilot.MainProcess: [DEBUG   ] read : [   16] [ 1024] ( resources_available.ncpus = 2 ... n     resources_available.ncpu)
2014:09:01 00:58:22 radical.pilot.MainProcess: [DEBUG   ] read : [   16] [ 1024] (s = 24\n     resources_availab ... .ncpus = 24\n     resources_av)
2014:09:01 00:58:22 radical.pilot.MainProcess: [DEBUG   ] read : [   16] [ 1024] (ailable.ncpus = 24\n     resou ... es_available.ncpus = 24\n     )
2014:09:01 00:58:22 radical.pilot.MainProcess: [DEBUG   ] read : [   16] [ 1024] (resources_available.ncpus = 24 ...      resources_available.ncpus)
2014:09:01 00:58:22 radical.pilot.MainProcess: [DEBUG   ] read : [   16] [ 1024] ( = 24\n     resources_availabl ... ncpus = 24\n     resources_ava)
2014:09:01 00:58:22 radical.pilot.MainProcess: [DEBUG   ] read : [   16] [  493] (ilable.ncpus = 24\n     resources_available.ncpus = 24\n     resources_available.ncpus = 24\n     resources_available.ncpus = 24\n     resources_available.ncpus = 24\n     resources_available.ncpus = 24\n     resources_available.ncpus = 24\n     resources_available.ncpus = 24\n     resources_available.ncpus = 24\n     resources_available.ncpus = 24\n     resources_available.ncpus = 24\n     resources_available.ncpus = 24\n     resources_available.ncpus = 24\n     resources_available.ncpus)
2014:09:01 00:58:22 radical.pilot.MainProcess: [DEBUG   ] read : [   16] [ 1024] ( = 24\n     resources_availabl ... ncpus = 24\n     resources_ava)
2014:09:01 00:58:22 radical.pilot.MainProcess: [DEBUG   ] read : [   16] [ 1024] (ilable.ncpus = 24\n     resour ... s_available.ncpus = 24\n     r)
2014:09:01 00:58:22 radical.pilot.MainProcess: [DEBUG   ] read : [   16] [ 1024] (esources_available.ncpus = 24\ ...     resources_available.ncpus )
2014:09:01 00:58:22 radical.pilot.MainProcess: [DEBUG   ] read : [   16] [ 1024] (= 24\n     resources_available ... cpus = 24\n     resources_avai)
2014:09:01 00:58:22 radical.pilot.MainProcess: [DEBUG   ] read : [   16] [ 1024] (lable.ncpus = 24\n     resourc ... _available.ncpus = 24\n     re)
2014:09:01 00:58:22 radical.pilot.MainProcess: [DEBUG   ] read : [   16] [ 1024] (sources_available.ncpus = 24\n ...    resources_available.ncpus =)
2014:09:01 00:58:22 radical.pilot.MainProcess: [DEBUG   ] read : [   16] [ 1024] ( 24\n     resources_available. ... pus = 24\n     resources_avail)
2014:09:01 00:58:22 radical.pilot.MainProcess: [DEBUG   ] read : [   16] [ 1024] (able.ncpus = 24\n     resource ... available.ncpus = 24\n     res)
2014:09:01 00:58:22 radical.pilot.MainProcess: [DEBUG   ] read : [   16] [ 1024] (ources_available.ncpus = 24\n  ...   resources_available.ncpus = )
2014:09:01 00:58:22 radical.pilot.MainProcess: [DEBUG   ] read : [   16] [ 1024] (24\n     resources_available.n ... us = 24\n     resources_availa)
2014:09:01 00:58:22 radical.pilot.MainProcess: [DEBUG   ] read : [   16] [ 1024] (ble.ncpus = 24\n     resources ... vailable.ncpus = 24\n     reso)
2014:09:01 00:58:22 radical.pilot.MainProcess: [DEBUG   ] read : [   16] [ 1024] (urces_available.ncpus = 24\n   ...  resources_available.ncpus = 2)
2014:09:01 00:58:22 radical.pilot.MainProcess: [DEBUG   ] read : [   16] [ 1024] (4\n     resources_available.nc ... s = 24\n     resources_availab)
2014:09:01 00:58:22 radical.pilot.MainProcess: [DEBUG   ] read : [   16] [ 1024] (le.ncpus = 24\n     resources_ ... ailable.ncpus = 24\n     resou)
2014:09:01 00:58:22 radical.pilot.MainProcess: [DEBUG   ] read : [   16] [ 1024] (rces_available.ncpus = 24\n    ... resources_available.ncpus = 24)
2014:09:01 00:58:22 radical.pilot.MainProcess: [DEBUG   ] read : [   16] [ 1024] (\n     resources_available.ncp ...  = 24\n     resources_availabl)
2014:09:01 00:58:22 radical.pilot.MainProcess: [DEBUG   ] read : [   16] [ 1024] (e.ncpus = 24\n     resources_a ... ilable.ncpus = 24\n     resour)
2014:09:01 00:58:22 radical.pilot.MainProcess: [DEBUG   ] read : [   16] [ 1023] (ces_available.ncpus = 24\n     ... resources_available.ncpus = 24)
2014:09:01 00:58:22 radical.pilot.MainProcess: [DEBUG   ] read : [   16] [ 1025] (\n     resources_available.ncp ... = 24\n     resources_available)
2014:09:01 00:58:22 radical.pilot.MainProcess: [DEBUG   ] read : [   16] [ 1024] (.ncpus = 24\n     resources_av ... lable.ncpus = 24\n     resourc)
2014:09:01 00:58:22 radical.pilot.MainProcess: [DEBUG   ] read : [   16] [ 1024] (es_available.ncpus = 24\n      ... sources_available.ncpus = 24\n)
2014:09:01 00:58:22 radical.pilot.MainProcess: [DEBUG   ] read : [   16] [ 1024] (     resources_available.ncpus ...  24\n     resources_available.)
2014:09:01 00:58:22 radical.pilot.MainProcess: [DEBUG   ] read : [   16] [ 1024] (ncpus = 24\n     resources_ava ... able.ncpus = 24\n     resource)
2014:09:01 00:58:22 radical.pilot.MainProcess: [DEBUG   ] read : [   16] [ 1024] (s_available.ncpus = 24\n     r ... ources_available.ncpus = 24\n )
2014:09:01 00:58:22 radical.pilot.MainProcess: [DEBUG   ] read : [   16] [ 1024] (    resources_available.ncpus  ... 24\n     resources_available.n)
2014:09:01 00:58:22 radical.pilot.MainProcess: [DEBUG   ] read : [   16] [ 1024] (cpus = 24\n     resources_avai ... ble.ncpus = 24\n     resources)
2014:09:01 00:58:22 radical.pilot.MainProcess: [DEBUG   ] read : [   16] [ 1024] (_available.ncpus = 24\n     re ... urces_available.ncpus = 24\n  )
2014:09:01 00:58:22 radical.pilot.MainProcess: [DEBUG   ] read : [   16] [ 1024] (   resources_available.ncpus = ... 4\n     resources_available.nc)
2014:09:01 00:58:22 radical.pilot.MainProcess: [DEBUG   ] read : [   16] [ 1024] (pus = 24\n     resources_avail ... le.ncpus = 24\n     resources_)
2014:09:01 00:58:22 radical.pilot.MainProcess: [DEBUG   ] read : [   16] [ 1024] (available.ncpus = 24\n     res ... rces_available.ncpus = 24\n   )
2014:09:01 00:58:22 radical.pilot.MainProcess: [DEBUG   ] read : [   16] [ 1024] (  resources_available.ncpus =  ... \n     resources_available.ncp)
2014:09:01 00:58:22 radical.pilot.MainProcess: [DEBUG   ] read : [   16] [ 1024] (us = 24\n     resources_availa ... e.ncpus = 24\n     resources_a)
2014:09:01 00:58:22 radical.pilot.MainProcess: [DEBUG   ] read : [   16] [ 1024] (vailable.ncpus = 24\n     reso ... ces_available.ncpus = 24\n    )
2014:09:01 00:58:22 radical.pilot.MainProcess: [DEBUG   ] read : [   16] [ 1024] ( resources_available.ncpus = 2 ... n     resources_available.ncpu)
2014:09:01 00:58:22 radical.pilot.MainProcess: [DEBUG   ] read : [   16] [ 1024] (s = 24\n     resources_availab ... .ncpus = 24\n     resources_av)
2014:09:01 00:58:22 radical.pilot.MainProcess: [DEBUG   ] read : [   16] [ 1024] (ailable.ncpus = 24\n     resou ... es_available.ncpus = 24\n     )
2014:09:01 00:58:22 radical.pilot.MainProcess: [DEBUG   ] read : [   16] [ 1024] (resources_available.ncpus = 24 ...      resources_available.ncpus)
2014:09:01 00:58:22 radical.pilot.MainProcess: [DEBUG   ] read : [   16] [ 1024] ( = 24\n     resources_availabl ... ncpus = 24\n     resources_ava)
2014:09:01 00:58:22 radical.pilot.MainProcess: [DEBUG   ] read : [   16] [ 1024] (ilable.ncpus = 24\n     resour ... s_available.ncpus = 24\n     r)
2014:09:01 00:58:22 radical.pilot.MainProcess: [DEBUG   ] read : [   16] [ 1024] (esources_available.ncpus = 24\ ...     resources_available.ncpus )
2014:09:01 00:58:22 radical.pilot.MainProcess: [DEBUG   ] read : [   16] [ 1024] (= 24\n     resources_available ... cpus = 24\n     resources_avai)
2014:09:01 00:58:22 radical.pilot.MainProcess: [DEBUG   ] read : [   16] [ 1024] (lable.ncpus = 24\n     resourc ... _available.ncpus = 24\n     re)
2014:09:01 00:58:22 radical.pilot.MainProcess: [DEBUG   ] read : [   16] [ 1024] (sources_available.ncpus = 24\n ...    resources_available.ncpus =)
2014:09:01 00:58:22 radical.pilot.MainProcess: [DEBUG   ] read : [   16] [ 1024] ( 24\n     resources_available. ... pus = 24\n     resources_avail)
2014:09:01 00:58:22 radical.pilot.MainProcess: [DEBUG   ] read : [   16] [ 1024] (able.ncpus = 24\n     resource ... available.ncpus = 24\n     res)
2014:09:01 00:58:22 radical.pilot.MainProcess: [DEBUG   ] read : [   16] [ 1024] (ources_available.ncpus = 24\n  ...   resources_available.ncpus = )
2014:09:01 00:58:22 radical.pilot.MainProcess: [DEBUG   ] read : [   16] [ 1024] (24\n     resources_available.n ... us = 24\n     resources_availa)
2014:09:01 00:58:22 radical.pilot.MainProcess: [DEBUG   ] read : [   16] [ 1024] (ble.ncpus = 24\n     resources ... vailable.ncpus = 24\n     reso)
2014:09:01 00:58:22 radical.pilot.MainProcess: [DEBUG   ] read : [   16] [ 1024] (urces_available.ncpus = 24\n   ...  resources_available.ncpus = 2)
2014:09:01 00:58:22 radical.pilot.MainProcess: [DEBUG   ] read : [   16] [ 1024] (4\n     resources_available.nc ... s = 24\n     resources_availab)
2014:09:01 00:58:22 radical.pilot.MainProcess: [DEBUG   ] read : [   16] [ 1024] (le.ncpus = 24\n     resources_ ... ailable.ncpus = 24\n     resou)
2014:09:01 00:58:22 radical.pilot.MainProcess: [DEBUG   ] read : [   16] [ 1024] (rces_available.ncpus = 24\n    ... resources_available.ncpus = 24)
2014:09:01 00:58:22 radical.pilot.MainProcess: [DEBUG   ] read : [   16] [ 1024] (\n     resources_available.ncp ...  = 24\n     resources_availabl)
2014:09:01 00:58:22 radical.pilot.MainProcess: [DEBUG   ] read : [   16] [ 1024] (e.ncpus = 24\n     resources_a ... ilable.ncpus = 24\n     resour)
2014:09:01 00:58:22 radical.pilot.MainProcess: [DEBUG   ] read : [   16] [ 1023] (ces_available.ncpus = 24\n     ... resources_available.ncpus = 24)
2014:09:01 00:58:22 radical.pilot.MainProcess: [DEBUG   ] read : [   16] [ 1025] (\n     resources_available.ncp ... = 24\n     resources_available)
2014:09:01 00:58:22 radical.pilot.MainProcess: [DEBUG   ] read : [   16] [ 1024] (.ncpus = 24\n     resources_av ... lable.ncpus = 24\n     resourc)
2014:09:01 00:58:22 radical.pilot.MainProcess: [DEBUG   ] read : [   16] [ 1024] (es_available.ncpus = 24\n      ... sources_available.ncpus = 24\n)
2014:09:01 00:58:22 radical.pilot.MainProcess: [DEBUG   ] read : [   16] [ 1024] (     resources_available.ncpus ...  24\n     resources_available.)
2014:09:01 00:58:22 radical.pilot.MainProcess: [DEBUG   ] read : [   16] [ 1024] (ncpus = 24\n     resources_ava ... able.ncpus = 24\n     resource)
2014:09:01 00:58:22 radical.pilot.MainProcess: [DEBUG   ] read : [   16] [ 1024] (s_available.ncpus = 24\n     r ... ources_available.ncpus = 24\n )
2014:09:01 00:58:22 radical.pilot.MainProcess: [DEBUG   ] read : [   16] [ 1024] (    resources_available.ncpus  ... 24\n     resources_available.n)
2014:09:01 00:58:22 radical.pilot.MainProcess: [DEBUG   ] read : [   16] [ 1024] (cpus = 24\n     resources_avai ... ble.ncpus = 24\n     resources)
2014:09:01 00:58:22 radical.pilot.MainProcess: [DEBUG   ] read : [   16] [ 1024] (_available.ncpus = 24\n     re ... urces_available.ncpus = 24\n  )
2014:09:01 00:58:22 radical.pilot.MainProcess: [DEBUG   ] read : [   16] [ 1024] (   resources_available.ncpus = ... 4\n     resources_available.nc)
2014:09:01 00:58:22 radical.pilot.MainProcess: [DEBUG   ] read : [   16] [ 1024] (pus = 24\n     resources_avail ... le.ncpus = 24\n     resources_)
2014:09:01 00:58:22 radical.pilot.MainProcess: [DEBUG   ] read : [   16] [ 1024] (available.ncpus = 24\n     res ... rces_available.ncpus = 24\n   )
2014:09:01 00:58:22 radical.pilot.MainProcess: [DEBUG   ] read : [   16] [ 1024] (  resources_available.ncpus =  ... \n     resources_available.ncp)
2014:09:01 00:58:22 radical.pilot.MainProcess: [DEBUG   ] read : [   16] [ 1024] (us = 24\n     resources_availa ... e.ncpus = 24\n     resources_a)
2014:09:01 00:58:22 radical.pilot.MainProcess: [DEBUG   ] read : [   16] [ 1024] (vailable.ncpus = 24\n     reso ... ces_available.ncpus = 24\n    )
2014:09:01 00:58:22 radical.pilot.MainProcess: [DEBUG   ] read : [   16] [ 1024] ( resources_available.ncpus = 2 ... n     resources_available.ncpu)
2014:09:01 00:58:22 radical.pilot.MainProcess: [DEBUG   ] read : [   16] [ 1024] (s = 24\n     resources_availab ... .ncpus = 24\n     resources_av)
2014:09:01 00:58:22 radical.pilot.MainProcess: [DEBUG   ] read : [   16] [ 1024] (ailable.ncpus = 24\n     resou ... es_available.ncpus = 24\n     )
2014:09:01 00:58:22 radical.pilot.MainProcess: [DEBUG   ] read : [   16] [ 1024] (resources_available.ncpus = 24 ...      resources_available.ncpus)
2014:09:01 00:58:22 radical.pilot.MainProcess: [DEBUG   ] read : [   16] [ 1024] ( = 24\n     resources_availabl ... ncpus = 24\n     resources_ava)
2014:09:01 00:58:22 radical.pilot.MainProcess: [DEBUG   ] read : [   16] [ 1024] (ilable.ncpus = 24\n     resour ... s_available.ncpus = 24\n     r)
2014:09:01 00:58:22 radical.pilot.MainProcess: [DEBUG   ] read : [   16] [ 1024] (esources_available.ncpus = 24\ ...     resources_available.ncpus )
2014:09:01 00:58:22 radical.pilot.MainProcess: [DEBUG   ] read : [   16] [ 1024] (= 24\n     resources_available ... cpus = 24\n     resources_avai)
2014:09:01 00:58:22 radical.pilot.MainProcess: [DEBUG   ] read : [   16] [ 1024] (lable.ncpus = 24\n     resourc ... _available.ncpus = 24\n     re)
2014:09:01 00:58:22 radical.pilot.MainProcess: [DEBUG   ] read : [   16] [ 1024] (sources_available.ncpus = 24\n ...    resources_available.ncpus =)
2014:09:01 00:58:22 radical.pilot.MainProcess: [DEBUG   ] read : [   16] [ 1024] ( 24\n     resources_available. ... pus = 24\n     resources_avail)
2014:09:01 00:58:22 radical.pilot.MainProcess: [DEBUG   ] read : [   16] [ 1024] (able.ncpus = 24\n     resource ... available.ncpus = 24\n     res)
2014:09:01 00:58:22 radical.pilot.MainProcess: [DEBUG   ] read : [   16] [ 1024] (ources_available.ncpus = 24\n  ...   resources_available.ncpus = )
2014:09:01 00:58:22 radical.pilot.MainProcess: [DEBUG   ] read : [   16] [  754] (24\n     resources_available.n ... ailable.ncpus = 24\nPROMPT-0->)
2014:09:01 00:58:22 16509  PilotLauncherWorker-1 saga.PBSJobService    : [DEBUG   ] Found the following 'ppn' configurations: {16: 5, 80: 2, 24: 3008}.     Using 24 as default ppn.
2014:09:01 00:58:22 radical.pilot.MainProcess: [DEBUG   ] Bootstrap command line: /bin/bash ['-l', 'default_bootstrapper.sh', "-n radicalpilot -s 5403c49b198220407d8e64bb -p 5403c49c198220407d8e64bd -t 5 -d 10 -c 8 -v 0.19 -m ec2-184-72-89-141.compute-1.amazonaws.com:27017  -e 'module load python'  -g /fs4/e290/shared/shared_pilot_ve_20140703  -l PBSPRO  -j APRUN  -k APRUN  -f 10.60.0.52 "]
2014:09:01 00:58:22 radical.pilot.MainProcess: [DEBUG   ] Submitting SAGA job with description: {'Queue': 'debug', 'Executable': '/bin/bash', 'WorkingDirectory': '/fs4/e290/e290/antonst/radical.pilot.sandbox/pilot-5403c49c198220407d8e64bd', 'Project': 'e290', 'WallTimeLimit': 5, 'Arguments': ['-l', 'default_bootstrapper.sh', "-n radicalpilot -s 5403c49b198220407d8e64bb -p 5403c49c198220407d8e64bd -t 5 -d 10 -c 8 -v 0.19 -m ec2-184-72-89-141.compute-1.amazonaws.com:27017  -e 'module load python'  -g /fs4/e290/shared/shared_pilot_ve_20140703  -l PBSPRO  -j APRUN  -k APRUN  -f 10.60.0.52 "], 'Error': 'AGENT.STDERR', 'Output': 'AGENT.STDOUT', 'TotalCPUCount': 8}
2014:09:01 00:58:22 16509  PilotLauncherWorker-1 saga.PBSJobService    : [INFO    ] Using Cray XT (e.g. Archer) specific '#PBS -l select=xx' flags (PBSPro_12).
2014:09:01 00:58:22 16509  PilotLauncherWorker-1 saga.PBSJobService    : [INFO    ] Generated PBS script: 
#!/bin/bash 
#PBS -o /fs4/e290/e290/antonst/radical.pilot.sandbox/pilot-5403c49c198220407d8e64bd/AGENT.STDOUT 
#PBS -e /fs4/e290/e290/antonst/radical.pilot.sandbox/pilot-5403c49c198220407d8e64bd/AGENT.STDERR 
#PBS -l walltime=0:5:00 
#PBS -q debug 
#PBS -A e290 
#PBS -l select=1
export    PBS_O_WORKDIR=/fs4/e290/e290/antonst/radical.pilot.sandbox/pilot-5403c49c198220407d8e64bd 
mkdir -p  /fs4/e290/e290/antonst/radical.pilot.sandbox/pilot-5403c49c198220407d8e64bd
cd        /fs4/e290/e290/antonst/radical.pilot.sandbox/pilot-5403c49c198220407d8e64bd
/bin/bash -l default_bootstrapper.sh -n radicalpilot -s 5403c49b198220407d8e64bb -p 5403c49c198220407d8e64bd -t 5 -d 10 -c 8 -v 0.19 -m ec2-184-72-89-141.compute-1.amazonaws.com:27017  -e 'module load python'  -g /fs4/e290/shared/shared_pilot_ve_20140703  -l PBSPRO  -j APRUN  -k APRUN  -f 10.60.0.52  
2014:09:01 00:58:22 16509  PilotLauncherWorker-1 saga.PBSJobService    : [INFO    ] Creating working directory /fs4/e290/e290/antonst/radical.pilot.sandbox/pilot-5403c49c198220407d8e64bd
2014:09:01 00:58:22 16509  PilotLauncherWorker-1 saga.PTYShell         : [DEBUG   ] run_sync: mkdir -p /fs4/e290/e290/antonst/radical.pilot.sandbox/pilot-5403c49c198220407d8e64bd
2014:09:01 00:58:22 radical.pilot.MainProcess: [DEBUG   ] write: [   16] [   85] (mkdir -p /fs4/e290/e290/antonst/radical.pilot.sandbox/pilot-5403c49c198220407d8e64bd\n)
2014:09:01 00:58:22 radical.pilot.MainProcess: [DEBUG   ] read : [   16] [   10] (PROMPT-0->)
2014:09:01 00:58:22 16509  PilotLauncherWorker-1 saga.PTYShell         : [DEBUG   ] run_sync: SCRIPTFILE=`mktemp -t SAGA-Python-PBSJobScript.XXXXXX` &&  echo "
#!/bin/bash 
#PBS -o /fs4/e290/e290/antonst/radical.pilot.sandbox/pilot-5403c49c198220407d8e64bd/AGENT.STDOUT 
#PBS -e /fs4/e290/e290/antonst/radical.pilot.sandbox/pilot-5403c49c198220407d8e64bd/AGENT.STDERR 
#PBS -l walltime=0:5:00 
#PBS -q debug 
#PBS -A e290 
#PBS -l select=1
export    PBS_O_WORKDIR=/fs4/e290/e290/antonst/radical.pilot.sandbox/pilot-5403c49c198220407d8e64bd 
mkdir -p  /fs4/e290/e290/antonst/radical.pilot.sandbox/pilot-5403c49c198220407d8e64bd
cd        /fs4/e290/e290/antonst/radical.pilot.sandbox/pilot-5403c49c198220407d8e64bd
/bin/bash -l default_bootstrapper.sh -n radicalpilot -s 5403c49b198220407d8e64bb -p 5403c49c198220407d8e64bd -t 5 -d 10 -c 8 -v 0.19 -m ec2-184-72-89-141.compute-1.amazonaws.com:27017  -e 'module load python'  -g /fs4/e290/shared/shared_pilot_ve_20140703  -l PBSPRO  -j APRUN  -k APRUN  -f 10.60.0.52  " > $SCRIPTFILE && /opt/pbs/12.1.400.132424/bin/qsub $SCRIPTFILE && rm -f $SCRIPTFILE
2014:09:01 00:58:22 radical.pilot.MainProcess: [DEBUG   ] write: [   16] [ 1007] (SCRIPTFILE=`mktemp -t SAGA-Pyt ... IPTFILE && rm -f $SCRIPTFILE\n)
2014:09:01 00:58:22 radical.pilot.MainProcess: [DEBUG   ] read : [   16] [   12] (523750.sdb\n)
2014:09:01 00:58:22 radical.pilot.MainProcess: [DEBUG   ] read : [   16] [   10] (PROMPT-0->)
2014:09:01 00:58:22 16509  PilotLauncherWorker-1 saga.PBSJobService    : [INFO    ] Submitted PBS job with id: [pbs+ssh://login.archer.ac.uk]-[523750]
2014:09:01 00:58:22 16509  PilotLauncherWorker-1 saga.PBSJobService    : [INFO    ] assign job id  None / [pbs+ssh://login.archer.ac.uk]-[523750] / None to watch list (['[pbs+ssh://login.archer.ac.uk]-[523750]'])
2014:09:01 00:58:22 radical.pilot.MainProcess: [DEBUG   ] SAGA job submitted with job id [pbs+ssh://login.archer.ac.uk]-[523750]
2014:09:01 00:58:28 radical.pilot.MainProcess: [INFO    ] ComputePilot '5403c49c198220407d8e64bd' state changed from 'Launching' to 'Active'.
2014:09:01 00:58:28 radical.pilot.MainProcess: [DEBUG   ] [SchedulerCallback]: ComputePilot 5403c49c198220407d8e64bd changed to Active
2014:09:01 00:58:28 radical.pilot.MainProcess: [INFO    ] RUN ComputeUnit '5403c4a0198220407d8e64c2' state changed from 'New' to 'PendingExecution'.
2014:09:01 00:58:28 radical.pilot.MainProcess: [DEBUG   ] [SchedulerCallback]: Computeunit 5403c4a0198220407d8e64c2 changed to PendingExecution
2014:09:01 00:58:28 radical.pilot.MainProcess: [INFO    ] RUN ComputeUnit '5403c4a0198220407d8e64c1' state changed from 'New' to 'PendingExecution'.
2014:09:01 00:58:28 radical.pilot.MainProcess: [DEBUG   ] [SchedulerCallback]: Computeunit 5403c4a0198220407d8e64c1 changed to PendingExecution
2014:09:01 00:58:28 radical.pilot.MainProcess: [INFO    ] RUN ComputeUnit '5403c4a0198220407d8e64bf' state changed from 'New' to 'PendingExecution'.
2014:09:01 00:58:28 radical.pilot.MainProcess: [DEBUG   ] [SchedulerCallback]: Computeunit 5403c4a0198220407d8e64bf changed to PendingExecution
2014:09:01 00:58:28 radical.pilot.MainProcess: [INFO    ] Scheduled ComputeUnits [<radical.pilot.compute_unit.ComputeUnit object at 0xb669528c>, <radical.pilot.compute_unit.ComputeUnit object at 0xb669e9cc>, <radical.pilot.compute_unit.ComputeUnit object at 0xb66bce4c>, <radical.pilot.compute_unit.ComputeUnit object at 0xb669e26c>] for execution on ComputePilot '5403c49c198220407d8e64bd'.
2014:09:01 00:58:28 radical.pilot.MainProcess: [INFO    ] 0 units remain unscheduled
2014:09:01 00:58:28 radical.pilot.MainProcess: [INFO    ] RUN ComputeUnit '5403c4a0198220407d8e64c0' state changed from 'New' to 'PendingExecution'.
2014:09:01 00:58:28 radical.pilot.MainProcess: [DEBUG   ] [SchedulerCallback]: Computeunit 5403c4a0198220407d8e64c0 changed to PendingExecution
2014:09:01 00:58:29 radical.pilot.MainProcess: [INFO    ] RUN ComputeUnit '5403c4a0198220407d8e64c2' state changed from 'PendingExecution' to 'Scheduling'.
2014:09:01 00:58:29 radical.pilot.MainProcess: [DEBUG   ] [SchedulerCallback]: Computeunit 5403c4a0198220407d8e64c2 changed to Scheduling
2014:09:01 00:58:30 radical.pilot.MainProcess: [INFO    ] RUN ComputeUnit '5403c4a0198220407d8e64c1' state changed from 'PendingExecution' to 'Scheduling'.
2014:09:01 00:58:30 radical.pilot.MainProcess: [DEBUG   ] [SchedulerCallback]: Computeunit 5403c4a0198220407d8e64c1 changed to Scheduling
2014:09:01 00:58:30 radical.pilot.MainProcess: [INFO    ] RUN ComputeUnit '5403c4a0198220407d8e64c2' state changed from 'Scheduling' to 'Executing'.
2014:09:01 00:58:30 radical.pilot.MainProcess: [DEBUG   ] [SchedulerCallback]: Computeunit 5403c4a0198220407d8e64c2 changed to Executing
2014:09:01 00:58:30 radical.pilot.MainProcess: [INFO    ] RUN ComputeUnit '5403c4a0198220407d8e64c1' state changed from 'Scheduling' to 'Executing'.
2014:09:01 00:58:30 radical.pilot.MainProcess: [DEBUG   ] [SchedulerCallback]: Computeunit 5403c4a0198220407d8e64c1 changed to Executing
2014:09:01 00:58:30 radical.pilot.MainProcess: [INFO    ] RUN ComputeUnit '5403c4a0198220407d8e64bf' state changed from 'PendingExecution' to 'Scheduling'.
2014:09:01 00:58:30 radical.pilot.MainProcess: [DEBUG   ] [SchedulerCallback]: Computeunit 5403c4a0198220407d8e64bf changed to Scheduling
2014:09:01 00:58:30 radical.pilot.MainProcess: [INFO    ] RUN ComputeUnit '5403c4a0198220407d8e64bf' state changed from 'Scheduling' to 'Executing'.
2014:09:01 00:58:30 radical.pilot.MainProcess: [DEBUG   ] [SchedulerCallback]: Computeunit 5403c4a0198220407d8e64bf changed to Executing
2014:09:01 00:58:30 radical.pilot.MainProcess: [INFO    ] RUN ComputeUnit '5403c4a0198220407d8e64c0' state changed from 'PendingExecution' to 'Scheduling'.
2014:09:01 00:58:30 radical.pilot.MainProcess: [DEBUG   ] [SchedulerCallback]: Computeunit 5403c4a0198220407d8e64c0 changed to Scheduling
2014:09:01 00:58:30 radical.pilot.MainProcess: [INFO    ] RUN ComputeUnit '5403c4a0198220407d8e64c0' state changed from 'Scheduling' to 'Executing'.
2014:09:01 00:58:30 radical.pilot.MainProcess: [DEBUG   ] [SchedulerCallback]: Computeunit 5403c4a0198220407d8e64c0 changed to Executing
2014:09:01 00:58:31 radical.pilot.MainProcess: [INFO    ] RUN ComputeUnit '5403c4a0198220407d8e64c2' state changed from 'Executing' to 'Done'.
2014:09:01 00:58:31 radical.pilot.MainProcess: [DEBUG   ] [SchedulerCallback]: Computeunit 5403c4a0198220407d8e64c2 changed to Done
2014:09:01 00:58:31 radical.pilot.MainProcess: [INFO    ] 0 units remain unscheduled
2014:09:01 00:58:32 radical.pilot.MainProcess: [INFO    ] RUN ComputeUnit '5403c4a0198220407d8e64c0' state changed from 'Executing' to 'Done'.
2014:09:01 00:58:32 radical.pilot.MainProcess: [DEBUG   ] [SchedulerCallback]: Computeunit 5403c4a0198220407d8e64c0 changed to Done
2014:09:01 00:58:32 radical.pilot.MainProcess: [INFO    ] 0 units remain unscheduled
2014:09:01 00:58:32 16509  PilotLauncherWorker-1 saga.PBSJobService    : [INFO    ] Job monitoring thread stopped.
2014:09:01 00:58:33 radical.pilot.MainProcess: [INFO    ] ComputePilot '5403c49c198220407d8e64bd' state changed from 'Active' to 'PendingActive'.
2014:09:01 00:58:33 radical.pilot.MainProcess: [DEBUG   ] [SchedulerCallback]: ComputePilot 5403c49c198220407d8e64bd changed to PendingActive
2014:09:01 00:58:33 radical.pilot.MainProcess: [INFO    ] RUN ComputeUnit '5403c4a0198220407d8e64c1' state changed from 'Executing' to 'Done'.
2014:09:01 00:58:33 radical.pilot.MainProcess: [DEBUG   ] [SchedulerCallback]: Computeunit 5403c4a0198220407d8e64c1 changed to Done
2014:09:01 00:58:33 radical.pilot.MainProcess: [INFO    ] 0 units remain unscheduled
2014:09:01 00:58:35 radical.pilot.MainProcess: [INFO    ] RUN ComputeUnit '5403c4a0198220407d8e64bf' state changed from 'Executing' to 'Done'.
2014:09:01 00:58:35 radical.pilot.MainProcess: [DEBUG   ] [SchedulerCallback]: Computeunit 5403c4a0198220407d8e64bf changed to Done
[Callback]: ComputePilot '5403c49c198220407d8e64bd' state: Launching.
[Callback]: ComputePilot '5403c49c198220407d8e64bd' state: Active.
[Callback]: ComputeUnit  '5403c4a0198220407d8e64c2' state: PendingExecution.
[Callback]: ComputeUnit  '5403c4a0198220407d8e64c1' state: PendingExecution.
[Callback]: ComputeUnit  '5403c4a0198220407d8e64bf' state: PendingExecution.
[Callback]: ComputeUnit  '5403c4a0198220407d8e64c0' state: PendingExecution.
[Callback]: ComputeUnit  '5403c4a0198220407d8e64c2' state: Scheduling.
[Callback]: ComputeUnit  '5403c4a0198220407d8e64c1' state: Scheduling.
[Callback]: ComputeUnit  '5403c4a0198220407d8e64c2' state: Executing.
[Callback]: ComputeUnit  '5403c4a0198220407d8e64c1' state: Executing.
[Callback]: ComputeUnit  '5403c4a0198220407d8e64bf' state: Scheduling.
[Callback]: ComputeUnit  '5403c4a0198220407d8e64bf' state: Executing.
[Callback]: ComputeUnit  '5403c4a0198220407d8e64c0' state: Scheduling.
[Callback]: ComputeUnit  '5403c4a0198220407d8e64c0' state: Executing.
[Callback]: ComputeUnit  '5403c4a0198220407d8e64c2' state: Done.
[Callback]: ComputeUnit  '5403c4a0198220407d8e64c0' state: Done.
[Callback]: ComputePilot '5403c49c198220407d8e64bd' state: PendingActive.
[Callback]: ComputeUnit  '5403c4a0198220407d8e64c1' state: Done.
* Task 5403c4a0198220407d8e64bf - state: Done, exit code: 0, started: 2014-09-01 00:58:30.535000, finished: 2014-09-01 00:58:35.774000, stdout: [... CONTENT SHORTENED ...]
2.1.91.ari/bin:/opt/cray/job/1.5.5-0.1_2.0501.48066.2.43.ari/bin:/opt/cray/xpmem/0.1-2.0501.48424.3.3.ari/bin:/opt/cray/dmapp/7.0.1-1.0501.8315.8.4.ari/bin:/opt/cray/pmi/5.0.3-1.0000.9981.128.2.ari/bin:/opt/cray/ugni/5.0-1.0501.8253.10.22.ari/bin:/opt/cray/udreg/2.3.2-1.0501.7914.1.13.ari/bin:/opt/cray/cce/8.2.6/cray-binutils/x86_64-unknown-linux-gnu/bin:/opt/cray/cce/8.2.6/craylibs/x86-64/bin:/opt/cray/cce/8.2.6/cftn/bin:/opt/cray/cce/8.2.6/CC/bin:/opt/cray/craype/2.1.1/bin:/opt/cray/switch/1.0-1.0501.47124.1.93.ari/bin:/opt/cray/eslogin/eswrap/1.1.0-1.010400.915.0/bin:/opt/modules/3.2.6.7/bin:/usr/local/bin:/usr/bin:/bin:/usr/bin/X11:/usr/X11R6/bin:/usr/games:/usr/lib64/jvm/jre/bin:/usr/lib/mit/bin:/usr/lib/mit/sbin:/sbin:/usr/sbin:.:/usr/lib/qt3/bin:/opt/cray/bin
_=/opt/cray/alps/5.1.1-2.0501.8507.1.1.ari/bin/aprun
TZ=Europe/London
CRAY_PORTALS_USE_BLOCKING_POLL=no
ALPS_APP_DEPTH=1
ALPS_APP_ID=9913502
ALPS_APP_PE=0
Application 9913502 resources: utime ~0s, stime ~0s, Rss ~4228, inblocks ~35, outblocks ~96

Traceback (most recent call last):
  File "mpi_archer_test.py", line 105, in <module>
    assert ('mpi rank 0/4' in unit.stdout)
AssertionError
