2014:09:06 21:52:12 radical.pilot.MainProcess: [INFO    ] radical.pilot version: 0.19
2014:09:06 21:52:12 9808   MainThread   saga                  : [INFO    ] saga-python     version: 0.18
2014:09:06 21:52:12 9808   MainThread   saga.Engine           : [INFO    ] Loading  adaptor saga.adaptors.context.myproxy
2014:09:06 21:52:12 9808   MainThread   saga.Engine           : [INFO    ] Register adaptor saga.adaptors.context.myproxy for saga.Context API with URL scheme(s) ['myproxy://']
2014:09:06 21:52:12 9808   MainThread   saga.Engine           : [INFO    ] Loading  adaptor saga.adaptors.context.x509
2014:09:06 21:52:12 9808   MainThread   saga.Engine           : [INFO    ] Register adaptor saga.adaptors.context.x509 for saga.Context API with URL scheme(s) ['x509://']
2014:09:06 21:52:12 9808   MainThread   saga.Engine           : [INFO    ] Loading  adaptor saga.adaptors.context.ssh
2014:09:06 21:52:12 9808   MainThread   saga.Engine           : [INFO    ] Register adaptor saga.adaptors.context.ssh for saga.Context API with URL scheme(s) ['ssh://']
2014:09:06 21:52:12 9808   MainThread   saga.Engine           : [INFO    ] Loading  adaptor saga.adaptors.context.userpass
2014:09:06 21:52:12 9808   MainThread   saga.Engine           : [INFO    ] Register adaptor saga.adaptors.context.userpass for saga.Context API with URL scheme(s) ['userpass://']
2014:09:06 21:52:12 9808   MainThread   saga.Engine           : [INFO    ] Loading  adaptor saga.adaptors.shell.shell_job
2014:09:06 21:52:12 9808   MainThread   saga.Engine           : [INFO    ] Register adaptor saga.adaptors.shell.shell_job for saga.job.Service API with URL scheme(s) ['fork://', 'local://', 'ssh://', 'gsissh://']
2014:09:06 21:52:12 9808   MainThread   saga.Engine           : [INFO    ] Register adaptor saga.adaptors.shell.shell_job for saga.job.Job API with URL scheme(s) ['fork://', 'local://', 'ssh://', 'gsissh://']
2014:09:06 21:52:12 9808   MainThread   saga.Engine           : [INFO    ] Loading  adaptor saga.adaptors.shell.shell_file
2014:09:06 21:52:12 9808   MainThread   saga.Engine           : [INFO    ] Register adaptor saga.adaptors.shell.shell_file for saga.namespace.Directory API with URL scheme(s) ['file://', 'local://', 'sftp://', 'gsisftp://', 'ssh://', 'gsissh://']
2014:09:06 21:52:12 9808   MainThread   saga.Engine           : [INFO    ] Register adaptor saga.adaptors.shell.shell_file for saga.namespace.Entry API with URL scheme(s) ['file://', 'local://', 'sftp://', 'gsisftp://', 'ssh://', 'gsissh://']
2014:09:06 21:52:12 9808   MainThread   saga.Engine           : [INFO    ] Register adaptor saga.adaptors.shell.shell_file for saga.filesystem.Directory API with URL scheme(s) ['file://', 'local://', 'sftp://', 'gsisftp://', 'ssh://', 'gsissh://']
2014:09:06 21:52:12 9808   MainThread   saga.Engine           : [INFO    ] Register adaptor saga.adaptors.shell.shell_file for saga.filesystem.File API with URL scheme(s) ['file://', 'local://', 'sftp://', 'gsisftp://', 'ssh://', 'gsissh://']
2014:09:06 21:52:12 9808   MainThread   saga.Engine           : [INFO    ] Loading  adaptor saga.adaptors.shell.shell_resource
2014:09:06 21:52:12 9808   MainThread   saga.Engine           : [WARNING ] Skipping adaptor saga.adaptors.shell.shell_resource: beta versions are disabled (v0.1.beta)
2014:09:06 21:52:12 9808   MainThread   saga.Engine           : [INFO    ] Loading  adaptor saga.adaptors.redis.redis_advert
2014:09:06 21:52:12 9808   MainThread   saga.Engine           : [ERROR   ] Skipping adaptor saga.adaptors.redis.redis_advert 1: module loading failed: No module named redis
2014:09:06 21:52:12 9808   MainThread   saga.Engine           : [INFO    ] Loading  adaptor saga.adaptors.sge.sgejob
2014:09:06 21:52:12 9808   MainThread   saga.Engine           : [INFO    ] Register adaptor saga.adaptors.sge.sgejob for saga.job.Service API with URL scheme(s) ['sge://', 'sge+ssh://', 'sge+gsissh://']
2014:09:06 21:52:12 9808   MainThread   saga.Engine           : [INFO    ] Register adaptor saga.adaptors.sge.sgejob for saga.job.Job API with URL scheme(s) ['sge://', 'sge+ssh://', 'sge+gsissh://']
2014:09:06 21:52:12 9808   MainThread   saga.Engine           : [INFO    ] Loading  adaptor saga.adaptors.pbs.pbsjob
2014:09:06 21:52:12 9808   MainThread   saga.Engine           : [INFO    ] Register adaptor saga.adaptors.pbs.pbsjob for saga.job.Service API with URL scheme(s) ['pbs://', 'pbs+ssh://', 'pbs+gsissh://']
2014:09:06 21:52:12 9808   MainThread   saga.Engine           : [INFO    ] Register adaptor saga.adaptors.pbs.pbsjob for saga.job.Job API with URL scheme(s) ['pbs://', 'pbs+ssh://', 'pbs+gsissh://']
2014:09:06 21:52:12 9808   MainThread   saga.Engine           : [INFO    ] Loading  adaptor saga.adaptors.lsf.lsfjob
2014:09:06 21:52:12 9808   MainThread   saga.Engine           : [INFO    ] Register adaptor saga.adaptors.lsf.lsfjob for saga.job.Service API with URL scheme(s) ['lsf://', 'lsf+ssh://', 'lsf+gsissh://']
2014:09:06 21:52:12 9808   MainThread   saga.Engine           : [INFO    ] Register adaptor saga.adaptors.lsf.lsfjob for saga.job.Job API with URL scheme(s) ['lsf://', 'lsf+ssh://', 'lsf+gsissh://']
2014:09:06 21:52:12 9808   MainThread   saga.Engine           : [INFO    ] Loading  adaptor saga.adaptors.irods.irods_replica
2014:09:06 21:52:12 9808   MainThread   saga.Engine           : [ERROR   ] Skipping adaptor saga.adaptors.irods.irods_replica: failed self test: Could not run iRODS/ils.  Check iRODSenvironment and certificates ('module' object has no attribute 'logger') (/work/e290/e290/antonst/rp-env/lib/python2.7/site-packages/saga_python-0.18-py2.7.egg/saga/adaptors/irods/irods_replica.py +200 (sanity_check)  :  "environment and certificates (%s)" % ex))
2014:09:06 21:52:12 9808   MainThread   saga.Engine           : [INFO    ] Loading  adaptor saga.adaptors.condor.condorjob
2014:09:06 21:52:12 9808   MainThread   saga.Engine           : [INFO    ] Register adaptor saga.adaptors.condor.condorjob for saga.job.Service API with URL scheme(s) ['condor://', 'condor+ssh://', 'condor+gsissh://']
2014:09:06 21:52:12 9808   MainThread   saga.Engine           : [INFO    ] Register adaptor saga.adaptors.condor.condorjob for saga.job.Job API with URL scheme(s) ['condor://', 'condor+ssh://', 'condor+gsissh://']
2014:09:06 21:52:12 9808   MainThread   saga.Engine           : [INFO    ] Loading  adaptor saga.adaptors.slurm.slurm_job
2014:09:06 21:52:12 9808   MainThread   saga.Engine           : [INFO    ] Register adaptor saga.adaptors.slurm.slurm_job for saga.job.Service API with URL scheme(s) ['slurm://', 'slurm+ssh://', 'slurm+gsissh://']
2014:09:06 21:52:12 9808   MainThread   saga.Engine           : [INFO    ] Register adaptor saga.adaptors.slurm.slurm_job for saga.job.Job API with URL scheme(s) ['slurm://', 'slurm+ssh://', 'slurm+gsissh://']
2014:09:06 21:52:12 9808   MainThread   saga.Engine           : [INFO    ] Loading  adaptor saga.adaptors.http.http_file
2014:09:06 21:52:12 9808   MainThread   saga.Engine           : [INFO    ] Register adaptor saga.adaptors.http.http_file for saga.namespace.Entry API with URL scheme(s) ['http://', 'https://']
2014:09:06 21:52:12 9808   MainThread   saga.Engine           : [INFO    ] Register adaptor saga.adaptors.http.http_file for saga.filesystem.File API with URL scheme(s) ['http://', 'https://']
2014:09:06 21:52:12 9808   MainThread   saga.Engine           : [INFO    ] Loading  adaptor saga.adaptors.aws.ec2_resource
2014:09:06 21:52:12 9808   MainThread   saga.Engine           : [INFO    ] Register adaptor saga.adaptors.aws.ec2_resource for saga.Context API with URL scheme(s) ['ec2://', 'ec2_keypair://', 'openstack://', 'eucalyptus://', 'euca://', 'aws://', 'amazon://', 'http://', 'https://']
2014:09:06 21:52:12 9808   MainThread   saga.Engine           : [INFO    ] Register adaptor saga.adaptors.aws.ec2_resource for saga.resource.Manager API with URL scheme(s) ['ec2://', 'ec2_keypair://', 'openstack://', 'eucalyptus://', 'euca://', 'aws://', 'amazon://', 'http://', 'https://']
2014:09:06 21:52:12 9808   MainThread   saga.Engine           : [INFO    ] Register adaptor saga.adaptors.aws.ec2_resource for saga.resource.Compute API with URL scheme(s) ['ec2://', 'ec2_keypair://', 'openstack://', 'eucalyptus://', 'euca://', 'aws://', 'amazon://', 'http://', 'https://']
2014:09:06 21:52:12 9808   MainThread   saga.Engine           : [INFO    ] Loading  adaptor saga.adaptors.loadl.loadljob
2014:09:06 21:52:12 9808   MainThread   saga.Engine           : [INFO    ] Register adaptor saga.adaptors.loadl.loadljob for saga.job.Service API with URL scheme(s) ['loadl://', 'loadl+ssh://', 'loadl+gsissh://']
2014:09:06 21:52:12 9808   MainThread   saga.Engine           : [INFO    ] Register adaptor saga.adaptors.loadl.loadljob for saga.job.Job API with URL scheme(s) ['loadl://', 'loadl+ssh://', 'loadl+gsissh://']
2014:09:06 21:52:12 9808   MainThread   saga.saga.adaptor.ssh : [INFO    ] ignore ssh key at /home/e290/e290/antonst/.ssh/authorized_keys (no public key: /home/e290/e290/antonst/.ssh/authorized_keys.pub)
2014:09:06 21:52:12 9808   MainThread   saga.saga.adaptor.ssh : [INFO    ] ignore ssh key at /home/e290/e290/antonst/.ssh/known_hosts (no public key: /home/e290/e290/antonst/.ssh/known_hosts.pub)
2014:09:06 21:52:12 9808   MainThread   saga.saga.adaptor.ssh : [INFO    ] default ssh key at /home/e290/e290/antonst/.ssh/self_rsa
2014:09:06 21:52:12 9808   MainThread   saga.saga.adaptor.ssh : [INFO    ] default ssh key at /home/e290/e290/antonst/.ssh/id_rsa
2014:09:06 21:52:12 9808   MainThread   saga.DefaultSession   : [DEBUG   ] adding  context : {'LifeTime' : '-1', 'Type' : 'ssh', 'UserCert' : '/home/e290/e290/antonst/.ssh/self_rsa.pub', 'UserKey' : '/home/e290/e290/antonst/.ssh/self_rsa'}
2014:09:06 21:52:12 9808   MainThread   saga.ContextSSH       : [INFO    ] init SSH context for key  at '/home/e290/e290/antonst/.ssh/self_rsa' done
2014:09:06 21:52:12 9808   MainThread   saga.DefaultSession   : [DEBUG   ] default context [saga.adaptor.ssh    ] : {'LifeTime' : '-1', 'Type' : 'ssh', 'UserCert' : '/home/e290/e290/antonst/.ssh/self_rsa.pub', 'UserKey' : '/home/e290/e290/antonst/.ssh/self_rsa'}
2014:09:06 21:52:12 9808   MainThread   saga.DefaultSession   : [DEBUG   ] adding  context : {'LifeTime' : '-1', 'Type' : 'ssh', 'UserCert' : '/home/e290/e290/antonst/.ssh/id_rsa.pub', 'UserKey' : '/home/e290/e290/antonst/.ssh/id_rsa'}
2014:09:06 21:52:12 9808   MainThread   saga.ContextSSH       : [INFO    ] init SSH context for key  at '/home/e290/e290/antonst/.ssh/id_rsa' done
2014:09:06 21:52:12 9808   MainThread   saga.DefaultSession   : [DEBUG   ] default context [saga.adaptor.ssh    ] : {'LifeTime' : '-1', 'Type' : 'ssh', 'UserCert' : '/home/e290/e290/antonst/.ssh/id_rsa.pub', 'UserKey' : '/home/e290/e290/antonst/.ssh/id_rsa'}
2014:09:06 21:52:12 radical.pilot.MainProcess: [INFO    ] using database url  mongodb://ec2-184-72-89-141.compute-1.amazonaws.com:27017/
2014:09:06 21:52:12 radical.pilot.MainProcess: [INFO    ] using database name radicalpilot
2014:09:06 21:52:12 radical.pilot.MainProcess: [INFO    ] Loaded resource configurations from /work/e290/e290/antonst/rp-env/lib/python2.7/site-packages/radical.pilot-0.19-py2.7.egg/radical/pilot/configs/localhost.json
2014:09:06 21:52:12 radical.pilot.MainProcess: [INFO    ] Loaded resource configurations from /work/e290/e290/antonst/rp-env/lib/python2.7/site-packages/radical.pilot-0.19-py2.7.egg/radical/pilot/configs/futuregrid.json
2014:09:06 21:52:12 radical.pilot.MainProcess: [INFO    ] Loaded resource configurations from /work/e290/e290/antonst/rp-env/lib/python2.7/site-packages/radical.pilot-0.19-py2.7.egg/radical/pilot/configs/xsede.json
2014:09:06 21:52:12 radical.pilot.MainProcess: [INFO    ] Loaded resource configurations from /work/e290/e290/antonst/rp-env/lib/python2.7/site-packages/radical.pilot-0.19-py2.7.egg/radical/pilot/configs/ncar.json
2014:09:06 21:52:12 radical.pilot.MainProcess: [INFO    ] Loaded resource configurations from /work/e290/e290/antonst/rp-env/lib/python2.7/site-packages/radical.pilot-0.19-py2.7.egg/radical/pilot/configs/epsrc.json
2014:09:06 21:52:12 radical.pilot.MainProcess: [INFO    ] Loaded resource configurations from /work/e290/e290/antonst/rp-env/lib/python2.7/site-packages/radical.pilot-0.19-py2.7.egg/radical/pilot/configs/iu.json
2014:09:06 21:52:12 radical.pilot.MainProcess: [INFO    ] Loaded resource configurations from /work/e290/e290/antonst/rp-env/lib/python2.7/site-packages/radical.pilot-0.19-py2.7.egg/radical/pilot/configs/das4.json
2014:09:06 21:52:13 radical.pilot.MainProcess: [INFO    ] Loaded resource configurations from /work/e290/e290/antonst/rp-env/lib/python2.7/site-packages/radical.pilot-0.19-py2.7.egg/radical/pilot/configs/lrz.json
2014:09:06 21:52:14 radical.pilot.MainProcess: [INFO    ] New Session created{'database_url': 'mongodb://ec2-184-72-89-141.compute-1.amazonaws.com:27017/', 'database_name': 'radicalpilot', 'last_reconnect': None, 'uid': '540b73fc2fab7b26500a4a05', 'created': datetime.datetime(2014, 9, 6, 20, 52, 13, 31444)}.
2014:09:06 21:52:14 9808   MainThread   saga.radical.pilot.Session: [DEBUG   ] adding  context : {'LifeTime' : '-1', 'Type' : 'ssh', 'UserID' : 'antonst'}
2014:09:06 21:52:14 radical.pilot.MainProcess: [DEBUG   ] Worker thread (ID: Thread-1[46912624559872]) for PilotManager 540b73fe2fab7b26500a4a06 started.
2014:09:06 21:52:14 radical.pilot.MainProcess: [DEBUG   ] Connected to MongoDB. Serving requests for PilotManager 540b73fe2fab7b26500a4a06.
2014:09:06 21:52:14 radical.pilot.MainProcess: [INFO    ] Starting InputFileTransferWorker
2014:09:06 21:52:14 radical.pilot.MainProcess: [INFO    ] Starting InputFileTransferWorker
2014:09:06 21:52:14 radical.pilot.MainProcess: [DEBUG   ] Worker thread (ID: Thread-3[46912635066112]) for UnitManager 540b73fe2fab7b26500a4a08 started.
2014:09:06 21:52:14 radical.pilot.MainProcess: [INFO    ] Loaded scheduler: DirectSubmissionScheduler.
2014:09:06 21:52:14 radical.pilot.MainProcess: [INFO    ] Launching ComputePilot {u'state': u'PendingLaunch', u'commands': [], u'description': {u'project': u'e290', u'resource': u'archer.ac.uk:local', u'queue': u'standard', u'sandbox': None, u'cleanup': True, u'pilot_agent_priv': None, u'memory': None, u'cores': 1, u'runtime': 5}, u'sagajobid': None, u'started': None, u'cores_per_node': None, u'output_transfer_started': None, u'finished': None, u'submitted': datetime.datetime(2014, 9, 6, 20, 52, 14, 475000), u'output_transfer_finished': None, u'sandbox': u'file://localhost/home/e290/e290/antonst/radical.pilot.sandbox/pilot-540b73fe2fab7b26500a4a07/', u'pilotmanager': u'540b73fe2fab7b26500a4a06', u'unitmanager': None, u'heartbeat': None, u'statehistory': [{u'timestamp': datetime.datetime(2014, 9, 6, 20, 52, 14, 474000), u'state': u'PendingLaunch'}], u'input_transfer_started': None, u'_id': ObjectId('540b73fe2fab7b26500a4a07'), u'input_transfer_finished': None, u'nodes': None, u'log': []}
2014:09:06 21:52:14 radical.pilot.MainProcess: [INFO    ] Using pilot agent /fs4/e290/e290/antonst/rp-env/lib/python2.7/site-packages/radical.pilot-0.19-py2.7.egg/radical/pilot/agent/radical-pilot-agent-multicore.py
2014:09:06 21:52:14 radical.pilot.MainProcess: [INFO    ] Using bootstrapper /fs4/e290/e290/antonst/rp-env/lib/python2.7/site-packages/radical.pilot-0.19-py2.7.egg/radical/pilot/bootstrapper/default_bootstrapper.sh
2014:09:06 21:52:14 radical.pilot.MainProcess: [DEBUG   ] Creating agent sandbox 'file://localhost/home/e290/e290/antonst/radical.pilot.sandbox/pilot-540b73fe2fab7b26500a4a07/'.
2014:09:06 21:52:14 9808   PilotLauncherWorker-1 saga.ShellDirectory   : [DEBUG   ] PTYShell init <saga.utils.pty_shell.PTYShell object at 0x13be7d0>
2014:09:06 21:52:14 9808   PilotLauncherWorker-1 saga.ShellDirectory   : [INFO    ] PTY prompt pattern: [\$#%>\]]\s*$
2014:09:06 21:52:14 9808   PilotLauncherWorker-1 saga.ShellDirectory   : [DEBUG   ] open master pty for [sh] [localhost] antonst: /usr/bin/env TERM=vt100  "/bin/bash"  -i'
2014:09:06 21:52:14 9808   PilotLauncherWorker-1 saga.ShellDirectory   : [DEBUG   ] PTYProcess init <saga.utils.pty_process.PTYProcess object at 0x13bead0>
2014:09:06 21:52:14 9808   PilotLauncherWorker-1 saga.ShellDirectory   : [INFO    ] running: /usr/bin/env TERM=vt100 /bin/bash -i
2014:09:06 21:52:14 9808   PilotLauncherWorker-1 saga.ShellDirectory   : [DEBUG   ] write: [   10] [   33] ( export PS1='$' ; set prompt='$'\n)
2014:09:06 21:52:14 radical.pilot.MainProcess: [DEBUG   ] Connected to MongoDB. Serving requests for UnitManager 540b73fe2fab7b26500a4a08.
2014:09:06 21:52:14 radical.pilot.MainProcess: [DEBUG   ] Connected to MongoDB. Serving requests for UnitManager 540b73fe2fab7b26500a4a08.
2014:09:06 21:52:14 radical.pilot.MainProcess: [DEBUG   ] Connected to MongoDB. Serving requests for UnitManager 540b73fe2fab7b26500a4a08.
2014:09:06 21:52:14 radical.pilot.MainProcess: [DEBUG   ] Connected to MongoDB. Serving requests for UnitManager 540b73fe2fab7b26500a4a08.2014:09:06 21:52:14 9808   PilotLauncherWorker-1 saga.ShellDirectory   : [DEBUG   ] read : [   10] [   67] ((rp-env)antonst@eslogin008:/work/e290/e290/antonst/rp-19-testing> $)

2014:09:06 21:52:14 9808   PilotLauncherWorker-1 saga.ShellDirectory   : [DEBUG   ] got initial shell prompt (5) ((rp-env)antonst@eslogin008:/work/e290/e290/antonst/rp-19-testing> $)
2014:09:06 21:52:14 9808   PilotLauncherWorker-1 saga.ShellDirectory   : [DEBUG   ] Got initial shell prompt (5) ((rp-env)antonst@eslogin008:/work/e290/e290/antonst/rp-19-testing> $)
2014:09:06 21:52:14 9808   PilotLauncherWorker-1 saga.ShellDirectory   : [DEBUG   ] PTYProcess init <saga.utils.pty_process.PTYProcess object at 0x13bee90>
2014:09:06 21:52:14 9808   PilotLauncherWorker-1 saga.ShellDirectory   : [INFO    ] running: /usr/bin/env TERM=vt100 /bin/bash -i
2014:09:06 21:52:14 9808   PilotLauncherWorker-1 saga.ShellDirectory   : [DEBUG   ] write: [   11] [   33] ( export PS1='$' ; set prompt='$'\n)
2014:09:06 21:52:15 9808   PilotLauncherWorker-1 saga.ShellDirectory   : [DEBUG   ] read : [   11] [   66] ((rp-env)antonst@eslogin008:/work/e290/e290/antonst/rp-19-testing> )
2014:09:06 21:52:15 9808   PilotLauncherWorker-1 saga.ShellDirectory   : [DEBUG   ] got initial shell prompt (5) ((rp-env)antonst@eslogin008:/work/e290/e290/antonst/rp-19-testing> )
2014:09:06 21:52:15 9808   PilotLauncherWorker-1 saga.ShellDirectory   : [DEBUG   ] Got initial shell prompt (5) ((rp-env)antonst@eslogin008:/work/e290/e290/antonst/rp-19-testing> )
2014:09:06 21:52:15 9808   PilotLauncherWorker-1 saga.ShellDirectory   : [DEBUG   ] running command shell:         exec /bin/sh -i
2014:09:06 21:52:15 9808   PilotLauncherWorker-1 saga.ShellDirectory   : [DEBUG   ] write: [   11] [   47] ( stty -echo ; unset HISTFILE ; exec /bin/sh -i\n)
2014:09:06 21:52:15 9808   PilotLauncherWorker-1 saga.ShellDirectory   : [DEBUG   ] read : [   11] [    1] ($)
2014:09:06 21:52:15 9808   PilotLauncherWorker-1 saga.ShellDirectory   : [DEBUG   ] write: [   11] [  100] ( unset PROMPT_COMMAND ;  unset HISTFILE ; PS1='PROMPT-$?->'; PS2=''; export PS1 PS2 2>&1 >/dev/null\n)
2014:09:06 21:52:15 9808   PilotLauncherWorker-1 saga.ShellDirectory   : [DEBUG   ] read : [   11] [   50] (eslogin008:/work/e290/e290/antonst/rp-19-testing> )
2014:09:06 21:52:15 9808   PilotLauncherWorker-1 saga.ShellDirectory   : [DEBUG   ] read : [   11] [   10] (PROMPT-0->)
2014:09:06 21:52:15 9808   PilotLauncherWorker-1 saga.ShellDirectory   : [DEBUG   ] got new shell prompt
2014:09:06 21:52:15 9808   PilotLauncherWorker-1 saga.ShellDirectory   : [DEBUG   ] run_sync: cd /fs4/e290/e290/antonst/rp-19-testing
2014:09:06 21:52:15 9808   PilotLauncherWorker-1 saga.ShellDirectory   : [DEBUG   ] write: [   11] [   40] (cd /fs4/e290/e290/antonst/rp-19-testing\n)
2014:09:06 21:52:15 9808   PilotLauncherWorker-1 saga.ShellDirectory   : [DEBUG   ] read : [   11] [   10] (PROMPT-0->)
2014:09:06 21:52:15 9808   PilotLauncherWorker-1 saga.ShellDirectory   : [DEBUG   ] run_sync: mkdir -p '/home/e290/e290/antonst/radical.pilot.sandbox/pilot-540b73fe2fab7b26500a4a07' ;  cd '/home/e290/e290/antonst/radical.pilot.sandbox/pilot-540b73fe2fab7b26500a4a07'
2014:09:06 21:52:15 9808   PilotLauncherWorker-1 saga.ShellDirectory   : [DEBUG   ] write: [   11] [  173] (mkdir -p '/home/e290/e290/antonst/radical.pilot.sandbox/pilot-540b73fe2fab7b26500a4a07' ;  cd '/home/e290/e290/antonst/radical.pilot.sandbox/pilot-540b73fe2fab7b26500a4a07'\n)
2014:09:06 21:52:15 9808   PilotLauncherWorker-1 saga.ShellDirectory   : [DEBUG   ] read : [   11] [   10] (PROMPT-0->)
2014:09:06 21:52:15 9808   PilotLauncherWorker-1 saga.ShellDirectory   : [DEBUG   ] initialized directory (0)()
2014:09:06 21:52:15 9808   PilotLauncherWorker-1 saga.ShellDirectory   : [DEBUG   ] PTYShell init <saga.utils.pty_shell.PTYShell object at 0x13bc250>
2014:09:06 21:52:15 9808   PilotLauncherWorker-1 saga.ShellDirectory   : [INFO    ] PTY prompt pattern: [\$#%>\]]\s*$
2014:09:06 21:52:15 9808   PilotLauncherWorker-1 saga.ShellDirectory   : [DEBUG   ] PTYProcess init <saga.utils.pty_process.PTYProcess object at 0x11043d0>
2014:09:06 21:52:15 9808   PilotLauncherWorker-1 saga.ShellDirectory   : [INFO    ] running: /usr/bin/env TERM=vt100 /bin/bash -i
2014:09:06 21:52:15 9808   PilotLauncherWorker-1 saga.ShellDirectory   : [DEBUG   ] write: [   12] [   33] ( export PS1='$' ; set prompt='$'\n)
2014:09:06 21:52:15 9808   PilotLauncherWorker-1 saga.ShellDirectory   : [DEBUG   ] read : [   12] [   67] ((rp-env)antonst@eslogin008:/work/e290/e290/antonst/rp-19-testing> $)
2014:09:06 21:52:15 9808   PilotLauncherWorker-1 saga.ShellDirectory   : [DEBUG   ] got initial shell prompt (5) ((rp-env)antonst@eslogin008:/work/e290/e290/antonst/rp-19-testing> $)
2014:09:06 21:52:15 9808   PilotLauncherWorker-1 saga.ShellDirectory   : [DEBUG   ] Got initial shell prompt (5) ((rp-env)antonst@eslogin008:/work/e290/e290/antonst/rp-19-testing> $)
2014:09:06 21:52:15 9808   PilotLauncherWorker-1 saga.ShellDirectory   : [DEBUG   ] running command shell:         exec /bin/sh -i
2014:09:06 21:52:15 9808   PilotLauncherWorker-1 saga.ShellDirectory   : [DEBUG   ] write: [   12] [   47] ( stty -echo ; unset HISTFILE ; exec /bin/sh -i\n)
2014:09:06 21:52:15 9808   PilotLauncherWorker-1 saga.ShellDirectory   : [DEBUG   ] read : [   12] [   50] (eslogin008:/work/e290/e290/antonst/rp-19-testing> )
2014:09:06 21:52:15 9808   PilotLauncherWorker-1 saga.ShellDirectory   : [DEBUG   ] write: [   12] [  100] ( unset PROMPT_COMMAND ;  unset HISTFILE ; PS1='PROMPT-$?->'; PS2=''; export PS1 PS2 2>&1 >/dev/null\n)
2014:09:06 21:52:15 9808   PilotLauncherWorker-1 saga.ShellDirectory   : [DEBUG   ] read : [   12] [   10] (PROMPT-0->)
2014:09:06 21:52:15 9808   PilotLauncherWorker-1 saga.ShellDirectory   : [DEBUG   ] got new shell prompt
2014:09:06 21:52:15 9808   PilotLauncherWorker-1 saga.ShellDirectory   : [DEBUG   ] run_sync: cd /fs4/e290/e290/antonst/rp-19-testing
2014:09:06 21:52:15 9808   PilotLauncherWorker-1 saga.ShellDirectory   : [DEBUG   ] write: [   12] [   40] (cd /fs4/e290/e290/antonst/rp-19-testing\n)
2014:09:06 21:52:15 9808   PilotLauncherWorker-1 saga.ShellDirectory   : [DEBUG   ] read : [   12] [   10] (PROMPT-0->)
2014:09:06 21:52:15 9808   PilotLauncherWorker-1 saga.ShellDirectory   : [DEBUG   ] PTYShell del  <saga.utils.pty_shell.PTYShell object at 0x13be7d0>
2014:09:06 21:52:15 9808   PilotLauncherWorker-1 saga.ShellDirectory   : [DEBUG   ] PTYProcess del  <saga.utils.pty_process.PTYProcess object at 0x13bee90>
2014:09:06 21:52:15 9808   PilotLauncherWorker-1 saga.ShellDirectory   : [DEBUG   ] PTYShell del  <saga.utils.pty_shell.PTYShell object at 0x13bc250>
2014:09:06 21:52:15 9808   PilotLauncherWorker-1 saga.ShellDirectory   : [DEBUG   ] PTYProcess del  <saga.utils.pty_process.PTYProcess object at 0x11043d0>
2014:09:06 21:52:15 radical.pilot.MainProcess: [DEBUG   ] Copying bootstrapper 'file://localhost//fs4/e290/e290/antonst/rp-env/lib/python2.7/site-packages/radical.pilot-0.19-py2.7.egg/radical/pilot/bootstrapper/default_bootstrapper.sh' to agent sandbox (file://localhost/home/e290/e290/antonst/radical.pilot.sandbox/pilot-540b73fe2fab7b26500a4a07/).
2014:09:06 21:52:15 9808   PilotLauncherWorker-1 saga.ShellFile        : [INFO    ] init_instance file://localhost//fs4/e290/e290/antonst/rp-env/lib/python2.7/site-packages/radical.pilot-0.19-py2.7.egg/radical/pilot/bootstrapper/default_bootstrapper.sh
2014:09:06 21:52:15 9808   PilotLauncherWorker-1 saga.ShellFile        : [DEBUG   ] PTYShell init <saga.utils.pty_shell.PTYShell object at 0x150ead0>
2014:09:06 21:52:15 9808   PilotLauncherWorker-1 saga.ShellFile        : [INFO    ] PTY prompt pattern: [\$#%>\]]\s*$
2014:09:06 21:52:15 9808   PilotLauncherWorker-1 saga.ShellDirectory   : [DEBUG   ] PTYProcess init <saga.utils.pty_process.PTYProcess object at 0x150ec90>
2014:09:06 21:52:15 9808   PilotLauncherWorker-1 saga.ShellDirectory   : [INFO    ] running: /usr/bin/env TERM=vt100 /bin/bash -i
2014:09:06 21:52:15 9808   PilotLauncherWorker-1 saga.ShellDirectory   : [DEBUG   ] write: [   12] [   33] ( export PS1='$' ; set prompt='$'\n)
2014:09:06 21:52:15 9808   PilotLauncherWorker-1 saga.ShellDirectory   : [DEBUG   ] read : [   12] [   67] ((rp-env)antonst@eslogin008:/work/e290/e290/antonst/rp-19-testing> $)
2014:09:06 21:52:15 9808   PilotLauncherWorker-1 saga.ShellDirectory   : [DEBUG   ] got initial shell prompt (5) ((rp-env)antonst@eslogin008:/work/e290/e290/antonst/rp-19-testing> $)
2014:09:06 21:52:15 9808   PilotLauncherWorker-1 saga.ShellDirectory   : [DEBUG   ] Got initial shell prompt (5) ((rp-env)antonst@eslogin008:/work/e290/e290/antonst/rp-19-testing> $)
2014:09:06 21:52:15 9808   PilotLauncherWorker-1 saga.ShellFile        : [DEBUG   ] running command shell:         exec /bin/sh -i
2014:09:06 21:52:15 9808   PilotLauncherWorker-1 saga.ShellDirectory   : [DEBUG   ] write: [   12] [   47] ( stty -echo ; unset HISTFILE ; exec /bin/sh -i\n)
2014:09:06 21:52:15 9808   PilotLauncherWorker-1 saga.ShellDirectory   : [DEBUG   ] read : [   12] [   50] (eslogin008:/work/e290/e290/antonst/rp-19-testing> )
2014:09:06 21:52:15 9808   PilotLauncherWorker-1 saga.ShellDirectory   : [DEBUG   ] write: [   12] [  100] ( unset PROMPT_COMMAND ;  unset HISTFILE ; PS1='PROMPT-$?->'; PS2=''; export PS1 PS2 2>&1 >/dev/null\n)
2014:09:06 21:52:15 9808   PilotLauncherWorker-1 saga.ShellDirectory   : [DEBUG   ] read : [   12] [   10] (PROMPT-0->)
2014:09:06 21:52:15 9808   PilotLauncherWorker-1 saga.ShellFile        : [DEBUG   ] got new shell prompt
2014:09:06 21:52:15 9808   PilotLauncherWorker-1 saga.ShellFile        : [DEBUG   ] run_sync: cd /fs4/e290/e290/antonst/rp-19-testing
2014:09:06 21:52:15 9808   PilotLauncherWorker-1 saga.ShellDirectory   : [DEBUG   ] write: [   12] [   40] (cd /fs4/e290/e290/antonst/rp-19-testing\n)
2014:09:06 21:52:15 9808   PilotLauncherWorker-1 saga.ShellDirectory   : [DEBUG   ] read : [   12] [   10] (PROMPT-0->)
2014:09:06 21:52:15 9808   PilotLauncherWorker-1 saga.ShellFile        : [DEBUG   ] run_sync: true; test -r '//fs4/e290/e290/antonst/rp-env/lib/python2.7/site-packages/radical.pilot-0.19-py2.7.egg/radical/pilot/bootstrapper/default_bootstrapper.sh'
2014:09:06 21:52:15 9808   PilotLauncherWorker-1 saga.ShellDirectory   : [DEBUG   ] write: [   12] [  155] (true; test -r '//fs4/e290/e290/antonst/rp-env/lib/python2.7/site-packages/radical.pilot-0.19-py2.7.egg/radical/pilot/bootstrapper/default_bootstrapper.sh'\n)
2014:09:06 21:52:15 9808   PilotLauncherWorker-1 saga.ShellDirectory   : [DEBUG   ] read : [   12] [   10] (PROMPT-0->)
2014:09:06 21:52:15 9808   PilotLauncherWorker-1 saga.ShellFile        : [INFO    ] file initialized (0)()
2014:09:06 21:52:15 9808   PilotLauncherWorker-1 saga.ShellFile        : [DEBUG   ] PTYShell init <saga.utils.pty_shell.PTYShell object at 0x150ee50>
2014:09:06 21:52:15 9808   PilotLauncherWorker-1 saga.ShellFile        : [INFO    ] PTY prompt pattern: [\$#%>\]]\s*$
2014:09:06 21:52:15 9808   PilotLauncherWorker-1 saga.ShellDirectory   : [DEBUG   ] PTYProcess init <saga.utils.pty_process.PTYProcess object at 0x150ee90>
2014:09:06 21:52:15 9808   PilotLauncherWorker-1 saga.ShellDirectory   : [INFO    ] running: /usr/bin/env TERM=vt100 /bin/bash -i
2014:09:06 21:52:15 9808   PilotLauncherWorker-1 saga.ShellDirectory   : [DEBUG   ] write: [   13] [   33] ( export PS1='$' ; set prompt='$'\n)
2014:09:06 21:52:15 radical.pilot.MainProcess: [INFO    ] ComputePilot '540b73fe2fab7b26500a4a07' state changed from 'PendingLaunch' to 'Launching'.
2014:09:06 21:52:15 9808   PilotLauncherWorker-1 saga.ShellDirectory   : [DEBUG   ] read : [   13] [   66] ((rp-env)antonst@eslogin008:/work/e290/e290/antonst/rp-19-testing> )
2014:09:06 21:52:15 9808   PilotLauncherWorker-1 saga.ShellDirectory   : [DEBUG   ] got initial shell prompt (5) ((rp-env)antonst@eslogin008:/work/e290/e290/antonst/rp-19-testing> )
2014:09:06 21:52:15 9808   PilotLauncherWorker-1 saga.ShellDirectory   : [DEBUG   ] Got initial shell prompt (5) ((rp-env)antonst@eslogin008:/work/e290/e290/antonst/rp-19-testing> )
2014:09:06 21:52:15 9808   PilotLauncherWorker-1 saga.ShellFile        : [DEBUG   ] running command shell:         exec /bin/sh -i
2014:09:06 21:52:15 9808   PilotLauncherWorker-1 saga.ShellDirectory   : [DEBUG   ] write: [   13] [   47] ( stty -echo ; unset HISTFILE ; exec /bin/sh -i\n)
2014:09:06 21:52:15 9808   PilotLauncherWorker-1 saga.ShellDirectory   : [DEBUG   ] read : [   13] [    1] ($)
2014:09:06 21:52:15 9808   PilotLauncherWorker-1 saga.ShellDirectory   : [DEBUG   ] write: [   13] [  100] ( unset PROMPT_COMMAND ;  unset HISTFILE ; PS1='PROMPT-$?->'; PS2=''; export PS1 PS2 2>&1 >/dev/null\n)
2014:09:06 21:52:15 9808   PilotLauncherWorker-1 saga.ShellDirectory   : [DEBUG   ] read : [   13] [   50] (eslogin008:/work/e290/e290/antonst/rp-19-testing> )
2014:09:06 21:52:15 9808   PilotLauncherWorker-1 saga.ShellDirectory   : [DEBUG   ] read : [   13] [   10] (PROMPT-0->)
2014:09:06 21:52:15 9808   PilotLauncherWorker-1 saga.ShellFile        : [DEBUG   ] got new shell prompt
2014:09:06 21:52:15 9808   PilotLauncherWorker-1 saga.ShellFile        : [DEBUG   ] run_sync: cd /fs4/e290/e290/antonst/rp-19-testing
2014:09:06 21:52:15 9808   PilotLauncherWorker-1 saga.ShellDirectory   : [DEBUG   ] write: [   13] [   40] (cd /fs4/e290/e290/antonst/rp-19-testing\n)
2014:09:06 21:52:15 9808   PilotLauncherWorker-1 saga.ShellDirectory   : [DEBUG   ] read : [   13] [   10] (PROMPT-0->)
2014:09:06 21:52:15 9808   PilotLauncherWorker-1 saga.ShellFile        : [DEBUG   ] run_sync: cp  '//fs4/e290/e290/antonst/rp-env/lib/python2.7/site-packages/radical.pilot-0.19-py2.7.egg/radical/pilot/bootstrapper/default_bootstrapper.sh' '/home/e290/e290/antonst/radical.pilot.sandbox/pilot-540b73fe2fab7b26500a4a07'
2014:09:06 21:52:15 9808   PilotLauncherWorker-1 saga.ShellDirectory   : [DEBUG   ] write: [   12] [  224] (cp  '//fs4/e290/e290/antonst/rp-env/lib/python2.7/site-packages/radical.pilot-0.19-py2.7.egg/radical/pilot/bootstrapper/default_bootstrapper.sh' '/home/e290/e290/antonst/radical.pilot.sandbox/pilot-540b73fe2fab7b26500a4a07'\n)
2014:09:06 21:52:15 9808   PilotLauncherWorker-1 saga.ShellDirectory   : [DEBUG   ] read : [   12] [   10] (PROMPT-0->)
2014:09:06 21:52:15 radical.pilot.MainProcess: [DEBUG   ] Copying agent 'file://localhost//fs4/e290/e290/antonst/rp-env/lib/python2.7/site-packages/radical.pilot-0.19-py2.7.egg/radical/pilot/agent/radical-pilot-agent-multicore.py' to agent sandbox (file://localhost/home/e290/e290/antonst/radical.pilot.sandbox/pilot-540b73fe2fab7b26500a4a07/).
2014:09:06 21:52:15 9808   PilotLauncherWorker-1 saga.ShellFile        : [INFO    ] init_instance file://localhost//fs4/e290/e290/antonst/rp-env/lib/python2.7/site-packages/radical.pilot-0.19-py2.7.egg/radical/pilot/agent/radical-pilot-agent-multicore.py
2014:09:06 21:52:15 9808   PilotLauncherWorker-1 saga.ShellFile        : [DEBUG   ] run_sync: true; test -r '//fs4/e290/e290/antonst/rp-env/lib/python2.7/site-packages/radical.pilot-0.19-py2.7.egg/radical/pilot/agent/radical-pilot-agent-multicore.py'
2014:09:06 21:52:15 9808   PilotLauncherWorker-1 saga.ShellDirectory   : [DEBUG   ] write: [   12] [  157] (true; test -r '//fs4/e290/e290/antonst/rp-env/lib/python2.7/site-packages/radical.pilot-0.19-py2.7.egg/radical/pilot/agent/radical-pilot-agent-multicore.py'\n)
2014:09:06 21:52:15 9808   PilotLauncherWorker-1 saga.ShellDirectory   : [DEBUG   ] read : [   12] [   10] (PROMPT-0->)
2014:09:06 21:52:15 9808   PilotLauncherWorker-1 saga.ShellFile        : [INFO    ] file initialized (0)()
2014:09:06 21:52:15 9808   PilotLauncherWorker-1 saga.ShellFile        : [DEBUG   ] run_sync: cp  '//fs4/e290/e290/antonst/rp-env/lib/python2.7/site-packages/radical.pilot-0.19-py2.7.egg/radical/pilot/agent/radical-pilot-agent-multicore.py' '/home/e290/e290/antonst/radical.pilot.sandbox/pilot-540b73fe2fab7b26500a4a07/radical-pilot-agent.py'
2014:09:06 21:52:15 9808   PilotLauncherWorker-1 saga.ShellDirectory   : [DEBUG   ] write: [   12] [  249] (cp  '//fs4/e290/e290/antonst/rp-env/lib/python2.7/site-packages/radical.pilot-0.19-py2.7.egg/radical/pilot/agent/radical-pilot-agent-multicore.py' '/home/e290/e290/antonst/radical.pilot.sandbox/pilot-540b73fe2fab7b26500a4a07/radical-pilot-agent.py'\n)
2014:09:06 21:52:15 9808   PilotLauncherWorker-1 saga.ShellDirectory   : [DEBUG   ] read : [   12] [   10] (PROMPT-0->)
2014:09:06 21:52:15 9808   PilotLauncherWorker-1 saga.PTYShell         : [DEBUG   ] PTYShell init <saga.utils.pty_shell.PTYShell object at 0x1362ed0>
2014:09:06 21:52:15 9808   PilotLauncherWorker-1 saga.PTYShell         : [INFO    ] PTY prompt pattern: [\$#%>\]]\s*$
2014:09:06 21:52:15 9808   PilotLauncherWorker-1 saga.ShellDirectory   : [DEBUG   ] PTYProcess init <saga.utils.pty_process.PTYProcess object at 0x1111c50>
2014:09:06 21:52:15 9808   PilotLauncherWorker-1 saga.ShellDirectory   : [INFO    ] running: /usr/bin/env TERM=vt100 /bin/bash -i
2014:09:06 21:52:15 9808   PilotLauncherWorker-1 saga.ShellDirectory   : [DEBUG   ] write: [   14] [   33] ( export PS1='$' ; set prompt='$'\n)
2014:09:06 21:52:15 9808   PilotLauncherWorker-1 saga.ShellDirectory   : [DEBUG   ] read : [   14] [   67] ((rp-env)antonst@eslogin008:/work/e290/e290/antonst/rp-19-testing> $)
2014:09:06 21:52:15 9808   PilotLauncherWorker-1 saga.ShellDirectory   : [DEBUG   ] got initial shell prompt (5) ((rp-env)antonst@eslogin008:/work/e290/e290/antonst/rp-19-testing> $)
2014:09:06 21:52:15 9808   PilotLauncherWorker-1 saga.ShellDirectory   : [DEBUG   ] Got initial shell prompt (5) ((rp-env)antonst@eslogin008:/work/e290/e290/antonst/rp-19-testing> $)
2014:09:06 21:52:15 9808   PilotLauncherWorker-1 saga.PTYShell         : [DEBUG   ] running command shell:         exec /bin/sh -i
2014:09:06 21:52:15 9808   PilotLauncherWorker-1 saga.ShellDirectory   : [DEBUG   ] write: [   14] [   47] ( stty -echo ; unset HISTFILE ; exec /bin/sh -i\n)
2014:09:06 21:52:15 9808   PilotLauncherWorker-1 saga.ShellDirectory   : [DEBUG   ] read : [   14] [   50] (eslogin008:/work/e290/e290/antonst/rp-19-testing> )
2014:09:06 21:52:15 9808   PilotLauncherWorker-1 saga.ShellDirectory   : [DEBUG   ] write: [   14] [  100] ( unset PROMPT_COMMAND ;  unset HISTFILE ; PS1='PROMPT-$?->'; PS2=''; export PS1 PS2 2>&1 >/dev/null\n)
2014:09:06 21:52:15 9808   PilotLauncherWorker-1 saga.ShellDirectory   : [DEBUG   ] read : [   14] [   10] (PROMPT-0->)
2014:09:06 21:52:15 9808   PilotLauncherWorker-1 saga.PTYShell         : [DEBUG   ] got new shell prompt
2014:09:06 21:52:15 9808   PilotLauncherWorker-1 saga.PTYShell         : [DEBUG   ] run_sync: cd /fs4/e290/e290/antonst/rp-19-testing
2014:09:06 21:52:15 9808   PilotLauncherWorker-1 saga.ShellDirectory   : [DEBUG   ] write: [   14] [   40] (cd /fs4/e290/e290/antonst/rp-19-testing\n)
2014:09:06 21:52:15 9808   PilotLauncherWorker-1 saga.ShellDirectory   : [DEBUG   ] read : [   14] [   10] (PROMPT-0->)
2014:09:06 21:52:15 9808   PilotLauncherWorker-1 saga.PTYShell         : [DEBUG   ] run_sync: which qdel
2014:09:06 21:52:15 9808   PilotLauncherWorker-1 saga.ShellDirectory   : [DEBUG   ] write: [   14] [   11] (which qdel\n)
2014:09:06 21:52:15 9808   PilotLauncherWorker-1 saga.ShellDirectory   : [DEBUG   ] read : [   14] [   35] (/opt/pbs/12.1.400.132424/bin/qdel\n)
2014:09:06 21:52:15 9808   PilotLauncherWorker-1 saga.ShellDirectory   : [DEBUG   ] read : [   14] [   10] (PROMPT-0->)
2014:09:06 21:52:15 9808   PilotLauncherWorker-1 saga.PTYShell         : [DEBUG   ] run_sync: which qsub
2014:09:06 21:52:15 9808   PilotLauncherWorker-1 saga.ShellDirectory   : [DEBUG   ] write: [   14] [   11] (which qsub\n)
2014:09:06 21:52:15 9808   PilotLauncherWorker-1 saga.ShellDirectory   : [DEBUG   ] read : [   14] [   35] (/opt/pbs/12.1.400.132424/bin/qsub\n)
2014:09:06 21:52:15 9808   PilotLauncherWorker-1 saga.ShellDirectory   : [DEBUG   ] read : [   14] [   10] (PROMPT-0->)
2014:09:06 21:52:15 9808   PilotLauncherWorker-1 saga.PTYShell         : [DEBUG   ] run_sync: qsub --version
2014:09:06 21:52:15 9808   PilotLauncherWorker-1 saga.ShellDirectory   : [DEBUG   ] write: [   14] [   15] (qsub --version\n)
2014:09:06 21:52:15 9808   PilotLauncherWorker-1 saga.ShellDirectory   : [DEBUG   ] read : [   14] [   38] (pbs_version = PBSPro_12.1.400.132424\n)
2014:09:06 21:52:15 9808   PilotLauncherWorker-1 saga.ShellDirectory   : [DEBUG   ] read : [   14] [   10] (PROMPT-0->)
2014:09:06 21:52:15 9808   PilotLauncherWorker-1 saga.PTYShell         : [DEBUG   ] run_sync: which pbsnodes
2014:09:06 21:52:15 9808   PilotLauncherWorker-1 saga.ShellDirectory   : [DEBUG   ] write: [   14] [   15] (which pbsnodes\n)
2014:09:06 21:52:15 9808   PilotLauncherWorker-1 saga.ShellDirectory   : [DEBUG   ] read : [   14] [   39] (/opt/pbs/12.1.400.132424/bin/pbsnodes\n)
2014:09:06 21:52:15 9808   PilotLauncherWorker-1 saga.ShellDirectory   : [DEBUG   ] read : [   14] [   10] (PROMPT-0->)
2014:09:06 21:52:15 9808   PilotLauncherWorker-1 saga.PTYShell         : [DEBUG   ] run_sync: pbsnodes --version
2014:09:06 21:52:15 9808   PilotLauncherWorker-1 saga.ShellDirectory   : [DEBUG   ] write: [   14] [   19] (pbsnodes --version\n)
2014:09:06 21:52:15 9808   PilotLauncherWorker-1 saga.ShellDirectory   : [DEBUG   ] read : [   14] [   38] (pbs_version = PBSPro_12.1.400.132424\n)
2014:09:06 21:52:15 9808   PilotLauncherWorker-1 saga.ShellDirectory   : [DEBUG   ] read : [   14] [   10] (PROMPT-0->)
2014:09:06 21:52:15 9808   PilotLauncherWorker-1 saga.PTYShell         : [DEBUG   ] run_sync: which qstat
2014:09:06 21:52:15 9808   PilotLauncherWorker-1 saga.ShellDirectory   : [DEBUG   ] write: [   14] [   12] (which qstat\n)
2014:09:06 21:52:15 9808   PilotLauncherWorker-1 saga.ShellDirectory   : [DEBUG   ] read : [   14] [   36] (/opt/pbs/12.1.400.132424/bin/qstat\n)
2014:09:06 21:52:15 9808   PilotLauncherWorker-1 saga.ShellDirectory   : [DEBUG   ] read : [   14] [   10] (PROMPT-0->)
2014:09:06 21:52:15 9808   PilotLauncherWorker-1 saga.PTYShell         : [DEBUG   ] run_sync: qstat --version
2014:09:06 21:52:15 9808   PilotLauncherWorker-1 saga.ShellDirectory   : [DEBUG   ] write: [   14] [   16] (qstat --version\n)
2014:09:06 21:52:15 9808   PilotLauncherWorker-1 saga.ShellDirectory   : [DEBUG   ] read : [   14] [   38] (pbs_version = PBSPro_12.1.400.132424\n)
2014:09:06 21:52:15 9808   PilotLauncherWorker-1 saga.ShellDirectory   : [DEBUG   ] read : [   14] [   10] (PROMPT-0->)
2014:09:06 21:52:15 9808   PilotLauncherWorker-1 saga.PBSJobService    : [INFO    ] Found PBS tools: {'qdel': {'path': '/opt/pbs/12.1.400.132424/bin/qdel', 'version': '?'}, 'qsub': {'path': '/opt/pbs/12.1.400.132424/bin/qsub', 'version': 'pbs_version = PBSPro_12.1.400.132424\n'}, 'pbsnodes': {'path': '/opt/pbs/12.1.400.132424/bin/pbsnodes', 'version': 'pbs_version = PBSPro_12.1.400.132424\n'}, 'qstat': {'path': '/opt/pbs/12.1.400.132424/bin/qstat', 'version': 'pbs_version = PBSPro_12.1.400.132424\n'}}
2014:09:06 21:52:15 9808   PilotLauncherWorker-1 saga.PTYShell         : [DEBUG   ] run_sync: which aprun
2014:09:06 21:52:15 9808   PilotLauncherWorker-1 saga.ShellDirectory   : [DEBUG   ] write: [   14] [   12] (which aprun\n)
2014:09:06 21:52:15 9808   PilotLauncherWorker-1 saga.ShellDirectory   : [DEBUG   ] read : [   14] [   57] (/opt/cray/eslogin/eswrap/1.1.0-1.010400.915.0/bin/aprun\n)
2014:09:06 21:52:15 9808   PilotLauncherWorker-1 saga.ShellDirectory   : [DEBUG   ] read : [   14] [   10] (PROMPT-0->)
2014:09:06 21:52:15 9808   PilotLauncherWorker-1 saga.PBSJobService    : [INFO    ] Host 'localhost' seems to be a Cray XT class machine.
2014:09:06 21:52:15 9808   PilotLauncherWorker-1 saga.PTYShell         : [DEBUG   ] run_sync: unset GREP_OPTIONS; /opt/pbs/12.1.400.132424/bin/pbsnodes -a | grep -E "resources_available.ncpus"
2014:09:06 21:52:15 9808   PilotLauncherWorker-1 saga.ShellDirectory   : [DEBUG   ] write: [   14] [   99] (unset GREP_OPTIONS; /opt/pbs/12.1.400.132424/bin/pbsnodes -a | grep -E "resources_available.ncpus"\n)
2014:09:06 21:52:16 radical.pilot.MainProcess: [INFO    ] RUN ComputeUnit '540b73fe2fab7b26500a4a0c' state changed from 'New' to 'PendingExecution'.
2014:09:06 21:52:16 radical.pilot.MainProcess: [INFO    ] RUN ComputeUnit '540b73fe2fab7b26500a4a0f' state changed from 'New' to 'PendingExecution'.
2014:09:06 21:52:16 radical.pilot.MainProcess: [INFO    ] RUN ComputeUnit '540b73fe2fab7b26500a4a0a' state changed from 'New' to 'PendingExecution'.
2014:09:06 21:52:16 radical.pilot.MainProcess: [INFO    ] RUN ComputeUnit '540b73fe2fab7b26500a4a0d' state changed from 'New' to 'PendingExecution'.
2014:09:06 21:52:16 radical.pilot.MainProcess: [INFO    ] RUN ComputeUnit '540b73fe2fab7b26500a4a11' state changed from 'New' to 'PendingExecution'.
2014:09:06 21:52:16 radical.pilot.MainProcess: [INFO    ] RUN ComputeUnit '540b73fe2fab7b26500a4a10' state changed from 'New' to 'PendingExecution'.
2014:09:06 21:52:16 radical.pilot.MainProcess: [INFO    ] RUN ComputeUnit '540b73fe2fab7b26500a4a0b' state changed from 'New' to 'PendingExecution'.
2014:09:06 21:52:16 radical.pilot.MainProcess: [INFO    ] RUN ComputeUnit '540b73fe2fab7b26500a4a12' state changed from 'New' to 'PendingExecution'.
2014:09:06 21:52:16 radical.pilot.MainProcess: [INFO    ] RUN ComputeUnit '540b73fe2fab7b26500a4a0e' state changed from 'New' to 'PendingExecution'.
2014:09:06 21:52:17 radical.pilot.MainProcess: [INFO    ] Scheduled ComputeUnits [<radical.pilot.compute_unit.ComputeUnit object at 0x13bc610>, <radical.pilot.compute_unit.ComputeUnit object at 0x13bc850>, <radical.pilot.compute_unit.ComputeUnit object at 0x13bc490>, <radical.pilot.compute_unit.ComputeUnit object at 0x13bc6d0>, <radical.pilot.compute_unit.ComputeUnit object at 0x13bc9d0>, <radical.pilot.compute_unit.ComputeUnit object at 0x13bc910>, <radical.pilot.compute_unit.ComputeUnit object at 0x13bc550>, <radical.pilot.compute_unit.ComputeUnit object at 0x13bca90>, <radical.pilot.compute_unit.ComputeUnit object at 0x13bc790>, <radical.pilot.compute_unit.ComputeUnit object at 0x147dbd0>] for execution on ComputePilot '540b73fe2fab7b26500a4a07'.
2014:09:06 21:52:17 radical.pilot.MainProcess: [INFO    ] 0 units remain unscheduled
2014:09:06 21:52:17 radical.pilot.MainProcess: [INFO    ] RUN ComputeUnit '540b73fe2fab7b26500a4a09' state changed from 'New' to 'PendingExecution'.
2014:09:06 21:52:23 9808   PilotLauncherWorker-1 saga.ShellDirectory   : [DEBUG   ] read : [   14] [  148] (     resources_available.ncpus = 16\n     resources_available.ncpus = 16\n     resources_available.ncpus = 16\n     resources_available.ncpus = 16\n)
2014:09:06 21:52:23 9808   PilotLauncherWorker-1 saga.ShellDirectory   : [DEBUG   ] read : [   14] [ 1024] (     resources_available.ncpus ...  24\n     resources_available.)
2014:09:06 21:52:23 9808   PilotLauncherWorker-1 saga.ShellDirectory   : [DEBUG   ] read : [   14] [ 1024] (ncpus = 24\n     resources_ava ... able.ncpus = 24\n     resource)
2014:09:06 21:52:23 9808   PilotLauncherWorker-1 saga.ShellDirectory   : [DEBUG   ] read : [   14] [ 1024] (s_available.ncpus = 24\n     r ... ources_available.ncpus = 24\n )
2014:09:06 21:52:23 9808   PilotLauncherWorker-1 saga.ShellDirectory   : [DEBUG   ] read : [   14] [ 1024] (    resources_available.ncpus  ... 24\n     resources_available.n)
2014:09:06 21:52:23 9808   PilotLauncherWorker-1 saga.ShellDirectory   : [DEBUG   ] read : [   14] [ 1024] (cpus = 24\n     resources_avai ... ble.ncpus = 24\n     resources)
2014:09:06 21:52:23 9808   PilotLauncherWorker-1 saga.ShellDirectory   : [DEBUG   ] read : [   14] [  911] (_available.ncpus = 24\n     re ... sources_available.ncpus = 24\n)
2014:09:06 21:52:23 9808   PilotLauncherWorker-1 saga.ShellDirectory   : [DEBUG   ] read : [   14] [  888] (     resources_available.ncpus ... sources_available.ncpus = 24\n)
2014:09:06 21:52:23 9808   PilotLauncherWorker-1 saga.ShellDirectory   : [DEBUG   ] read : [   14] [  851] (     resources_available.ncpus ... sources_available.ncpus = 24\n)
2014:09:06 21:52:23 9808   PilotLauncherWorker-1 saga.ShellDirectory   : [DEBUG   ] read : [   14] [  703] (     resources_available.ncpus ... sources_available.ncpus = 24\n)
2014:09:06 21:52:23 9808   PilotLauncherWorker-1 saga.ShellDirectory   : [DEBUG   ] read : [   14] [ 1024] (     resources_available.ncpus ...  24\n     resources_available.)
2014:09:06 21:52:23 9808   PilotLauncherWorker-1 saga.ShellDirectory   : [DEBUG   ] read : [   14] [  900] (ncpus = 24\n     resources_ava ... sources_available.ncpus = 24\n)
2014:09:06 21:52:23 9808   PilotLauncherWorker-1 saga.ShellDirectory   : [DEBUG   ] read : [   14] [  962] (     resources_available.ncpus ... sources_available.ncpus = 24\n)
2014:09:06 21:52:23 9808   PilotLauncherWorker-1 saga.ShellDirectory   : [DEBUG   ] read : [   14] [  888] (     resources_available.ncpus ... sources_available.ncpus = 24\n)
2014:09:06 21:52:23 9808   PilotLauncherWorker-1 saga.ShellDirectory   : [DEBUG   ] read : [   14] [  962] (     resources_available.ncpus ... sources_available.ncpus = 24\n)
2014:09:06 21:52:23 9808   PilotLauncherWorker-1 saga.ShellDirectory   : [DEBUG   ] read : [   14] [  925] (     resources_available.ncpus ... sources_available.ncpus = 24\n)
2014:09:06 21:52:23 9808   PilotLauncherWorker-1 saga.ShellDirectory   : [DEBUG   ] read : [   14] [  925] (     resources_available.ncpus ... sources_available.ncpus = 24\n)
2014:09:06 21:52:23 9808   PilotLauncherWorker-1 saga.ShellDirectory   : [DEBUG   ] read : [   14] [  925] (     resources_available.ncpus ... sources_available.ncpus = 24\n)
2014:09:06 21:52:23 9808   PilotLauncherWorker-1 saga.ShellDirectory   : [DEBUG   ] read : [   14] [  999] (     resources_available.ncpus ... sources_available.ncpus = 24\n)
2014:09:06 21:52:23 9808   PilotLauncherWorker-1 saga.ShellDirectory   : [DEBUG   ] read : [   14] [  962] (     resources_available.ncpus ... sources_available.ncpus = 24\n)
2014:09:06 21:52:23 9808   PilotLauncherWorker-1 saga.ShellDirectory   : [DEBUG   ] read : [   14] [  962] (     resources_available.ncpus ... sources_available.ncpus = 24\n)
2014:09:06 21:52:23 9808   PilotLauncherWorker-1 saga.ShellDirectory   : [DEBUG   ] read : [   14] [  999] (     resources_available.ncpus ... sources_available.ncpus = 24\n)
2014:09:06 21:52:23 9808   PilotLauncherWorker-1 saga.ShellDirectory   : [DEBUG   ] read : [   14] [  999] (     resources_available.ncpus ... sources_available.ncpus = 24\n)
2014:09:06 21:52:23 9808   PilotLauncherWorker-1 saga.ShellDirectory   : [DEBUG   ] read : [   14] [  999] (     resources_available.ncpus ... sources_available.ncpus = 24\n)
2014:09:06 21:52:23 9808   PilotLauncherWorker-1 saga.ShellDirectory   : [DEBUG   ] read : [   14] [ 1024] (     resources_available.ncpus ...  24\n     resources_available.)
2014:09:06 21:52:23 9808   PilotLauncherWorker-1 saga.ShellDirectory   : [DEBUG   ] read : [   14] [ 1011] (ncpus = 24\n     resources_ava ... sources_available.ncpus = 24\n)
2014:09:06 21:52:23 9808   PilotLauncherWorker-1 saga.ShellDirectory   : [DEBUG   ] read : [   14] [ 1024] (     resources_available.ncpus ...  24\n     resources_available.)
2014:09:06 21:52:23 9808   PilotLauncherWorker-1 saga.ShellDirectory   : [DEBUG   ] read : [   14] [ 1024] (ncpus = 24\n     resources_ava ... able.ncpus = 24\n     resource)
2014:09:06 21:52:23 9808   PilotLauncherWorker-1 saga.ShellDirectory   : [DEBUG   ] read : [   14] [ 1024] (s_available.ncpus = 24\n     r ... ources_available.ncpus = 24\n )
2014:09:06 21:52:23 9808   PilotLauncherWorker-1 saga.ShellDirectory   : [DEBUG   ] read : [   14] [ 1024] (    resources_available.ncpus  ... 24\n     resources_available.n)
2014:09:06 21:52:23 9808   PilotLauncherWorker-1 saga.ShellDirectory   : [DEBUG   ] read : [   14] [ 1024] (cpus = 24\n     resources_avai ... ble.ncpus = 24\n     resources)
2014:09:06 21:52:23 9808   PilotLauncherWorker-1 saga.ShellDirectory   : [DEBUG   ] read : [   14] [ 1024] (_available.ncpus = 24\n     re ... urces_available.ncpus = 24\n  )
2014:09:06 21:52:23 9808   PilotLauncherWorker-1 saga.ShellDirectory   : [DEBUG   ] read : [   14] [ 1024] (   resources_available.ncpus = ... 4\n     resources_available.nc)
2014:09:06 21:52:23 9808   PilotLauncherWorker-1 saga.ShellDirectory   : [DEBUG   ] read : [   14] [ 1024] (pus = 24\n     resources_avail ... le.ncpus = 24\n     resources_)
2014:09:06 21:52:23 9808   PilotLauncherWorker-1 saga.ShellDirectory   : [DEBUG   ] read : [   14] [ 1024] (available.ncpus = 24\n     res ... rces_available.ncpus = 24\n   )
2014:09:06 21:52:23 9808   PilotLauncherWorker-1 saga.ShellDirectory   : [DEBUG   ] read : [   14] [ 1024] (  resources_available.ncpus =  ... \n     resources_available.ncp)
2014:09:06 21:52:23 9808   PilotLauncherWorker-1 saga.ShellDirectory   : [DEBUG   ] read : [   14] [ 1024] (us = 24\n     resources_availa ... e.ncpus = 24\n     resources_a)
2014:09:06 21:52:23 9808   PilotLauncherWorker-1 saga.ShellDirectory   : [DEBUG   ] read : [   14] [ 1024] (vailable.ncpus = 24\n     reso ... ces_available.ncpus = 24\n    )
2014:09:06 21:52:23 9808   PilotLauncherWorker-1 saga.ShellDirectory   : [DEBUG   ] read : [   14] [ 1024] ( resources_available.ncpus = 2 ... n     resources_available.ncpu)
2014:09:06 21:52:23 9808   PilotLauncherWorker-1 saga.ShellDirectory   : [DEBUG   ] read : [   14] [ 1024] (s = 24\n     resources_availab ... .ncpus = 24\n     resources_av)
2014:09:06 21:52:23 9808   PilotLauncherWorker-1 saga.ShellDirectory   : [DEBUG   ] read : [   14] [ 1024] (ailable.ncpus = 24\n     resou ... es_available.ncpus = 24\n     )
2014:09:06 21:52:23 9808   PilotLauncherWorker-1 saga.ShellDirectory   : [DEBUG   ] read : [   14] [ 1024] (resources_available.ncpus = 24 ...      resources_available.ncpus)
2014:09:06 21:52:23 9808   PilotLauncherWorker-1 saga.ShellDirectory   : [DEBUG   ] read : [   14] [ 1024] ( = 24\n     resources_availabl ... ncpus = 24\n     resources_ava)
2014:09:06 21:52:23 9808   PilotLauncherWorker-1 saga.ShellDirectory   : [DEBUG   ] read : [   14] [ 1024] (ilable.ncpus = 24\n     resour ... s_available.ncpus = 24\n     r)
2014:09:06 21:52:23 9808   PilotLauncherWorker-1 saga.ShellDirectory   : [DEBUG   ] read : [   14] [ 1024] (esources_available.ncpus = 24\ ...     resources_available.ncpus )
2014:09:06 21:52:23 9808   PilotLauncherWorker-1 saga.ShellDirectory   : [DEBUG   ] read : [   14] [ 1024] (= 24\n     resources_available ... cpus = 24\n     resources_avai)
2014:09:06 21:52:23 9808   PilotLauncherWorker-1 saga.ShellDirectory   : [DEBUG   ] read : [   14] [ 1024] (lable.ncpus = 24\n     resourc ... _available.ncpus = 24\n     re)
2014:09:06 21:52:23 9808   PilotLauncherWorker-1 saga.ShellDirectory   : [DEBUG   ] read : [   14] [ 1024] (sources_available.ncpus = 24\n ...    resources_available.ncpus =)
2014:09:06 21:52:23 9808   PilotLauncherWorker-1 saga.ShellDirectory   : [DEBUG   ] read : [   14] [ 1024] ( 24\n     resources_available. ... pus = 24\n     resources_avail)
2014:09:06 21:52:23 9808   PilotLauncherWorker-1 saga.ShellDirectory   : [DEBUG   ] read : [   14] [ 1024] (able.ncpus = 24\n     resource ... available.ncpus = 24\n     res)
2014:09:06 21:52:23 9808   PilotLauncherWorker-1 saga.ShellDirectory   : [DEBUG   ] read : [   14] [ 1024] (ources_available.ncpus = 24\n  ...   resources_available.ncpus = )
2014:09:06 21:52:23 9808   PilotLauncherWorker-1 saga.ShellDirectory   : [DEBUG   ] read : [   14] [ 1024] (24\n     resources_available.n ... us = 24\n     resources_availa)
2014:09:06 21:52:23 9808   PilotLauncherWorker-1 saga.ShellDirectory   : [DEBUG   ] read : [   14] [ 1024] (ble.ncpus = 24\n     resources ... vailable.ncpus = 24\n     reso)
2014:09:06 21:52:23 9808   PilotLauncherWorker-1 saga.ShellDirectory   : [DEBUG   ] read : [   14] [ 1024] (urces_available.ncpus = 24\n   ...  resources_available.ncpus = 2)
2014:09:06 21:52:23 9808   PilotLauncherWorker-1 saga.ShellDirectory   : [DEBUG   ] read : [   14] [ 1024] (4\n     resources_available.nc ... s = 24\n     resources_availab)
2014:09:06 21:52:23 9808   PilotLauncherWorker-1 saga.ShellDirectory   : [DEBUG   ] read : [   14] [ 1024] (le.ncpus = 24\n     resources_ ... ailable.ncpus = 24\n     resou)
2014:09:06 21:52:23 9808   PilotLauncherWorker-1 saga.ShellDirectory   : [DEBUG   ] read : [   14] [ 1024] (rces_available.ncpus = 24\n    ... resources_available.ncpus = 24)
2014:09:06 21:52:23 9808   PilotLauncherWorker-1 saga.ShellDirectory   : [DEBUG   ] read : [   14] [ 1024] (\n     resources_available.ncp ...  = 24\n     resources_availabl)
2014:09:06 21:52:23 9808   PilotLauncherWorker-1 saga.ShellDirectory   : [DEBUG   ] read : [   14] [ 1024] (e.ncpus = 24\n     resources_a ... ilable.ncpus = 24\n     resour)
2014:09:06 21:52:23 9808   PilotLauncherWorker-1 saga.ShellDirectory   : [DEBUG   ] read : [   14] [ 1023] (ces_available.ncpus = 24\n     ... resources_available.ncpus = 24)
2014:09:06 21:52:23 9808   PilotLauncherWorker-1 saga.ShellDirectory   : [DEBUG   ] read : [   14] [ 1025] (\n     resources_available.ncp ... = 24\n     resources_available)
2014:09:06 21:52:23 9808   PilotLauncherWorker-1 saga.ShellDirectory   : [DEBUG   ] read : [   14] [ 1024] (.ncpus = 24\n     resources_av ... lable.ncpus = 24\n     resourc)
2014:09:06 21:52:23 9808   PilotLauncherWorker-1 saga.ShellDirectory   : [DEBUG   ] read : [   14] [ 1024] (es_available.ncpus = 24\n      ... sources_available.ncpus = 24\n)
2014:09:06 21:52:23 9808   PilotLauncherWorker-1 saga.ShellDirectory   : [DEBUG   ] read : [   14] [ 1024] (     resources_available.ncpus ...  24\n     resources_available.)
2014:09:06 21:52:23 9808   PilotLauncherWorker-1 saga.ShellDirectory   : [DEBUG   ] read : [   14] [ 1024] (ncpus = 24\n     resources_ava ... able.ncpus = 24\n     resource)
2014:09:06 21:52:23 9808   PilotLauncherWorker-1 saga.ShellDirectory   : [DEBUG   ] read : [   14] [ 1024] (s_available.ncpus = 24\n     r ... ources_available.ncpus = 24\n )
2014:09:06 21:52:23 9808   PilotLauncherWorker-1 saga.ShellDirectory   : [DEBUG   ] read : [   14] [ 1024] (    resources_available.ncpus  ... 24\n     resources_available.n)
2014:09:06 21:52:23 9808   PilotLauncherWorker-1 saga.ShellDirectory   : [DEBUG   ] read : [   14] [ 1024] (cpus = 24\n     resources_avai ... ble.ncpus = 24\n     resources)
2014:09:06 21:52:23 9808   PilotLauncherWorker-1 saga.ShellDirectory   : [DEBUG   ] read : [   14] [ 1024] (_available.ncpus = 24\n     re ... urces_available.ncpus = 24\n  )
2014:09:06 21:52:23 9808   PilotLauncherWorker-1 saga.ShellDirectory   : [DEBUG   ] read : [   14] [ 1024] (   resources_available.ncpus = ... 4\n     resources_available.nc)
2014:09:06 21:52:23 9808   PilotLauncherWorker-1 saga.ShellDirectory   : [DEBUG   ] read : [   14] [ 1024] (pus = 24\n     resources_avail ... le.ncpus = 24\n     resources_)
2014:09:06 21:52:23 9808   PilotLauncherWorker-1 saga.ShellDirectory   : [DEBUG   ] read : [   14] [ 1024] (available.ncpus = 24\n     res ... rces_available.ncpus = 24\n   )
2014:09:06 21:52:23 9808   PilotLauncherWorker-1 saga.ShellDirectory   : [DEBUG   ] read : [   14] [ 1024] (  resources_available.ncpus =  ... \n     resources_available.ncp)
2014:09:06 21:52:23 9808   PilotLauncherWorker-1 saga.ShellDirectory   : [DEBUG   ] read : [   14] [ 1024] (us = 24\n     resources_availa ... e.ncpus = 24\n     resources_a)
2014:09:06 21:52:23 9808   PilotLauncherWorker-1 saga.ShellDirectory   : [DEBUG   ] read : [   14] [  685] (vailable.ncpus = 24\n     reso ... resources_available.ncpus = 24)
2014:09:06 21:52:23 9808   PilotLauncherWorker-1 saga.ShellDirectory   : [DEBUG   ] read : [   14] [ 1024] (\n     resources_available.ncp ...  = 24\n     resources_availabl)
2014:09:06 21:52:23 9808   PilotLauncherWorker-1 saga.ShellDirectory   : [DEBUG   ] read : [   14] [ 1024] (e.ncpus = 24\n     resources_a ... ilable.ncpus = 24\n     resour)
2014:09:06 21:52:23 9808   PilotLauncherWorker-1 saga.ShellDirectory   : [DEBUG   ] read : [   14] [ 1023] (ces_available.ncpus = 24\n     ... resources_available.ncpus = 24)
2014:09:06 21:52:23 9808   PilotLauncherWorker-1 saga.ShellDirectory   : [DEBUG   ] read : [   14] [ 1025] (\n     resources_available.ncp ... = 24\n     resources_available)
2014:09:06 21:52:23 9808   PilotLauncherWorker-1 saga.ShellDirectory   : [DEBUG   ] read : [   14] [ 1024] (.ncpus = 24\n     resources_av ... lable.ncpus = 24\n     resourc)
2014:09:06 21:52:23 9808   PilotLauncherWorker-1 saga.ShellDirectory   : [DEBUG   ] read : [   14] [ 1024] (es_available.ncpus = 24\n      ... sources_available.ncpus = 24\n)
2014:09:06 21:52:23 9808   PilotLauncherWorker-1 saga.ShellDirectory   : [DEBUG   ] read : [   14] [ 1024] (     resources_available.ncpus ...  24\n     resources_available.)
2014:09:06 21:52:23 9808   PilotLauncherWorker-1 saga.ShellDirectory   : [DEBUG   ] read : [   14] [ 1024] (ncpus = 24\n     resources_ava ... able.ncpus = 24\n     resource)
2014:09:06 21:52:23 9808   PilotLauncherWorker-1 saga.ShellDirectory   : [DEBUG   ] read : [   14] [ 1024] (s_available.ncpus = 24\n     r ... ources_available.ncpus = 24\n )
2014:09:06 21:52:23 9808   PilotLauncherWorker-1 saga.ShellDirectory   : [DEBUG   ] read : [   14] [ 1024] (    resources_available.ncpus  ... 24\n     resources_available.n)
2014:09:06 21:52:23 9808   PilotLauncherWorker-1 saga.ShellDirectory   : [DEBUG   ] read : [   14] [ 1024] (cpus = 24\n     resources_avai ... ble.ncpus = 24\n     resources)
2014:09:06 21:52:23 9808   PilotLauncherWorker-1 saga.ShellDirectory   : [DEBUG   ] read : [   14] [ 1024] (_available.ncpus = 24\n     re ... urces_available.ncpus = 24\n  )
2014:09:06 21:52:23 9808   PilotLauncherWorker-1 saga.ShellDirectory   : [DEBUG   ] read : [   14] [ 1024] (   resources_available.ncpus = ... 4\n     resources_available.nc)
2014:09:06 21:52:23 9808   PilotLauncherWorker-1 saga.ShellDirectory   : [DEBUG   ] read : [   14] [ 1024] (pus = 24\n     resources_avail ... le.ncpus = 24\n     resources_)
2014:09:06 21:52:23 9808   PilotLauncherWorker-1 saga.ShellDirectory   : [DEBUG   ] read : [   14] [ 1024] (available.ncpus = 24\n     res ... rces_available.ncpus = 24\n   )
2014:09:06 21:52:23 9808   PilotLauncherWorker-1 saga.ShellDirectory   : [DEBUG   ] read : [   14] [ 1024] (  resources_available.ncpus =  ... \n     resources_available.ncp)
2014:09:06 21:52:23 9808   PilotLauncherWorker-1 saga.ShellDirectory   : [DEBUG   ] read : [   14] [ 1024] (us = 24\n     resources_availa ... e.ncpus = 24\n     resources_a)
2014:09:06 21:52:23 9808   PilotLauncherWorker-1 saga.ShellDirectory   : [DEBUG   ] read : [   14] [ 1024] (vailable.ncpus = 24\n     reso ... ces_available.ncpus = 24\n    )
2014:09:06 21:52:23 9808   PilotLauncherWorker-1 saga.ShellDirectory   : [DEBUG   ] read : [   14] [ 1024] ( resources_available.ncpus = 2 ... n     resources_available.ncpu)
2014:09:06 21:52:23 9808   PilotLauncherWorker-1 saga.ShellDirectory   : [DEBUG   ] read : [   14] [ 1024] (s = 24\n     resources_availab ... .ncpus = 24\n     resources_av)
2014:09:06 21:52:23 9808   PilotLauncherWorker-1 saga.ShellDirectory   : [DEBUG   ] read : [   14] [ 1024] (ailable.ncpus = 24\n     resou ... es_available.ncpus = 24\n     )
2014:09:06 21:52:23 9808   PilotLauncherWorker-1 saga.ShellDirectory   : [DEBUG   ] read : [   14] [ 1024] (resources_available.ncpus = 24 ...      resources_available.ncpus)
2014:09:06 21:52:23 9808   PilotLauncherWorker-1 saga.ShellDirectory   : [DEBUG   ] read : [   14] [ 1024] ( = 24\n     resources_availabl ... ncpus = 24\n     resources_ava)
2014:09:06 21:52:23 9808   PilotLauncherWorker-1 saga.ShellDirectory   : [DEBUG   ] read : [   14] [ 1024] (ilable.ncpus = 24\n     resour ... s_available.ncpus = 24\n     r)
2014:09:06 21:52:23 9808   PilotLauncherWorker-1 saga.ShellDirectory   : [DEBUG   ] read : [   14] [ 1024] (esources_available.ncpus = 24\ ...     resources_available.ncpus )
2014:09:06 21:52:23 9808   PilotLauncherWorker-1 saga.ShellDirectory   : [DEBUG   ] read : [   14] [ 1024] (= 24\n     resources_available ... cpus = 24\n     resources_avai)
2014:09:06 21:52:23 9808   PilotLauncherWorker-1 saga.ShellDirectory   : [DEBUG   ] read : [   14] [ 1024] (lable.ncpus = 24\n     resourc ... _available.ncpus = 24\n     re)
2014:09:06 21:52:23 9808   PilotLauncherWorker-1 saga.ShellDirectory   : [DEBUG   ] read : [   14] [  768] (sources_available.ncpus = 24\n ... resources_available.ncpus = 24)
2014:09:06 21:52:23 9808   PilotLauncherWorker-1 saga.ShellDirectory   : [DEBUG   ] read : [   14] [ 1024] (\n     resources_available.ncp ...  = 24\n     resources_availabl)
2014:09:06 21:52:23 9808   PilotLauncherWorker-1 saga.ShellDirectory   : [DEBUG   ] read : [   14] [ 1024] (e.ncpus = 24\n     resources_a ... ilable.ncpus = 24\n     resour)
2014:09:06 21:52:23 9808   PilotLauncherWorker-1 saga.ShellDirectory   : [DEBUG   ] read : [   14] [ 1023] (ces_available.ncpus = 24\n     ... resources_available.ncpus = 24)
2014:09:06 21:52:23 9808   PilotLauncherWorker-1 saga.ShellDirectory   : [DEBUG   ] read : [   14] [ 1025] (\n     resources_available.ncp ... = 24\n     resources_available)
2014:09:06 21:52:23 9808   PilotLauncherWorker-1 saga.ShellDirectory   : [DEBUG   ] read : [   14] [ 1024] (.ncpus = 24\n     resources_av ... lable.ncpus = 24\n     resourc)
2014:09:06 21:52:23 9808   PilotLauncherWorker-1 saga.ShellDirectory   : [DEBUG   ] read : [   14] [ 1024] (es_available.ncpus = 24\n      ... sources_available.ncpus = 24\n)
2014:09:06 21:52:23 9808   PilotLauncherWorker-1 saga.ShellDirectory   : [DEBUG   ] read : [   14] [ 1024] (     resources_available.ncpus ...  24\n     resources_available.)
2014:09:06 21:52:23 9808   PilotLauncherWorker-1 saga.ShellDirectory   : [DEBUG   ] read : [   14] [ 1024] (ncpus = 24\n     resources_ava ... able.ncpus = 24\n     resource)
2014:09:06 21:52:23 9808   PilotLauncherWorker-1 saga.ShellDirectory   : [DEBUG   ] read : [   14] [  949] (s_available.ncpus = 24\n     r ... sources_available.ncpus = 24\n)
2014:09:06 21:52:23 9808   PilotLauncherWorker-1 saga.ShellDirectory   : [DEBUG   ] read : [   14] [   74] (     resources_available.ncpus = 24\n     resources_available.ncpus = 24\n)
2014:09:06 21:52:23 9808   PilotLauncherWorker-1 saga.ShellDirectory   : [DEBUG   ] read : [   14] [   10] (PROMPT-0->)
2014:09:06 21:52:23 9808   PilotLauncherWorker-1 saga.PBSJobService    : [DEBUG   ] Found the following 'ppn' configurations: {16: 5, 80: 2, 24: 3008}.     Using 24 as default ppn.
2014:09:06 21:52:23 radical.pilot.MainProcess: [INFO    ] request cleanup for pilot 540b73fe2fab7b26500a4a07
2014:09:06 21:52:23 radical.pilot.MainProcess: [DEBUG   ] Bootstrap command line: /bin/bash ['-l', 'default_bootstrapper.sh', "-n radicalpilot -s 540b73fc2fab7b26500a4a05 -p 540b73fe2fab7b26500a4a07 -t 5 -d 10 -c 1 -v 0.19 -m ec2-184-72-89-141.compute-1.amazonaws.com:27017  -e 'module load python'  -g /fs4/e290/shared/shared_pilot_ve_20140703  -l PBSPRO  -j APRUN  -k APRUN  -f 10.60.0.52  -x luve"]
2014:09:06 21:52:23 radical.pilot.MainProcess: [DEBUG   ] Submitting SAGA job with description: {'Queue': 'standard', 'Executable': '/bin/bash', 'WorkingDirectory': '/home/e290/e290/antonst/radical.pilot.sandbox/pilot-540b73fe2fab7b26500a4a07', 'Project': 'e290', 'WallTimeLimit': 5, 'Arguments': ['-l', 'default_bootstrapper.sh', "-n radicalpilot -s 540b73fc2fab7b26500a4a05 -p 540b73fe2fab7b26500a4a07 -t 5 -d 10 -c 1 -v 0.19 -m ec2-184-72-89-141.compute-1.amazonaws.com:27017  -e 'module load python'  -g /fs4/e290/shared/shared_pilot_ve_20140703  -l PBSPRO  -j APRUN  -k APRUN  -f 10.60.0.52  -x luve"], 'Error': 'AGENT.STDERR', 'Output': 'AGENT.STDOUT', 'TotalCPUCount': 1}
2014:09:06 21:52:23 9808   PilotLauncherWorker-1 saga.PBSJobService    : [INFO    ] Using Cray XT (e.g. Archer) specific '#PBS -l select=xx' flags (PBSPro_12).
2014:09:06 21:52:23 9808   PilotLauncherWorker-1 saga.PBSJobService    : [INFO    ] Generated PBS script: 
#!/bin/bash 
#PBS -o /home/e290/e290/antonst/radical.pilot.sandbox/pilot-540b73fe2fab7b26500a4a07/AGENT.STDOUT 
#PBS -e /home/e290/e290/antonst/radical.pilot.sandbox/pilot-540b73fe2fab7b26500a4a07/AGENT.STDERR 
#PBS -l walltime=0:5:00 
#PBS -q standard 
#PBS -A e290 
#PBS -l select=1
export    PBS_O_WORKDIR=/home/e290/e290/antonst/radical.pilot.sandbox/pilot-540b73fe2fab7b26500a4a07 
mkdir -p  /home/e290/e290/antonst/radical.pilot.sandbox/pilot-540b73fe2fab7b26500a4a07
cd        /home/e290/e290/antonst/radical.pilot.sandbox/pilot-540b73fe2fab7b26500a4a07
/bin/bash -l default_bootstrapper.sh -n radicalpilot -s 540b73fc2fab7b26500a4a05 -p 540b73fe2fab7b26500a4a07 -t 5 -d 10 -c 1 -v 0.19 -m ec2-184-72-89-141.compute-1.amazonaws.com:27017  -e 'module load python'  -g /fs4/e290/shared/shared_pilot_ve_20140703  -l PBSPRO  -j APRUN  -k APRUN  -f 10.60.0.52  -x luve 
2014:09:06 21:52:23 9808   PilotLauncherWorker-1 saga.PBSJobService    : [INFO    ] Creating working directory /home/e290/e290/antonst/radical.pilot.sandbox/pilot-540b73fe2fab7b26500a4a07
2014:09:06 21:52:23 9808   PilotLauncherWorker-1 saga.PTYShell         : [DEBUG   ] run_sync: mkdir -p /home/e290/e290/antonst/radical.pilot.sandbox/pilot-540b73fe2fab7b26500a4a07
2014:09:06 21:52:23 9808   PilotLauncherWorker-1 saga.ShellDirectory   : [DEBUG   ] write: [   14] [   86] (mkdir -p /home/e290/e290/antonst/radical.pilot.sandbox/pilot-540b73fe2fab7b26500a4a07\n)
2014:09:06 21:52:23 9808   PilotLauncherWorker-1 saga.ShellDirectory   : [DEBUG   ] read : [   14] [   10] (PROMPT-0->)
2014:09:06 21:52:23 9808   PilotLauncherWorker-1 saga.PTYShell         : [DEBUG   ] run_sync: SCRIPTFILE=`mktemp -t SAGA-Python-PBSJobScript.XXXXXX` &&  echo "
#!/bin/bash 
#PBS -o /home/e290/e290/antonst/radical.pilot.sandbox/pilot-540b73fe2fab7b26500a4a07/AGENT.STDOUT 
#PBS -e /home/e290/e290/antonst/radical.pilot.sandbox/pilot-540b73fe2fab7b26500a4a07/AGENT.STDERR 
#PBS -l walltime=0:5:00 
#PBS -q standard 
#PBS -A e290 
#PBS -l select=1
export    PBS_O_WORKDIR=/home/e290/e290/antonst/radical.pilot.sandbox/pilot-540b73fe2fab7b26500a4a07 
mkdir -p  /home/e290/e290/antonst/radical.pilot.sandbox/pilot-540b73fe2fab7b26500a4a07
cd        /home/e290/e290/antonst/radical.pilot.sandbox/pilot-540b73fe2fab7b26500a4a07
/bin/bash -l default_bootstrapper.sh -n radicalpilot -s 540b73fc2fab7b26500a4a05 -p 540b73fe2fab7b26500a4a07 -t 5 -d 10 -c 1 -v 0.19 -m ec2-184-72-89-141.compute-1.amazonaws.com:27017  -e 'module load python'  -g /fs4/e290/shared/shared_pilot_ve_20140703  -l PBSPRO  -j APRUN  -k APRUN  -f 10.60.0.52  -x luve " > $SCRIPTFILE && /opt/pbs/12.1.400.132424/bin/qsub $SCRIPTFILE && rm -f $SCRIPTFILE
2014:09:06 21:52:23 9808   PilotLauncherWorker-1 saga.ShellDirectory   : [DEBUG   ] write: [   14] [ 1023] (SCRIPTFILE=`mktemp -t SAGA-Pyt ... IPTFILE && rm -f $SCRIPTFILE\n)
2014:09:06 21:52:23 9808   PilotLauncherWorker-1 saga.ShellDirectory   : [DEBUG   ] read : [   14] [   12] (540563.sdb\n)
2014:09:06 21:52:23 9808   PilotLauncherWorker-1 saga.ShellDirectory   : [DEBUG   ] read : [   14] [   10] (PROMPT-0->)
2014:09:06 21:52:23 9808   PilotLauncherWorker-1 saga.PBSJobService    : [INFO    ] Submitted PBS job with id: [pbs://localhost]-[540563]
2014:09:06 21:52:23 9808   PilotLauncherWorker-1 saga.PBSJobService    : [INFO    ] assign job id  None / [pbs://localhost]-[540563] / None to watch list (['[pbs://localhost]-[540563]'])
2014:09:06 21:52:23 radical.pilot.MainProcess: [DEBUG   ] SAGA job submitted with job id [pbs://localhost]-[540563]
2014:09:06 21:52:33 9808   PilotLauncherWorker-1 saga.PBSJobService    : [INFO    ] Job monitoring thread stopped.
2014:09:06 21:52:33 radical.pilot.MainProcess: [INFO    ] ComputePilot '540b73fe2fab7b26500a4a07' state changed from 'Launching' to 'PendingActive'.
2014:09:06 21:52:38 radical.pilot.MainProcess: [INFO    ] ComputePilot '540b73fe2fab7b26500a4a07' state changed from 'PendingActive' to 'Active'.
2014:09:06 21:52:39 radical.pilot.MainProcess: [INFO    ] RUN ComputeUnit '540b73fe2fab7b26500a4a0c' state changed from 'PendingExecution' to 'Scheduling'.
2014:09:06 21:52:39 radical.pilot.MainProcess: [INFO    ] RUN ComputeUnit '540b73fe2fab7b26500a4a0c' state changed from 'Scheduling' to 'Executing'.
2014:09:06 21:52:39 radical.pilot.MainProcess: [INFO    ] RUN ComputeUnit '540b73fe2fab7b26500a4a0f' state changed from 'PendingExecution' to 'Scheduling'.
2014:09:06 21:52:39 radical.pilot.MainProcess: [INFO    ] RUN ComputeUnit '540b73fe2fab7b26500a4a0f' state changed from 'Scheduling' to 'Executing'.
2014:09:06 21:52:39 radical.pilot.MainProcess: [INFO    ] RUN ComputeUnit '540b73fe2fab7b26500a4a0a' state changed from 'PendingExecution' to 'Scheduling'.
2014:09:06 21:52:40 radical.pilot.MainProcess: [INFO    ] RUN ComputeUnit '540b73fe2fab7b26500a4a0a' state changed from 'Scheduling' to 'Executing'.
2014:09:06 21:52:40 radical.pilot.MainProcess: [INFO    ] RUN ComputeUnit '540b73fe2fab7b26500a4a0d' state changed from 'PendingExecution' to 'Executing'.
2014:09:06 21:52:40 radical.pilot.MainProcess: [INFO    ] RUN ComputeUnit '540b73fe2fab7b26500a4a11' state changed from 'PendingExecution' to 'Scheduling'.
2014:09:06 21:52:40 radical.pilot.MainProcess: [INFO    ] RUN ComputeUnit '540b73fe2fab7b26500a4a11' state changed from 'Scheduling' to 'Executing'.
2014:09:06 21:52:40 radical.pilot.MainProcess: [INFO    ] RUN ComputeUnit '540b73fe2fab7b26500a4a10' state changed from 'PendingExecution' to 'Executing'.
2014:09:06 21:52:40 radical.pilot.MainProcess: [INFO    ] RUN ComputeUnit '540b73fe2fab7b26500a4a0c' state changed from 'Executing' to 'Failed'.
2014:09:06 21:52:40 radical.pilot.MainProcess: [INFO    ] Sent 'COMMAND_CANCEL_PILOT' command to all pilots.
2014:09:06 21:52:41 radical.pilot.MainProcess: [INFO    ] ComputePilot '540b73fe2fab7b26500a4a07' state changed from 'Active' to 'Canceled'.
2014:09:06 21:52:41 radical.pilot.MainProcess: [INFO    ] Sent 'COMMAND_CANCEL_PILOT' command to all pilots.
2014:09:06 21:52:41 radical.pilot.MainProcess: [DEBUG   ] PilotManager.close(): PilotLauncherWorker-1 terminated.
2014:09:06 21:52:41 radical.pilot.MainProcess: [DEBUG   ] Worker thread (ID: Thread-1[46912624559872]) for PilotManager 540b73fe2fab7b26500a4a06 stopped.
2014:09:06 21:52:41 radical.pilot.MainProcess: [INFO    ] Closed PilotManager 540b73fe2fab7b26500a4a06.
2014:09:06 21:52:41 radical.pilot.MainProcess: [DEBUG   ] Worker thread (ID: Thread-3[46912635066112]) for UnitManager 540b73fe2fab7b26500a4a08 stopped.
2014:09:06 21:52:41 radical.pilot.MainProcess: [INFO    ] Closed UnitManager 540b73fe2fab7b26500a4a08.
2014:09:06 21:52:42 radical.pilot.MainProcess: [INFO    ] Deleted session 540b73fc2fab7b26500a4a05 from database.
2014:09:06 21:52:42 radical.pilot.MainProcess: [INFO    ] Closed Session 540b73fc2fab7b26500a4a05.
Initializing Pilot Manager ...
Submitting Compute Pilot to Pilot Manager ...
Initializing Unit Manager ...
Registering Compute Pilot with Unit Manager ...
Submit Compute Units to Unit Manager ...
[Callback]: ComputePilot '540b73fe2fab7b26500a4a07' state: Launching.
[Callback]: ComputeUnit  '540b73fe2fab7b26500a4a0c' state: PendingExecution.
[Callback]: ComputeUnit  '540b73fe2fab7b26500a4a0f' state: PendingExecution.
[Callback]: ComputeUnit  '540b73fe2fab7b26500a4a0a' state: PendingExecution.
[Callback]: ComputeUnit  '540b73fe2fab7b26500a4a0d' state: PendingExecution.
[Callback]: ComputeUnit  '540b73fe2fab7b26500a4a11' state: PendingExecution.
[Callback]: ComputeUnit  '540b73fe2fab7b26500a4a10' state: PendingExecution.
[Callback]: ComputeUnit  '540b73fe2fab7b26500a4a0b' state: PendingExecution.
[Callback]: ComputeUnit  '540b73fe2fab7b26500a4a12' state: PendingExecution.
[Callback]: ComputeUnit  '540b73fe2fab7b26500a4a0e' state: PendingExecution.
Waiting for CUs to complete ...
[Callback]: ComputeUnit  '540b73fe2fab7b26500a4a09' state: PendingExecution.
[Callback]: ComputePilot '540b73fe2fab7b26500a4a07' state: PendingActive.
[Callback]: ComputePilot '540b73fe2fab7b26500a4a07' state: Active.
[Callback]: ComputeUnit  '540b73fe2fab7b26500a4a0c' state: Scheduling.
[Callback]: ComputeUnit  '540b73fe2fab7b26500a4a0c' state: Executing.
[Callback]: ComputeUnit  '540b73fe2fab7b26500a4a0f' state: Scheduling.
[Callback]: ComputeUnit  '540b73fe2fab7b26500a4a0f' state: Executing.
[Callback]: ComputeUnit  '540b73fe2fab7b26500a4a0a' state: Scheduling.
[Callback]: ComputeUnit  '540b73fe2fab7b26500a4a0a' state: Executing.
[Callback]: ComputeUnit  '540b73fe2fab7b26500a4a0d' state: Executing.
[Callback]: ComputeUnit  '540b73fe2fab7b26500a4a11' state: Scheduling.
[Callback]: ComputeUnit  '540b73fe2fab7b26500a4a11' state: Executing.
[Callback]: ComputeUnit  '540b73fe2fab7b26500a4a10' state: Executing.
[Callback]: ComputeUnit  '540b73fe2fab7b26500a4a0c' state: Failed.
unit manager controller thread caught system exit -- forcing application shutdown
Execution was interrupted
Closing session, exiting now ...
[Callback]: ComputePilot '540b73fe2fab7b26500a4a07' state: Canceled.
